Mon 30/03/2015 
03:18 p.m.
$PROB WARFARIN PKPD

;O'REILLY RA, AGGELER PM. STUDIES ON COUMARIN ANTICOAGULANT DRUGS
;INITIATION OF WARFARIN THERAPY WITHOUT A LOADING DOSE.
;CIRCULATION 1968;38:169-177
;
;O'REILLY RA, AGGELER PM, LEONG LS. STUDIES OF THE COUMARIN ANTICOAGULANT
;DRUGS: THE PHARMACODYNAMICS OF WARFARIN IN MAN.
;JOURNAL OF CLINICAL INVESTIGATION 1963;42(10):1542-1551

$INPUT ID TIME WT AGE SEX DVID DV MDV EVID CMTX AMT
$DATA ..\ka1_to_emax1_simln.csv

$EST MAX=9990 NSIG=3 SIGL=9 PRINT=1
METHOD=COND INTER NOABORT
$COV

$THETA
(0.01,0.131,1) FIX ; POP_CL L/H/70KG
(0.01,8.06,20) FIX ; POP_V L/70KG
(0.01,0.944,24) FIX ; POP_TABS H
(0.01,1.03,24) FIX ; POP_LAG H
$OMEGA
0.0649 FIX ; PPV_CL
0.0201 FIX ; PPV_V
0.447 FIX ; PPV_TABS
0.311 FIX ; PPV_LAG
$SIGMA 0.00478 FIX ; RUV_CV
$SIGMA 0.135 FIX ; RUV_SD MG/L

$THETA
(0.01,96.2,200) ; POP_E0
(-INF,-73.5,0) ; POP_EMAX
(0.01,0.164,100) ; POP_C50
$OMEGA
0.00025 ; PPV_E0
0.00101 ; PPV_EMAX
1.15 ; PPV_C50
$SIGMA 56.1 ; RUV_FX

$SUBR ADVAN2 TRAN2

$PK

   IF (NEWIND.EQ.0) LN2=LOG(2)

   FSZV=WT/70
   FSZCL=FSZV**0.75

   CL=FSZCL*THETA(1)*EXP(ETA(1))
   V=FSZV*THETA(2)*EXP(ETA(2))
   TABS=THETA(3)*EXP(ETA(3))
   TLAG=THETA(4)*EXP(ETA(4))

   KA=LN2/TABS
   ALAG1=TLAG
   S2=V

   E0=THETA(5)*EXP(ETA(5))
   EMAX=THETA(6)*EXP(ETA(6))
   C50=THETA(7)*EXP(ETA(7))

   DLTA=E0+EMAX

$ERROR

   CP=A(2)/S2
   PCA=E0 + EMAX*CP/(C50+CP)
   IF (DVID.LE.1) THEN
      Y=CP*(1+ERR(1)) + ERR(2)
   ENDIF
   IF (DVID.EQ.2) THEN
      Y=PCA + ERR(3)
   ENDIF

   CE=CP

$TABLE ID TIME DVID CP CE PCA Y
ETA1 ETA2 ETA3 ETA4 ETA5 ETA6 ETA7
ONEHEADER NOPRINT FILE=ka1_im_emax_est.fit



  
NM-TRAN MESSAGES 
  
 WARNINGS AND ERRORS (IF ANY) FOR PROBLEM    1
             
 (WARNING  2) NM-TRAN INFERS THAT THE DATA ARE POPULATION.
             
 (WARNING  3) THERE MAY BE AN ERROR IN THE ABBREVIATED CODE. THE FOLLOWING
 ONE OR MORE RANDOM VARIABLES ARE DEFINED WITH "IF" STATEMENTS THAT DO NOT
 PROVIDE DEFINITIONS FOR BOTH THE "THEN" AND "ELSE" CASES. IF ALL
 CONDITIONS FAIL, THE VALUES OF THESE VARIABLES WILL BE ZERO.
  
   Y

License Registered to: University of Auckland - School of Medicine
Expiration Date:    14 NOV 2015
Current Date:       30 MAR 2015
Days until program expires : 224
1NONLINEAR MIXED EFFECTS MODEL PROGRAM (NONMEM) VERSION 7.3.0
 ORIGINALLY DEVELOPED BY STUART BEAL, LEWIS SHEINER, AND ALISON BOECKMANN
 CURRENT DEVELOPERS ARE ROBERT BAUER, ICON DEVELOPMENT SOLUTIONS,
 AND ALISON BOECKMANN. IMPLEMENTATION, EFFICIENCY, AND STANDARDIZATION
 PERFORMED BY NOUS INFOSYSTEMS.

 PROBLEM NO.:         1
 WARFARIN PKPD
0DATA CHECKOUT RUN:              NO
 DATA SET LOCATED ON UNIT NO.:    2
 THIS UNIT TO BE REWOUND:        NO
 NO. OF DATA RECS IN DATA SET:      526
 NO. OF DATA ITEMS IN DATA SET:  11
 ID DATA ITEM IS DATA ITEM NO.:   1
 DEP VARIABLE IS DATA ITEM NO.:   7
 MDV DATA ITEM IS DATA ITEM NO.:  8
0INDICES PASSED TO SUBROUTINE PRED:
   9   2  11   0   0   0   0   0   0   0   0
0LABELS FOR DATA ITEMS:
 ID TIME WT AGE SEX DVID DV MDV EVID CMTX AMT
0(NONBLANK) LABELS FOR PRED-DEFINED ITEMS:
 CP PCA Y CE
0FORMAT FOR DATA:
 (E3.0,E4.0,E5.0,E3.0,2E2.0,E10.0,3E2.0,E5.0)

 TOT. NO. OF OBS RECS:      483
 TOT. NO. OF INDIVIDUALS:     32
0LENGTH OF THETA:   7
0DEFAULT THETA BOUNDARY TEST OMITTED:    NO
0OMEGA HAS BLOCK FORM:
  1
  0  2
  0  0  3
  0  0  0  4
  0  0  0  0  5
  0  0  0  0  0  6
  0  0  0  0  0  0  7
0DEFAULT OMEGA BOUNDARY TEST OMITTED:    NO
0SIGMA HAS BLOCK FORM:
  1
  0  2
  0  0  3
0DEFAULT SIGMA BOUNDARY TEST OMITTED:    NO
0INITIAL ESTIMATE OF THETA:
 LOWER BOUND    INITIAL EST    UPPER BOUND
  0.1310E+00     0.1310E+00     0.1310E+00
  0.8060E+01     0.8060E+01     0.8060E+01
  0.9440E+00     0.9440E+00     0.9440E+00
  0.1030E+01     0.1030E+01     0.1030E+01
  0.1000E-01     0.9620E+02     0.2000E+03
 -0.1000E+07    -0.7350E+02     0.0000E+00
  0.1000E-01     0.1640E+00     0.1000E+03
0INITIAL ESTIMATE OF OMEGA:
 BLOCK SET NO.   BLOCK                                                                    FIXED
        1                                                                                  YES
                  0.6490E-01
        2                                                                                  YES
                  0.2010E-01
        3                                                                                  YES
                  0.4470E+00
        4                                                                                  YES
                  0.3110E+00
        5                                                                                   NO
                  0.2500E-03
        6                                                                                   NO
                  0.1010E-02
        7                                                                                   NO
                  0.1150E+01
0INITIAL ESTIMATE OF SIGMA:
 BLOCK SET NO.   BLOCK                                                                    FIXED
        1                                                                                  YES
                  0.4780E-02
        2                                                                                  YES
                  0.1350E+00
        3                                                                                   NO
                  0.5610E+02
0COVARIANCE STEP OMITTED:        NO
 EIGENVLS. PRINTED:              NO
 SPECIAL COMPUTATION:            NO
 COMPRESSED FORMAT:              NO
 SIGDIGITS ETAHAT (SIGLO):                  -1
 SIGDIGITS GRADIENTS (SIGL):                -1
 RELATIVE TOLERANCE (TOL):                  -1
 ABSOLUTE TOLERANCE-ADVAN 9,13 ONLY (ATOL): -1
 EXCLUDE COV FOR FOCE (NOFCOV):              NO
 RESUME COV ANALYSIS (RESUME):               NO
0TABLES STEP OMITTED:    NO
 NO. OF TABLES:           1
 SEED NUMBER (SEED):    11456
 RANMETHOD:
 MC SAMPLES (ESEED):    300
 WRES SQUARE ROOT TYPE:            EIGENVALUE
0-- TABLE   1 --
 PRINTED:                NO
 HEADER:                YES
 FILE TO BE FORWARDED:   NO
 FORMAT:                S1PE11.4
 LFORMAT:
 RFORMAT:
0USER-CHOSEN ITEMS:
 ID TIME DVID CP CE PCA Y ETA1 ETA2 ETA3 ETA4 ETA5 ETA6 ETA7
1DOUBLE PRECISION PREDPP VERSION 7.3.0

 ONE COMPARTMENT MODEL WITH FIRST-ORDER ABSORPTION (ADVAN2)
0MAXIMUM NO. OF BASIC PK PARAMETERS:   3
0BASIC PK PARAMETERS (AFTER TRANSLATION):
   ELIMINATION RATE (K) IS BASIC PK PARAMETER NO.:  1
   ABSORPTION RATE (KA) IS BASIC PK PARAMETER NO.:  3

 TRANSLATOR WILL CONVERT PARAMETERS
 CLEARANCE (CL) AND VOLUME (V) TO K (TRANS2)
0COMPARTMENT ATTRIBUTES
 COMPT. NO.   FUNCTION   INITIAL    ON/OFF      DOSE      DEFAULT    DEFAULT
                         STATUS     ALLOWED    ALLOWED    FOR DOSE   FOR OBS.
    1         DEPOT        OFF        YES        YES        YES        NO
    2         CENTRAL      ON         NO         YES        NO         YES
    3         OUTPUT       OFF        YES        NO         NO         NO
1
 ADDITIONAL PK PARAMETERS - ASSIGNMENT OF ROWS IN GG
 COMPT. NO.                             INDICES
              SCALE      BIOAVAIL.   ZERO-ORDER  ZERO-ORDER  ABSORB
                         FRACTION    RATE        DURATION    LAG
    1            *           *           *           *           4
    2            5           *           *           *           *
    3            *           -           -           -           -
             - PARAMETER IS NOT ALLOWED FOR THIS MODEL
             * PARAMETER IS NOT SUPPLIED BY PK SUBROUTINE;
               WILL DEFAULT TO ONE IF APPLICABLE
0DATA ITEM INDICES USED BY PRED ARE:
   EVENT ID DATA ITEM IS DATA ITEM NO.:      9
   TIME DATA ITEM IS DATA ITEM NO.:          2
   DOSE AMOUNT DATA ITEM IS DATA ITEM NO.:  11

0PK SUBROUTINE CALLED WITH EVERY EVENT RECORD.
 PK SUBROUTINE NOT CALLED AT NONEVENT (ADDITIONAL OR LAGGED) DOSE TIMES.
0ERROR SUBROUTINE CALLED WITH EVERY EVENT RECORD.
0ERROR SUBROUTINE INDICATES THAT DERIVATIVES OF COMPARTMENT AMOUNTS ARE USED.
1


 #TBLN:      1
 #METH: First Order Conditional Estimation with Interaction

 ESTIMATION STEP OMITTED:                 NO  
 ANALYSIS TYPE:                           POPULATION
 CONDITIONAL ESTIMATES USED:              YES 
 CENTERED ETA:                            NO  
 EPS-ETA INTERACTION:                     YES 
 LAPLACIAN OBJ. FUNC.:                    NO  
 NO. OF FUNCT. EVALS. ALLOWED:            9990
 NO. OF SIG. FIGURES REQUIRED:            3
 INTERMEDIATE PRINTOUT:                   YES 
 ESTIMATE OUTPUT TO MSF:                  NO  
 ABORT WITH PRED EXIT CODE 1:             NO  
 IND. OBJ. FUNC. VALUES SORTED:           NO  
 NUMERICAL DERIVATIVE 
       FILE REQUEST (NUMDER):             NONE
 MAP (ETAHAT) ESTIMATION METHOD (OPTMAP): 0           
 ETA HESSIAN EVALUATION METHOD (ETADER):  0           
 INITIAL ETA FOR MAP ESTIMATION (MCETA):  0           
 SIGDIGITS FOR MAP ESTIMATION (SIGLO):    9           
 GRADIENT SIGDIGITS OF 
       FIXED EFFECTS PARAMETERS (SIGL):   9           
 EXCLUDE TITLE (NOTITLE):                 NO 
 EXCLUDE COLUMN LABELS (NOLABEL):         NO 
 NOPRIOR SETTING (NOPRIOR):               OFF
 NOCOV SETTING (NOCOV):                   OFF
 DERCONT SETTING (DERCONT):               OFF
 ABSOLUTE TOLERANCE-ADVAN 9,13 ONLY(ATOL):-100        
 FINAL ETA RE-EVALUATION (FNLETA):        ON 
 EXCLUDE NON-INFLUENTIAL (NON-INFL.) ETAS 
       IN SHRINKAGE (ETASTYPE):           NO 
 NON-INFL. ETA CORRECTION (NONINFETA):    OFF
 FORMAT FOR ADDITIONAL FILES (FORMAT):    S1PE12.5
 PARAMETER ORDER FOR OUTPUTS (ORDER):     TSOL
 ADDITIONAL CONVERGENCE TEST (CTYPE=4)?:  NO
 EM OR BAYESIAN METHOD USED:                NONE


 THE FOLLOWING LABELS ARE EQUIVALENT
 PRED=PREDI
 RES=RESI
 WRES=WRESI
 IWRS=IWRESI
 IPRD=IPREDI
 IRS=IRESI

 MONITORING OF SEARCH:


0ITERATION NO.:    0    OBJECTIVE VALUE:   1400.77073106604        NO. OF FUNC. EVALS.:   6
 CUMULATIVE NO. OF FUNC. EVALS.:        6
 NPARAMETR:  9.6200E+01 -7.3500E+01  1.6400E-01  2.5000E-04  1.0100E-03  1.1500E+00  5.6100E+01
 PARAMETER:  1.0000E-01  1.0000E-01  1.0000E-01  1.0000E-01  1.0000E-01  1.0000E-01  1.0000E-01
 GRADIENT:   1.2505E-01  1.0000E+00 -1.3388E+00 -5.3824E-02 -1.4024E-02  6.9283E-01  2.3353E+00

0ITERATION NO.:    1    OBJECTIVE VALUE:   1400.76820199450        NO. OF FUNC. EVALS.:  11
 CUMULATIVE NO. OF FUNC. EVALS.:       17
 NPARAMETR:  9.6197E+01 -7.3535E+01  1.6410E-01  2.5001E-04  1.0100E-03  1.1492E+00  5.5976E+01
 PARAMETER:  9.9941E-02  9.9526E-02  1.0063E-01  1.0003E-01  1.0001E-01  9.9672E-02  9.8894E-02
 GRADIENT:  -4.5829E+00 -6.0090E+00 -1.3822E+00 -4.4466E-02  7.3096E-03  7.2345E-01  1.5230E+00

0ITERATION NO.:    2    OBJECTIVE VALUE:   1400.76812936729        NO. OF FUNC. EVALS.:  12
 CUMULATIVE NO. OF FUNC. EVALS.:       29
 NPARAMETR:  9.6201E+01 -7.3527E+01  1.6410E-01  2.5001E-04  1.0100E-03  1.1492E+00  5.5973E+01
 PARAMETER:  1.0002E-01  9.9626E-02  1.0066E-01  1.0003E-01  1.0001E-01  9.9660E-02  9.8869E-02
 GRADIENT:  -2.9574E+00 -3.8357E+00 -1.3481E+00 -4.9181E-02 -2.8543E-03  7.1099E-01  1.4905E+00

0ITERATION NO.:    3    OBJECTIVE VALUE:   1400.76812936729        NO. OF FUNC. EVALS.:  16
 CUMULATIVE NO. OF FUNC. EVALS.:       45
 NPARAMETR:  9.6201E+01 -7.3527E+01  1.6410E-01  2.5001E-04  1.0100E-03  1.1492E+00  5.5973E+01
 PARAMETER:  1.0002E-01  9.9626E-02  1.0066E-01  1.0003E-01  1.0001E-01  9.9660E-02  9.8869E-02
 GRADIENT:  -3.9911E+00 -5.5349E+00 -1.3617E+00 -4.9181E-02 -2.8543E-03  7.1099E-01  1.4443E+00

0ITERATION NO.:    4    OBJECTIVE VALUE:   1400.76774346740        NO. OF FUNC. EVALS.:  28
 CUMULATIVE NO. OF FUNC. EVALS.:       73             RESET HESSIAN, TYPE I
 NPARAMETR:  9.6191E+01 -7.3526E+01  1.6323E-01  2.4997E-04  1.0098E-03  1.1495E+00  5.6148E+01
 PARAMETER:  9.9824E-02  9.9641E-02  9.4996E-02  9.9949E-02  9.9903E-02  9.9777E-02  1.0043E-01
 GRADIENT:  -5.7020E+00 -7.0030E+00 -1.5850E+00 -3.6406E-02  2.3413E-02  6.3589E-01  2.7472E+00

0ITERATION NO.:    5    OBJECTIVE VALUE:   1400.76764718516        NO. OF FUNC. EVALS.:   7
 CUMULATIVE NO. OF FUNC. EVALS.:       80
 NPARAMETR:  9.6192E+01 -7.3526E+01  1.6334E-01  2.4997E-04  1.0098E-03  1.1495E+00  5.6143E+01
 PARAMETER:  9.9835E-02  9.9645E-02  9.5679E-02  9.9949E-02  9.9901E-02  9.9777E-02  1.0038E-01
 GRADIENT:  -5.4561E+00 -6.6867E+00 -1.5686E+00 -3.7379E-02  2.1856E-02  6.4702E-01  2.7001E+00

0ITERATION NO.:    6    OBJECTIVE VALUE:   1400.76763954035        NO. OF FUNC. EVALS.:  11
 CUMULATIVE NO. OF FUNC. EVALS.:       91
 NPARAMETR:  9.6192E+01 -7.3526E+01  1.6339E-01  2.4997E-04  1.0098E-03  1.1495E+00  5.6141E+01
 PARAMETER:  9.9830E-02  9.9643E-02  9.5995E-02  9.9950E-02  9.9903E-02  9.9777E-02  1.0037E-01
 GRADIENT:  -5.4674E+00 -6.6914E+00 -1.5640E+00 -3.7479E-02  2.1916E-02  6.5298E-01  2.6865E+00

0ITERATION NO.:    7    OBJECTIVE VALUE:   1400.76763954035        NO. OF FUNC. EVALS.:  17
 CUMULATIVE NO. OF FUNC. EVALS.:      108
 NPARAMETR:  9.6192E+01 -7.3526E+01  1.6339E-01  2.4997E-04  1.0098E-03  1.1495E+00  5.6141E+01
 PARAMETER:  9.9830E-02  9.9643E-02  9.5995E-02  9.9950E-02  9.9903E-02  9.9777E-02  1.0037E-01
 GRADIENT:  -6.4979E+00 -8.3855E+00 -1.5775E+00 -3.7479E-02  2.1916E-02  6.5298E-01  2.6402E+00

0ITERATION NO.:    8    OBJECTIVE VALUE:   1400.76745876714        NO. OF FUNC. EVALS.:  29
 CUMULATIVE NO. OF FUNC. EVALS.:      137             RESET HESSIAN, TYPE I
 NPARAMETR:  9.6189E+01 -7.3500E+01  1.6338E-01  2.4993E-04  1.0091E-03  1.1494E+00  5.6135E+01
 PARAMETER:  9.9787E-02  1.0001E-01  9.5946E-02  9.9854E-02  9.9544E-02  9.9733E-02  1.0031E-01
 GRADIENT:  -2.4084E+00 -1.8509E+00 -1.4922E+00 -5.0248E-02 -5.8969E-03  6.1739E-01  2.6101E+00

0ITERATION NO.:    9    OBJECTIVE VALUE:   1400.76745876714        NO. OF FUNC. EVALS.:  11
 CUMULATIVE NO. OF FUNC. EVALS.:      148
 NPARAMETR:  9.6189E+01 -7.3500E+01  1.6338E-01  2.4993E-04  1.0091E-03  1.1494E+00  5.6135E+01
 PARAMETER:  9.9787E-02  1.0001E-01  9.5946E-02  9.9854E-02  9.9544E-02  9.9733E-02  1.0031E-01
 GRADIENT:  -3.4389E+00 -3.5445E+00 -1.5057E+00 -5.0248E-02 -5.8969E-03  6.1739E-01  2.5638E+00

0ITERATION NO.:   10    OBJECTIVE VALUE:   1400.76713432172        NO. OF FUNC. EVALS.:  24
 CUMULATIVE NO. OF FUNC. EVALS.:      172             RESET HESSIAN, TYPE I
 NPARAMETR:  9.6181E+01 -7.3507E+01  1.6328E-01  2.4991E-04  1.0090E-03  1.1495E+00  5.6076E+01
 PARAMETER:  9.9613E-02  9.9901E-02  9.5311E-02  9.9813E-02  9.9497E-02  9.9793E-02  9.9786E-02
 GRADIENT:  -4.8926E+00 -4.9886E+00 -1.5073E+00 -4.6178E-02  1.1774E-03  6.1887E-01  2.2363E+00

0ITERATION NO.:   11    OBJECTIVE VALUE:   1400.76713432172        NO. OF FUNC. EVALS.:  11
 CUMULATIVE NO. OF FUNC. EVALS.:      183
 NPARAMETR:  9.6181E+01 -7.3507E+01  1.6328E-01  2.4991E-04  1.0090E-03  1.1495E+00  5.6076E+01
 PARAMETER:  9.9613E-02  9.9901E-02  9.5311E-02  9.9813E-02  9.9497E-02  9.9793E-02  9.9786E-02
 GRADIENT:  -5.9242E+00 -6.6840E+00 -1.5208E+00 -4.6178E-02  1.1774E-03  6.1887E-01  2.1902E+00

0ITERATION NO.:   12    OBJECTIVE VALUE:   1400.76705914962        NO. OF FUNC. EVALS.:  11
 CUMULATIVE NO. OF FUNC. EVALS.:      194
 NPARAMETR:  9.6181E+01 -7.3504E+01  1.6328E-01  2.4990E-04  1.0089E-03  1.1496E+00  5.6054E+01
 PARAMETER:  9.9624E-02  9.9941E-02  9.5284E-02  9.9796E-02  9.9476E-02  9.9819E-02  9.9586E-02
 GRADIENT:  -5.4172E+00 -5.9692E+00 -1.4970E+00 -4.8735E-02 -4.7177E-03  6.1347E-01  2.0340E+00

0ITERATION NO.:   13    OBJECTIVE VALUE:   1400.76703464670        NO. OF FUNC. EVALS.:  11
 CUMULATIVE NO. OF FUNC. EVALS.:      205
 NPARAMETR:  9.6179E+01 -7.3502E+01  1.6340E-01  2.4988E-04  1.0090E-03  1.1497E+00  5.6016E+01
 PARAMETER:  9.9571E-02  9.9970E-02  9.6067E-02  9.9755E-02  9.9487E-02  9.9888E-02  9.9253E-02
 GRADIENT:  -5.4319E+00 -5.8228E+00 -1.4638E+00 -5.0925E-02 -9.1565E-03  6.2670E-01  1.7713E+00

0ITERATION NO.:   14    OBJECTIVE VALUE:   1400.76698789851        NO. OF FUNC. EVALS.:  11
 CUMULATIVE NO. OF FUNC. EVALS.:      216
 NPARAMETR:  9.6176E+01 -7.3494E+01  1.6377E-01  2.4983E-04  1.0091E-03  1.1501E+00  5.5992E+01
 PARAMETER:  9.9527E-02  1.0008E-01  9.8489E-02  9.9658E-02  9.9572E-02  1.0006E-01  9.9034E-02
 GRADIENT:  -4.3843E+00 -4.0998E+00 -1.4012E+00 -5.6458E-02 -1.8520E-02  6.6768E-01  1.5670E+00

0ITERATION NO.:   15    OBJECTIVE VALUE:   1400.76659174947        NO. OF FUNC. EVALS.:  26
 CUMULATIVE NO. OF FUNC. EVALS.:      242             RESET HESSIAN, TYPE I
 NPARAMETR:  9.6174E+01 -7.3498E+01  1.6330E-01  2.4981E-04  1.0093E-03  1.1503E+00  5.6063E+01
 PARAMETER:  9.9474E-02  1.0002E-01  9.5418E-02  9.9626E-02  9.9672E-02  1.0012E-01  9.9672E-02
 GRADIENT:  -4.9745E+00 -4.5560E+00 -1.5054E+00 -4.8585E-02 -2.6018E-03  6.2908E-01  2.1422E+00

0ITERATION NO.:   16    OBJECTIVE VALUE:   1400.76656171095        NO. OF FUNC. EVALS.:   7
 CUMULATIVE NO. OF FUNC. EVALS.:      249
 NPARAMETR:  9.6174E+01 -7.3498E+01  1.6344E-01  2.4981E-04  1.0094E-03  1.1503E+00  5.6070E+01
 PARAMETER:  9.9480E-02  1.0002E-01  9.6356E-02  9.9620E-02  9.9693E-02  1.0013E-01  9.9730E-02
 GRADIENT:  -4.8352E+00 -4.3744E+00 -1.4966E+00 -4.8826E-02 -2.0339E-03  6.4729E-01  2.1747E+00

0ITERATION NO.:   17    OBJECTIVE VALUE:   1400.76656171095        NO. OF FUNC. EVALS.:  14
 CUMULATIVE NO. OF FUNC. EVALS.:      263
 NPARAMETR:  9.6174E+01 -7.3498E+01  1.6344E-01  2.4981E-04  1.0094E-03  1.1503E+00  5.6070E+01
 PARAMETER:  9.9480E-02  1.0002E-01  9.6356E-02  9.9620E-02  9.9693E-02  1.0013E-01  9.9730E-02
 GRADIENT:  -5.8670E+00 -6.0699E+00 -1.5101E+00 -4.8826E-02 -2.0339E-03  6.4729E-01  2.1285E+00

0ITERATION NO.:   18    OBJECTIVE VALUE:   1400.76638300174        NO. OF FUNC. EVALS.:  26
 CUMULATIVE NO. OF FUNC. EVALS.:      289             RESET HESSIAN, TYPE I
 NPARAMETR:  9.6180E+01 -7.3495E+01  1.6342E-01  2.4977E-04  1.0092E-03  1.1506E+00  5.6069E+01
 PARAMETER:  9.9595E-02  1.0007E-01  9.6243E-02  9.9542E-02  9.9590E-02  1.0025E-01  9.9728E-02
 GRADIENT:  -3.3964E+00 -2.6255E+00 -1.4766E+00 -5.3176E-02 -1.1055E-02  6.4225E-01  2.1604E+00

0ITERATION NO.:   19    OBJECTIVE VALUE:   1400.76638300174        NO. OF FUNC. EVALS.:  15
 CUMULATIVE NO. OF FUNC. EVALS.:      304
 NPARAMETR:  9.6180E+01 -7.3495E+01  1.6342E-01  2.4977E-04  1.0092E-03  1.1506E+00  5.6069E+01
 PARAMETER:  9.9595E-02  1.0007E-01  9.6243E-02  9.9542E-02  9.9590E-02  1.0025E-01  9.9728E-02
 GRADIENT:  -4.4281E+00 -4.3218E+00 -1.4902E+00 -5.3176E-02 -1.1055E-02  6.4225E-01  2.1142E+00

0ITERATION NO.:   20    OBJECTIVE VALUE:   1400.76637957661        NO. OF FUNC. EVALS.:  27
 CUMULATIVE NO. OF FUNC. EVALS.:      331             RESET HESSIAN, TYPE I
 NPARAMETR:  9.6179E+01 -7.3495E+01  1.6300E-01  2.4977E-04  1.0092E-03  1.1506E+00  5.6069E+01
 PARAMETER:  9.9589E-02  1.0007E-01  9.3455E-02  9.9538E-02  9.9600E-02  1.0026E-01  9.9728E-02
 GRADIENT:  -3.8921E+00 -3.3135E+00 -1.5195E+00 -5.1246E-02 -9.5081E-03  5.9264E-01  2.1941E+00

0ITERATION NO.:   21    OBJECTIVE VALUE:   1400.76621624186        NO. OF FUNC. EVALS.:   9
 CUMULATIVE NO. OF FUNC. EVALS.:      340
 NPARAMETR:  9.6176E+01 -7.3500E+01  1.6340E-01  2.4974E-04  1.0095E-03  1.1508E+00  5.6063E+01
 PARAMETER:  9.9521E-02  1.0000E-01  9.6106E-02  9.9485E-02  9.9762E-02  1.0035E-01  9.9673E-02
 GRADIENT:  -4.7049E+00 -4.3315E+00 -1.5021E+00 -4.9470E-02 -2.8201E-03  6.5259E-01  2.1312E+00

0ITERATION NO.:   22    OBJECTIVE VALUE:   1400.76618828400        NO. OF FUNC. EVALS.:  10
 CUMULATIVE NO. OF FUNC. EVALS.:      350
 NPARAMETR:  9.6176E+01 -7.3500E+01  1.6353E-01  2.4973E-04  1.0095E-03  1.1509E+00  5.6062E+01
 PARAMETER:  9.9522E-02  1.0000E-01  9.6971E-02  9.9465E-02  9.9763E-02  1.0038E-01  9.9658E-02
 GRADIENT:  -4.6192E+00 -4.2155E+00 -1.4906E+00 -5.0027E-02 -3.0734E-03  6.6995E-01  2.1098E+00

0ITERATION NO.:   23    OBJECTIVE VALUE:   1400.76618601796        NO. OF FUNC. EVALS.:  11
 CUMULATIVE NO. OF FUNC. EVALS.:      361
 NPARAMETR:  9.6176E+01 -7.3500E+01  1.6359E-01  2.4973E-04  1.0095E-03  1.1509E+00  5.6061E+01
 PARAMETER:  9.9521E-02  9.9996E-02  9.7337E-02  9.9457E-02  9.9763E-02  1.0039E-01  9.9655E-02
 GRADIENT:  -4.6104E+00 -4.2037E+00 -1.4865E+00 -5.0170E-02 -2.9728E-03  6.7748E-01  2.1033E+00

0ITERATION NO.:   24    OBJECTIVE VALUE:   1400.76618601796        NO. OF FUNC. EVALS.:  17
 CUMULATIVE NO. OF FUNC. EVALS.:      378
 NPARAMETR:  9.6176E+01 -7.3500E+01  1.6359E-01  2.4973E-04  1.0095E-03  1.1509E+00  5.6061E+01
 PARAMETER:  9.9521E-02  9.9996E-02  9.7337E-02  9.9457E-02  9.9763E-02  1.0039E-01  9.9655E-02
 GRADIENT:  -5.6423E+00 -5.8991E+00 -1.5001E+00 -5.0170E-02 -2.9728E-03  6.7748E-01  2.0571E+00

0ITERATION NO.:   25    OBJECTIVE VALUE:   1400.76617838869        NO. OF FUNC. EVALS.:  29
 CUMULATIVE NO. OF FUNC. EVALS.:      407             RESET HESSIAN, TYPE I
 NPARAMETR:  9.6177E+01 -7.3499E+01  1.6347E-01  2.4971E-04  1.0094E-03  1.1509E+00  5.6059E+01
 PARAMETER:  9.9545E-02  1.0001E-01  9.6572E-02  9.9419E-02  9.9711E-02  1.0037E-01  9.9630E-02
 GRADIENT:  -4.3412E+00 -3.8803E+00 -1.4877E+00 -5.1019E-02 -5.7055E-03  6.5993E-01  2.0901E+00

0ITERATION NO.:   26    OBJECTIVE VALUE:   1400.76617838869        NO. OF FUNC. EVALS.:  11
 CUMULATIVE NO. OF FUNC. EVALS.:      418
 NPARAMETR:  9.6177E+01 -7.3499E+01  1.6347E-01  2.4971E-04  1.0094E-03  1.1509E+00  5.6059E+01
 PARAMETER:  9.9545E-02  1.0001E-01  9.6572E-02  9.9419E-02  9.9711E-02  1.0037E-01  9.9630E-02
 GRADIENT:  -5.3732E+00 -5.5760E+00 -1.5012E+00 -5.1019E-02 -5.7055E-03  6.5993E-01  2.0439E+00

0ITERATION NO.:   27    OBJECTIVE VALUE:   1400.76614085126        NO. OF FUNC. EVALS.:  23
 CUMULATIVE NO. OF FUNC. EVALS.:      441             RESET HESSIAN, TYPE I
 NPARAMETR:  9.6178E+01 -7.3498E+01  1.6276E-01  2.4967E-04  1.0092E-03  1.1511E+00  5.6069E+01
 PARAMETER:  9.9568E-02  1.0002E-01  9.1890E-02  9.9344E-02  9.9623E-02  1.0049E-01  9.9728E-02
 GRADIENT:  -4.7307E+00 -4.4725E+00 -1.5631E+00 -4.9340E-02 -5.7883E-03  5.7953E-01  2.2139E+00

0ITERATION NO.:   28    OBJECTIVE VALUE:   1400.76599965106        NO. OF FUNC. EVALS.:   8
 CUMULATIVE NO. OF FUNC. EVALS.:      449
 NPARAMETR:  9.6179E+01 -7.3498E+01  1.6303E-01  2.4967E-04  1.0092E-03  1.1511E+00  5.6066E+01
 PARAMETER:  9.9572E-02  1.0003E-01  9.3699E-02  9.9343E-02  9.9622E-02  1.0049E-01  9.9694E-02
 GRADIENT:  -4.4052E+00 -4.0253E+00 -1.5327E+00 -5.0702E-02 -7.1153E-03  6.1187E-01  2.1665E+00

0ITERATION NO.:   29    OBJECTIVE VALUE:   1400.76599948532        NO. OF FUNC. EVALS.:   8
 CUMULATIVE NO. OF FUNC. EVALS.:      457
 NPARAMETR:  9.6177E+01 -7.3500E+01  1.6349E-01  2.4967E-04  1.0093E-03  1.1511E+00  5.6061E+01
 PARAMETER:  9.9546E-02  1.0000E-01  9.6662E-02  9.9346E-02  9.9639E-02  1.0049E-01  9.9650E-02
 GRADIENT:  -4.4557E+00 -4.0520E+00 -1.4953E+00 -5.1257E-02 -5.5688E-03  6.6850E-01  2.1023E+00

0ITERATION NO.:   30    OBJECTIVE VALUE:   1400.76599948532        NO. OF FUNC. EVALS.:  17
 CUMULATIVE NO. OF FUNC. EVALS.:      474
 NPARAMETR:  9.6177E+01 -7.3500E+01  1.6349E-01  2.4967E-04  1.0093E-03  1.1511E+00  5.6061E+01
 PARAMETER:  9.9546E-02  1.0000E-01  9.6662E-02  9.9346E-02  9.9639E-02  1.0049E-01  9.9650E-02
 GRADIENT:  -5.4877E+00 -5.7475E+00 -1.5089E+00 -5.1257E-02 -5.5688E-03  6.6850E-01  2.0562E+00

0ITERATION NO.:   31    OBJECTIVE VALUE:   1400.76580751055        NO. OF FUNC. EVALS.:  29
 CUMULATIVE NO. OF FUNC. EVALS.:      503             RESET HESSIAN, TYPE I
 NPARAMETR:  9.6179E+01 -7.3498E+01  1.6304E-01  2.4964E-04  1.0091E-03  1.1514E+00  5.6066E+01
 PARAMETER:  9.9579E-02  1.0002E-01  9.3751E-02  9.9270E-02  9.9550E-02  1.0061E-01  9.9693E-02
 GRADIENT:  -4.4033E+00 -4.0414E+00 -1.5366E+00 -5.1339E-02 -7.9516E-03  6.1859E-01  2.1627E+00

0ITERATION NO.:   32    OBJECTIVE VALUE:   1400.76577619587        NO. OF FUNC. EVALS.:   8
 CUMULATIVE NO. OF FUNC. EVALS.:      511
 NPARAMETR:  9.6179E+01 -7.3498E+01  1.6321E-01  2.4963E-04  1.0091E-03  1.1514E+00  5.6063E+01
 PARAMETER:  9.9584E-02  1.0003E-01  9.4834E-02  9.9268E-02  9.9548E-02  1.0062E-01  9.9674E-02
 GRADIENT:  -4.1734E+00 -3.7295E+00 -1.5181E+00 -5.2269E-02 -8.9583E-03  6.3775E-01  2.1344E+00

0ITERATION NO.:   33    OBJECTIVE VALUE:   1400.76577534549        NO. OF FUNC. EVALS.:  11
 CUMULATIVE NO. OF FUNC. EVALS.:      522
 NPARAMETR:  9.6179E+01 -7.3498E+01  1.6326E-01  2.4963E-04  1.0091E-03  1.1514E+00  5.6063E+01
 PARAMETER:  9.9581E-02  1.0002E-01  9.5205E-02  9.9269E-02  9.9550E-02  1.0062E-01  9.9668E-02
 GRADIENT:  -4.1777E+00 -3.7305E+00 -1.5134E+00 -5.2349E-02 -8.7867E-03  6.4484E-01  2.1259E+00

0ITERATION NO.:   34    OBJECTIVE VALUE:   1400.76577534549        NO. OF FUNC. EVALS.:  16
 CUMULATIVE NO. OF FUNC. EVALS.:      538
 NPARAMETR:  9.6179E+01 -7.3498E+01  1.6326E-01  2.4963E-04  1.0091E-03  1.1514E+00  5.6063E+01
 PARAMETER:  9.9581E-02  1.0002E-01  9.5205E-02  9.9269E-02  9.9550E-02  1.0062E-01  9.9668E-02
 GRADIENT:  -5.2096E+00 -5.4264E+00 -1.5270E+00 -5.2349E-02 -8.7867E-03  6.4484E-01  2.0797E+00

0ITERATION NO.:   35    OBJECTIVE VALUE:   1400.76540510606        NO. OF FUNC. EVALS.:  29
 CUMULATIVE NO. OF FUNC. EVALS.:      567             RESET HESSIAN, TYPE I
 NPARAMETR:  9.6180E+01 -7.3498E+01  1.6322E-01  2.4956E-04  1.0090E-03  1.1520E+00  5.6072E+01
 PARAMETER:  9.9591E-02  1.0003E-01  9.4882E-02  9.9123E-02  9.9499E-02  1.0086E-01  9.9748E-02
 GRADIENT:  -4.1480E+00 -3.6967E+00 -1.5323E+00 -5.3064E-02 -9.3683E-03  6.5038E-01  2.1850E+00

0ITERATION NO.:   36    OBJECTIVE VALUE:   1400.76540510606        NO. OF FUNC. EVALS.:  12
 CUMULATIVE NO. OF FUNC. EVALS.:      579
 NPARAMETR:  9.6180E+01 -7.3498E+01  1.6322E-01  2.4956E-04  1.0090E-03  1.1520E+00  5.6072E+01
 PARAMETER:  9.9591E-02  1.0003E-01  9.4882E-02  9.9123E-02  9.9499E-02  1.0086E-01  9.9748E-02
 GRADIENT:  -5.1797E+00 -5.3924E+00 -1.5458E+00 -5.3064E-02 -9.3683E-03  6.5038E-01  2.1388E+00

0ITERATION NO.:   37    OBJECTIVE VALUE:   1400.76150950175        NO. OF FUNC. EVALS.:  27
 CUMULATIVE NO. OF FUNC. EVALS.:      606             RESET HESSIAN, TYPE I
 NPARAMETR:  9.6173E+01 -7.3505E+01  1.6207E-01  2.4836E-04  1.0057E-03  1.1609E+00  5.5893E+01
 PARAMETER:  9.9465E-02  9.9937E-02  8.7367E-02  9.6711E-02  9.7885E-02  1.0472E-01  9.8148E-02
 GRADIENT:  -7.4388E+00 -8.0096E+00 -1.7066E+00 -6.9136E-02 -3.8566E-02  6.9141E-01  9.9169E-01

0ITERATION NO.:   38    OBJECTIVE VALUE:   1400.76115406086        NO. OF FUNC. EVALS.:   8
 CUMULATIVE NO. OF FUNC. EVALS.:      614
 NPARAMETR:  9.6174E+01 -7.3504E+01  1.6220E-01  2.4830E-04  1.0056E-03  1.1613E+00  5.5883E+01
 PARAMETER:  9.9471E-02  9.9940E-02  8.8218E-02  9.6590E-02  9.7808E-02  1.0491E-01  9.8066E-02
 GRADIENT:  -7.2526E+00 -7.7559E+00 -1.6950E+00 -7.1117E-02 -4.1350E-02  7.1479E-01  9.1515E-01

0ITERATION NO.:   39    OBJECTIVE VALUE:   1400.76103440652        NO. OF FUNC. EVALS.:  10
 CUMULATIVE NO. OF FUNC. EVALS.:      624
 NPARAMETR:  9.6173E+01 -7.3505E+01  1.6227E-01  2.4828E-04  1.0055E-03  1.1615E+00  5.5880E+01
 PARAMETER:  9.9468E-02  9.9937E-02  8.8711E-02  9.6542E-02  9.7788E-02  1.0499E-01  9.8034E-02
 GRADIENT:  -7.2406E+00 -7.7336E+00 -1.6900E+00 -7.1742E-02 -4.1933E-02  7.2752E-01  8.8318E-01

0ITERATION NO.:   40    OBJECTIVE VALUE:   1400.76103440652        NO. OF FUNC. EVALS.:  17
 CUMULATIVE NO. OF FUNC. EVALS.:      641
 NPARAMETR:  9.6173E+01 -7.3505E+01  1.6227E-01  2.4828E-04  1.0055E-03  1.1615E+00  5.5880E+01
 PARAMETER:  9.9468E-02  9.9937E-02  8.8711E-02  9.6542E-02  9.7788E-02  1.0499E-01  9.8034E-02
 GRADIENT:  -8.2759E+00 -9.4351E+00 -1.7035E+00 -7.1742E-02 -4.1933E-02  7.2752E-01  8.3686E-01

0ITERATION NO.:   41    OBJECTIVE VALUE:   1400.76091244686        NO. OF FUNC. EVALS.:  29
 CUMULATIVE NO. OF FUNC. EVALS.:      670             RESET HESSIAN, TYPE I
 NPARAMETR:  9.6172E+01 -7.3469E+01  1.6227E-01  2.4838E-04  1.0059E-03  1.1614E+00  5.5875E+01
 PARAMETER:  9.9430E-02  1.0043E-01  8.8662E-02  9.6742E-02  9.7988E-02  1.0494E-01  9.7988E-02
 GRADIENT:  -2.9591E+00 -1.0517E+00 -1.5938E+00 -8.5725E-02 -7.2616E-02  6.8113E-01  8.0982E-01

0ITERATION NO.:   42    OBJECTIVE VALUE:   1400.76091244686        NO. OF FUNC. EVALS.:  16
 CUMULATIVE NO. OF FUNC. EVALS.:      686
 NPARAMETR:  9.6172E+01 -7.3469E+01  1.6227E-01  2.4838E-04  1.0059E-03  1.1614E+00  5.5875E+01
 PARAMETER:  9.9430E-02  1.0043E-01  8.8662E-02  9.6742E-02  9.7988E-02  1.0494E-01  9.7988E-02
 GRADIENT:  -3.9945E+00 -2.7592E+00 -1.6074E+00 -8.5725E-02 -7.2616E-02  6.8113E-01  7.6349E-01

0ITERATION NO.:   43    OBJECTIVE VALUE:   1400.76075747455        NO. OF FUNC. EVALS.:  30
 CUMULATIVE NO. OF FUNC. EVALS.:      716             RESET HESSIAN, TYPE I
 NPARAMETR:  9.6170E+01 -7.3472E+01  1.6232E-01  2.4839E-04  1.0060E-03  1.1615E+00  5.5874E+01
 PARAMETER:  9.9399E-02  1.0038E-01  8.8998E-02  9.6767E-02  9.8013E-02  1.0496E-01  9.7983E-02
 GRADIENT:  -3.5859E+00 -1.8887E+00 -1.6022E+00 -8.3896E-02 -6.8261E-02  6.9286E-01  8.0775E-01

0ITERATION NO.:   44    OBJECTIVE VALUE:   1400.76075606603        NO. OF FUNC. EVALS.:  12
 CUMULATIVE NO. OF FUNC. EVALS.:      728
 NPARAMETR:  9.6170E+01 -7.3472E+01  1.6233E-01  2.4839E-04  1.0060E-03  1.1615E+00  5.5874E+01
 PARAMETER:  9.9399E-02  1.0038E-01  8.9098E-02  9.6768E-02  9.8013E-02  1.0496E-01  9.7983E-02
 GRADIENT:  -3.5683E+00 -1.8646E+00 -1.6007E+00 -8.3965E-02 -6.8310E-02  6.9465E-01  8.0653E-01

0ITERATION NO.:   45    OBJECTIVE VALUE:   1400.76075606603        NO. OF FUNC. EVALS.:  18
 CUMULATIVE NO. OF FUNC. EVALS.:      746
 NPARAMETR:  9.6170E+01 -7.3472E+01  1.6233E-01  2.4839E-04  1.0060E-03  1.1615E+00  5.5874E+01
 PARAMETER:  9.9399E-02  1.0038E-01  8.9098E-02  9.6768E-02  9.8013E-02  1.0496E-01  9.7983E-02
 GRADIENT:  -4.6037E+00 -3.5715E+00 -1.6143E+00 -8.3965E-02 -6.8310E-02  6.9465E-01  7.6020E-01

0ITERATION NO.:   46    OBJECTIVE VALUE:   1400.76075358820        NO. OF FUNC. EVALS.:  30
 CUMULATIVE NO. OF FUNC. EVALS.:      776             RESET HESSIAN, TYPE I
 NPARAMETR:  9.6169E+01 -7.3474E+01  1.6233E-01  2.4844E-04  1.0062E-03  1.1614E+00  5.5872E+01
 PARAMETER:  9.9373E-02  1.0035E-01  8.9073E-02  9.6868E-02  9.8113E-02  1.0493E-01  9.7960E-02
 GRADIENT:  -4.0765E+00 -2.5411E+00 -1.6078E+00 -8.1969E-02 -6.4194E-02  6.9666E-01  7.9653E-01

0ITERATION NO.:   47    OBJECTIVE VALUE:   1400.76075358820        NO. OF FUNC. EVALS.:  11
 CUMULATIVE NO. OF FUNC. EVALS.:      787
 NPARAMETR:  9.6169E+01 -7.3474E+01  1.6233E-01  2.4844E-04  1.0062E-03  1.1614E+00  5.5872E+01
 PARAMETER:  9.9373E-02  1.0035E-01  8.9073E-02  9.6868E-02  9.8113E-02  1.0493E-01  9.7960E-02
 GRADIENT:  -5.1119E+00 -4.2477E+00 -1.6213E+00 -8.1969E-02 -6.4194E-02  6.9666E-01  7.5020E-01

0ITERATION NO.:   48    OBJECTIVE VALUE:   1400.76074010416        NO. OF FUNC. EVALS.:  25
 CUMULATIVE NO. OF FUNC. EVALS.:      812             RESET HESSIAN, TYPE I
 NPARAMETR:  9.6169E+01 -7.3475E+01  1.6237E-01  2.4845E-04  1.0062E-03  1.1614E+00  5.5871E+01
 PARAMETER:  9.9370E-02  1.0034E-01  8.9347E-02  9.6893E-02  9.8138E-02  1.0493E-01  9.7955E-02
 GRADIENT:  -4.2164E+00 -2.7481E+00 -1.6070E+00 -8.1420E-02 -6.2773E-02  7.0291E-01  7.9131E-01

0ITERATION NO.:   49    OBJECTIVE VALUE:   1400.76074010416        NO. OF FUNC. EVALS.:  17
 CUMULATIVE NO. OF FUNC. EVALS.:      829
 NPARAMETR:  9.6169E+01 -7.3475E+01  1.6237E-01  2.4845E-04  1.0062E-03  1.1614E+00  5.5871E+01
 PARAMETER:  9.9370E-02  1.0034E-01  8.9347E-02  9.6893E-02  9.8138E-02  1.0493E-01  9.7955E-02
 GRADIENT:  -5.2518E+00 -4.4544E+00 -1.6205E+00 -8.1420E-02 -6.2773E-02  7.0291E-01  7.4499E-01

0ITERATION NO.:   50    OBJECTIVE VALUE:   1400.76074010416        NO. OF FUNC. EVALS.:  25
 CUMULATIVE NO. OF FUNC. EVALS.:      854
 NPARAMETR:  9.6167E+01 -7.3479E+01  1.6237E-01  2.4850E-04  1.0064E-03  1.1613E+00  5.5868E+01
 PARAMETER:  9.9370E-02  1.0034E-01  8.9347E-02  9.6893E-02  9.8138E-02  1.0493E-01  9.7955E-02
 GRADIENT:   1.3683E+01  7.3589E-01  1.3570E+01 -7.4703E-03 -5.0299E-02  1.1446E+01  1.2197E+01

 #TERM:
0MINIMIZATION TERMINATED
 DUE TO ROUNDING ERRORS (ERROR=134)
 NO. OF FUNCTION EVALUATIONS USED:      854
 NO. OF SIG. DIGITS UNREPORTABLE

 ETABAR IS THE ARITHMETIC MEAN OF THE ETA-ESTIMATES,
 AND THE P-VALUE IS GIVEN FOR THE NULL HYPOTHESIS THAT THE TRUE MEAN IS 0.

 ETABAR:         9.3000E-04 -3.4276E-04  5.6506E-02  1.7218E-03 -4.9394E-04  2.1722E-03  1.0957E-01
 SE:             4.4975E-02  2.2208E-02  5.9774E-02  4.0410E-02  9.5848E-04  2.5327E-03  1.2982E-01
 N:                      32          32          32          32          32          32          32

 P VAL.:         9.8350E-01  9.8769E-01  3.4449E-01  9.6601E-01  6.0632E-01  3.9106E-01  3.9865E-01

 ETAshrink(%):   1.0000E-10  9.9695E+00  4.8616E+01  5.8354E+01  6.5051E+01  5.4113E+01  3.0765E+01
 EBVshrink(%):   2.2075E+00  1.1086E+01  4.2785E+01  4.9580E+01  6.4787E+01  5.3406E+01  3.0121E+01
 EPSshrink(%):   1.6089E+01  1.5396E+01  6.0975E+00

 #TERE:
 Elapsed estimation time in seconds:    34.11
1
 
 
 
 
 
 
 
 
 
 
 
 
 
 
 
 
 
 
 
 
 ************************************************************************************************************************
 ********************                                                                                ********************
 ********************               FIRST ORDER CONDITIONAL ESTIMATION WITH INTERACTION              ********************
 #OBJT:**************                       MINIMUM VALUE OF OBJECTIVE FUNCTION                      ********************
 ********************                                                                                ********************
 ************************************************************************************************************************
 





 #OBJV:********************************************     1400.761       **************************************************
1
 ************************************************************************************************************************
 ********************                                                                                ********************
 ********************               FIRST ORDER CONDITIONAL ESTIMATION WITH INTERACTION              ********************
 ********************                             FINAL PARAMETER ESTIMATE                           ********************
 ********************                                                                                ********************
 ************************************************************************************************************************
 


 THETA - VECTOR OF FIXED EFFECTS PARAMETERS   *********


         TH 1      TH 2      TH 3      TH 4      TH 5      TH 6      TH 7     
 
         1.31E-01  8.06E+00  9.44E-01  1.03E+00  9.62E+01 -7.35E+01  1.62E-01
 


 OMEGA - COV MATRIX FOR RANDOM EFFECTS - ETAS  ********


            ETA1      ETA2      ETA3      ETA4      ETA5      ETA6      ETA7   
 
 ETA1
+        6.49E-02
 
 ETA2
+        0.00E+00  2.01E-02
 
 ETA3
+        0.00E+00  0.00E+00  4.47E-01
 
 ETA4
+        0.00E+00  0.00E+00  0.00E+00  3.11E-01
 
 ETA5
+        0.00E+00  0.00E+00  0.00E+00  0.00E+00  2.48E-04
 
 ETA6
+        0.00E+00  0.00E+00  0.00E+00  0.00E+00  0.00E+00  1.01E-03
 
 ETA7
+        0.00E+00  0.00E+00  0.00E+00  0.00E+00  0.00E+00  0.00E+00  1.16E+00
 


 SIGMA - COV MATRIX FOR RANDOM EFFECTS - EPSILONS  ****


            EPS1      EPS2      EPS3   
 
 EPS1
+        4.78E-03
 
 EPS2
+        0.00E+00  1.35E-01
 
 EPS3
+        0.00E+00  0.00E+00  5.59E+01
 
1


 OMEGA - CORR MATRIX FOR RANDOM EFFECTS - ETAS  *******


            ETA1      ETA2      ETA3      ETA4      ETA5      ETA6      ETA7   
 
 ETA1
+        2.55E-01
 
 ETA2
+        0.00E+00  1.42E-01
 
 ETA3
+        0.00E+00  0.00E+00  6.69E-01
 
 ETA4
+        0.00E+00  0.00E+00  0.00E+00  5.58E-01
 
 ETA5
+        0.00E+00  0.00E+00  0.00E+00  0.00E+00  1.58E-02
 
 ETA6
+        0.00E+00  0.00E+00  0.00E+00  0.00E+00  0.00E+00  3.17E-02
 
 ETA7
+        0.00E+00  0.00E+00  0.00E+00  0.00E+00  0.00E+00  0.00E+00  1.08E+00
 


 SIGMA - CORR MATRIX FOR RANDOM EFFECTS - EPSILONS  ***


            EPS1      EPS2      EPS3   
 
 EPS1
+        6.91E-02
 
 EPS2
+        0.00E+00  3.67E-01
 
 EPS3
+        0.00E+00  0.00E+00  7.47E+00
 
 #CPUT: Total CPU Time in Seconds,       32.854
Stop Time: 
Mon 30/03/2015 
03:19 p.m.
start 30/03/2015
end   30/03/2015
exe  nmtcl
user 0:3.79
real 0:3.79
sys  0:0
start 30/03/2015
end   30/03/2015
exe  nonmem
user 0:34.98
real 0:34.98
sys  0:0
