Mon 30/03/2015 
02:43 p.m.
$PROB WARFARIN PKPD
;
;O'REILLY RA, AGGELER PM. STUDIES ON COUMARIN ANTICOAGULANT DRUGS
;INITIATION OF WARFARIN THERAPY WITHOUT A LOADING DOSE.
;CIRCULATION 1968;38:169-177
;
;O'REILLY RA, AGGELER PM, LEONG LS. STUDIES OF THE COUMARIN ANTICOAGULANT
;DRUGS: THE PHARMACODYNAMICS OF WARFARIN IN MAN.
;JOURNAL OF CLINICAL INVESTIGATION 1963;42(10):1542-1551
;
$INPUT ID TIME WT AGE SEX DVID DV MDV EVID CMT AMT
$DATA ..\ka1_to_emax1_simln.csv
IGNORE (DVID.EQ.2)

$EST MAX=9990 NSIG=3 SIGL=9 PRINT=1
METHOD=COND INTER NOABORT

$THETA
(0.01,0.132,1) ; POP_CL L/H/70KG
(0.01,8.24,20) ; POP_V L/70KG
(0.01,0.766,24) ; POP_TABS H
(0.01,0.896,24) ; POP_LAG H
$OMEGA BLOCK(4)
0.0635 ; PPV_CL
-0.00229 0.0175 ; PPV_V
0.00836 -0.0142 0.651 ; PPV_TABS
-0.0051 0.184 -1.41 4.45 ; PPV_LAG
$SIGMA 0.00658 ; RUV_CV
$SIGMA 0.134 ; RUV_SD MG/L

$SUBR ADVAN2 TRAN2

$PK

   IF (NEWIND.EQ.0) LN2=LOG(2)

   FSZV=WT/70
   FSZCL=FSZV**0.75

   CL=FSZCL*THETA(1)*EXP(ETA(1))
   V=FSZV*THETA(2)*EXP(ETA(2))
   TABS=THETA(3)*EXP(ETA(3))
   TLAG=THETA(4)*EXP(ETA(4))

   KA=LN2/TABS
   ALAG1=TLAG
   S2=V

$ERROR

   CP=A(2)/S2
   Y=CP*(1+ERR(1)) + ERR(2)

$TABLE ID TIME DVID Y
ONEHEADER NOPRINT FILE=ka1_blk.fit



  
NM-TRAN MESSAGES 
  
 WARNINGS AND ERRORS (IF ANY) FOR PROBLEM    1
             
 (WARNING  2) NM-TRAN INFERS THAT THE DATA ARE POPULATION.
License Registered to: University of Auckland - School of Medicine
Expiration Date:    14 NOV 2015
Current Date:       30 MAR 2015
Days until program expires : 224
1NONLINEAR MIXED EFFECTS MODEL PROGRAM (NONMEM) VERSION 7.3.0
 ORIGINALLY DEVELOPED BY STUART BEAL, LEWIS SHEINER, AND ALISON BOECKMANN
 CURRENT DEVELOPERS ARE ROBERT BAUER, ICON DEVELOPMENT SOLUTIONS,
 AND ALISON BOECKMANN. IMPLEMENTATION, EFFICIENCY, AND STANDARDIZATION
 PERFORMED BY NOUS INFOSYSTEMS.

 PROBLEM NO.:         1
 WARFARIN PKPD
0DATA CHECKOUT RUN:              NO
 DATA SET LOCATED ON UNIT NO.:    2
 THIS UNIT TO BE REWOUND:        NO
 NO. OF DATA RECS IN DATA SET:      289
 NO. OF DATA ITEMS IN DATA SET:  11
 ID DATA ITEM IS DATA ITEM NO.:   1
 DEP VARIABLE IS DATA ITEM NO.:   7
 MDV DATA ITEM IS DATA ITEM NO.:  8
0INDICES PASSED TO SUBROUTINE PRED:
   9   2  11   0   0   0  10   0   0   0   0
0LABELS FOR DATA ITEMS:
 ID TIME WT AGE SEX DVID DV MDV EVID CMT AMT
0(NONBLANK) LABELS FOR PRED-DEFINED ITEMS:
 Y
0FORMAT FOR DATA:
 (E3.0,E4.0,E5.0,E3.0,2E2.0,E10.0,3E2.0,E5.0)

 TOT. NO. OF OBS RECS:      251
 TOT. NO. OF INDIVIDUALS:     32
0LENGTH OF THETA:   4
0DEFAULT THETA BOUNDARY TEST OMITTED:    NO
0OMEGA HAS BLOCK FORM:
  1
  1  1
  1  1  1
  1  1  1  1
0DEFAULT OMEGA BOUNDARY TEST OMITTED:    NO
0SIGMA HAS SIMPLE DIAGONAL FORM WITH DIMENSION:   2
0DEFAULT SIGMA BOUNDARY TEST OMITTED:    NO
0INITIAL ESTIMATE OF THETA:
 LOWER BOUND    INITIAL EST    UPPER BOUND
  0.1000E-01     0.1320E+00     0.1000E+01
  0.1000E-01     0.8240E+01     0.2000E+02
  0.1000E-01     0.7660E+00     0.2400E+02
  0.1000E-01     0.8960E+00     0.2400E+02
0INITIAL ESTIMATE OF OMEGA:
 BLOCK SET NO.   BLOCK                                                                    FIXED
        1                                                                                   NO
                  0.6350E-01
                 -0.2290E-02   0.1750E-01
                  0.8360E-02  -0.1420E-01   0.6510E+00
                 -0.5100E-02   0.1840E+00  -0.1410E+01   0.4450E+01
0INITIAL ESTIMATE OF SIGMA:
 0.6580E-02
 0.0000E+00   0.1340E+00
0TABLES STEP OMITTED:    NO
 NO. OF TABLES:           1
 SEED NUMBER (SEED):    11456
 RANMETHOD:
 MC SAMPLES (ESEED):    300
 WRES SQUARE ROOT TYPE:            EIGENVALUE
0-- TABLE   1 --
 PRINTED:                NO
 HEADER:                YES
 FILE TO BE FORWARDED:   NO
 FORMAT:                S1PE11.4
 LFORMAT:
 RFORMAT:
0USER-CHOSEN ITEMS:
 ID TIME DVID Y
1DOUBLE PRECISION PREDPP VERSION 7.3.0

 ONE COMPARTMENT MODEL WITH FIRST-ORDER ABSORPTION (ADVAN2)
0MAXIMUM NO. OF BASIC PK PARAMETERS:   3
0BASIC PK PARAMETERS (AFTER TRANSLATION):
   ELIMINATION RATE (K) IS BASIC PK PARAMETER NO.:  1
   ABSORPTION RATE (KA) IS BASIC PK PARAMETER NO.:  3

 TRANSLATOR WILL CONVERT PARAMETERS
 CLEARANCE (CL) AND VOLUME (V) TO K (TRANS2)
0COMPARTMENT ATTRIBUTES
 COMPT. NO.   FUNCTION   INITIAL    ON/OFF      DOSE      DEFAULT    DEFAULT
                         STATUS     ALLOWED    ALLOWED    FOR DOSE   FOR OBS.
    1         DEPOT        OFF        YES        YES        YES        NO
    2         CENTRAL      ON         NO         YES        NO         YES
    3         OUTPUT       OFF        YES        NO         NO         NO
1
 ADDITIONAL PK PARAMETERS - ASSIGNMENT OF ROWS IN GG
 COMPT. NO.                             INDICES
              SCALE      BIOAVAIL.   ZERO-ORDER  ZERO-ORDER  ABSORB
                         FRACTION    RATE        DURATION    LAG
    1            *           *           *           *           4
    2            5           *           *           *           *
    3            *           -           -           -           -
             - PARAMETER IS NOT ALLOWED FOR THIS MODEL
             * PARAMETER IS NOT SUPPLIED BY PK SUBROUTINE;
               WILL DEFAULT TO ONE IF APPLICABLE
0DATA ITEM INDICES USED BY PRED ARE:
   EVENT ID DATA ITEM IS DATA ITEM NO.:      9
   TIME DATA ITEM IS DATA ITEM NO.:          2
   DOSE AMOUNT DATA ITEM IS DATA ITEM NO.:  11
   COMPT. NO. DATA ITEM IS DATA ITEM NO.:   10

0PK SUBROUTINE CALLED WITH EVERY EVENT RECORD.
 PK SUBROUTINE NOT CALLED AT NONEVENT (ADDITIONAL OR LAGGED) DOSE TIMES.
0ERROR SUBROUTINE CALLED WITH EVERY EVENT RECORD.
0ERROR SUBROUTINE INDICATES THAT DERIVATIVES OF COMPARTMENT AMOUNTS ARE USED.
1


 #TBLN:      1
 #METH: First Order Conditional Estimation with Interaction

 ESTIMATION STEP OMITTED:                 NO  
 ANALYSIS TYPE:                           POPULATION
 CONDITIONAL ESTIMATES USED:              YES 
 CENTERED ETA:                            NO  
 EPS-ETA INTERACTION:                     YES 
 LAPLACIAN OBJ. FUNC.:                    NO  
 NO. OF FUNCT. EVALS. ALLOWED:            9990
 NO. OF SIG. FIGURES REQUIRED:            3
 INTERMEDIATE PRINTOUT:                   YES 
 ESTIMATE OUTPUT TO MSF:                  NO  
 ABORT WITH PRED EXIT CODE 1:             NO  
 IND. OBJ. FUNC. VALUES SORTED:           NO  
 NUMERICAL DERIVATIVE 
       FILE REQUEST (NUMDER):             NONE
 MAP (ETAHAT) ESTIMATION METHOD (OPTMAP): 0           
 ETA HESSIAN EVALUATION METHOD (ETADER):  0           
 INITIAL ETA FOR MAP ESTIMATION (MCETA):  0           
 SIGDIGITS FOR MAP ESTIMATION (SIGLO):    9           
 GRADIENT SIGDIGITS OF 
       FIXED EFFECTS PARAMETERS (SIGL):   9           
 EXCLUDE TITLE (NOTITLE):                 NO 
 EXCLUDE COLUMN LABELS (NOLABEL):         NO 
 NOPRIOR SETTING (NOPRIOR):               OFF
 NOCOV SETTING (NOCOV):                   OFF
 DERCONT SETTING (DERCONT):               OFF
 ABSOLUTE TOLERANCE-ADVAN 9,13 ONLY(ATOL):-100        
 FINAL ETA RE-EVALUATION (FNLETA):        ON 
 EXCLUDE NON-INFLUENTIAL (NON-INFL.) ETAS 
       IN SHRINKAGE (ETASTYPE):           NO 
 NON-INFL. ETA CORRECTION (NONINFETA):    OFF
 FORMAT FOR ADDITIONAL FILES (FORMAT):    S1PE12.5
 PARAMETER ORDER FOR OUTPUTS (ORDER):     TSOL
 ADDITIONAL CONVERGENCE TEST (CTYPE=4)?:  NO
 EM OR BAYESIAN METHOD USED:                NONE


 THE FOLLOWING LABELS ARE EQUIVALENT
 PRED=PREDI
 RES=RESI
 WRES=WRESI
 IWRS=IWRESI
 IPRD=IPREDI
 IRS=IRESI

 MONITORING OF SEARCH:


0ITERATION NO.:    0    OBJECTIVE VALUE:   202.819213773737        NO. OF FUNC. EVALS.:   8
 CUMULATIVE NO. OF FUNC. EVALS.:        8
 NPARAMETR:  1.3200E-01  8.2400E+00  7.6600E-01  8.9600E-01  6.3500E-02 -2.2900E-03  8.3600E-03 -5.1000E-03  1.7500E-02 -1.4200E-02
             1.8400E-01  6.5100E-01 -1.4100E+00  4.4500E+00  6.5800E-03  1.3400E-01
 PARAMETER:  1.0000E-01  1.0000E-01  1.0000E-01  1.0000E-01  1.0000E-01 -1.0000E-01  1.0000E-01 -1.0000E-01  1.0000E-01 -1.0000E-01
             1.0000E-01  1.0000E-01 -1.0000E-01  1.0000E-01  1.0000E-01  1.0000E-01
 GRADIENT:   1.5062E+01  4.8107E+01 -7.4662E+00 -8.7389E+03 -6.3423E-01  4.7978E+00 -6.8418E+00 -2.0731E+00 -5.2719E+00 -1.0887E+01
            -2.8727E+01 -1.3231E+01 -1.7405E+02 -4.5450E-01  1.1369E+01  1.0174E+01

0ITERATION NO.:    1    OBJECTIVE VALUE:   201.515112362296        NO. OF FUNC. EVALS.:  10
 CUMULATIVE NO. OF FUNC. EVALS.:       18
 NPARAMETR:  1.3199E-01  8.2380E+00  7.6605E-01  9.6227E-01  6.3501E-02 -2.2910E-03  8.3650E-03 -5.0991E-03  1.7502E-02 -1.4188E-02
             1.8446E-01  6.5113E-01 -1.3915E+00  4.3856E+00  6.5787E-03  1.3398E-01
 PARAMETER:  9.9871E-02  9.9587E-02  1.0006E-01  1.7500E-01  1.0001E-01 -1.0004E-01  1.0006E-01 -9.9982E-02  1.0005E-01 -9.9907E-02
             1.0025E-01  1.0011E-01 -9.8506E-02  1.0000E-01  9.9902E-02  9.9913E-02
 GRADIENT:   9.8173E+00  1.2270E+01 -1.5118E+01  1.2976E+01 -1.0195E+00  1.7208E+00 -3.5496E+00 -1.1594E+00 -9.1351E+00  5.4564E-02
             3.8933E+01 -8.2426E+00 -1.2712E+02 -4.5955E-01  1.1016E+01  1.0129E+01

0ITERATION NO.:    2    OBJECTIVE VALUE:   199.459753594524        NO. OF FUNC. EVALS.:  12
 CUMULATIVE NO. OF FUNC. EVALS.:       30
 NPARAMETR:  1.3185E-01  8.2304E+00  7.6746E-01  9.6222E-01  6.3517E-02 -2.2963E-03  8.4041E-03 -5.0922E-03  1.7543E-02 -1.4207E-02
             1.7553E-01  6.5249E-01 -1.1798E+00  3.4629E+00  6.5602E-03  1.3363E-01
 PARAMETER:  9.8613E-02  9.8010E-02  1.0200E-01  1.7495E-01  1.0014E-01 -1.0026E-01  1.0051E-01 -9.9834E-02  1.0121E-01 -9.9912E-02
             9.5276E-02  1.0117E-01 -8.2229E-02  1.0006E-01  9.8493E-02  9.8616E-02
 GRADIENT:   6.7088E+00 -8.7794E+00 -1.4583E+01  6.7773E+00 -1.1329E+00  1.4716E-04 -1.7977E+00 -6.9485E-01 -1.2634E+01  8.7615E+00
             1.0654E+02 -1.2889E+00 -6.0603E+01 -5.5548E-01  1.0899E+01  9.3092E+00

0ITERATION NO.:    3    OBJECTIVE VALUE:   193.149464776202        NO. OF FUNC. EVALS.:  10
 CUMULATIVE NO. OF FUNC. EVALS.:       40
 NPARAMETR:  1.3124E-01  8.2347E+00  7.7542E-01  9.6235E-01  6.3619E-02 -2.3085E-03  8.5592E-03 -5.0641E-03  1.7836E-02 -1.4909E-02
             6.5287E-02  6.5700E-01 -3.1480E-01  3.5860E-01  6.4561E-03  1.3177E-01
 PARAMETER:  9.2895E-02  9.8912E-02  1.1279E-01  1.7510E-01  1.0093E-01 -1.0071E-01  1.0229E-01 -9.9204E-02  1.0953E-01 -1.0404E-01
             3.5082E-02  1.0393E-01 -2.0557E-02  1.0044E-01  9.0495E-02  9.1599E-02
 GRADIENT:   1.3621E+01  3.8713E+01  9.4645E+00  4.0672E+01 -2.4738E+00 -3.0531E+00 -6.2536E-01  9.3897E-01  1.7520E+00 -4.5360E+00
            -1.7474E+02  7.3970E+00  3.2571E+02 -8.6479E+00  2.5556E+00  2.5673E+00

0ITERATION NO.:    4    OBJECTIVE VALUE:   192.401432574056        NO. OF FUNC. EVALS.:  10
 CUMULATIVE NO. OF FUNC. EVALS.:       50
 NPARAMETR:  1.3008E-01  8.1630E+00  7.8266E-01  9.6233E-01  6.3815E-02 -2.3148E-03  8.7915E-03 -5.0426E-03  1.8123E-02 -1.5205E-02
             5.9570E-02  6.6105E-01 -3.3413E-01  3.3488E-01  6.3316E-03  1.2947E-01
 PARAMETER:  8.1971E-02  8.4075E-02  1.2251E-01  1.7507E-01  1.0247E-01 -1.0083E-01  1.0490E-01 -9.8630E-02  1.1754E-01 -1.0524E-01
             3.1746E-02  1.0680E-01 -2.2374E-02  1.0319E-01  8.0761E-02  8.2788E-02
 GRADIENT:   8.4687E+00  4.5430E+01  2.4637E+01  8.2241E+01 -2.1224E+00  1.5303E-01 -2.1111E+00 -1.4818E+00  9.2034E+00 -1.7105E+01
            -5.2200E+02  6.2844E+00  2.1194E+02 -1.1708E+01 -3.5229E+00 -2.8732E+00

0ITERATION NO.:    5    OBJECTIVE VALUE:   189.801529481915        NO. OF FUNC. EVALS.:  11
 CUMULATIVE NO. OF FUNC. EVALS.:       61
 NPARAMETR:  1.2892E-01  8.1661E+00  7.9147E-01  9.6234E-01  6.4091E-02 -2.3127E-03  9.0364E-03 -4.9912E-03  1.8648E-02 -1.6545E-02
             6.3906E-02  6.6125E-01 -3.4780E-01  3.6482E-01  6.1658E-03  1.2658E-01
 PARAMETER:  7.0905E-02  8.4706E-02  1.3423E-01  1.7508E-01  1.0463E-01 -1.0053E-01  1.0759E-01 -9.7414E-02  1.3189E-01 -1.1303E-01
             3.3581E-02  1.0545E-01 -2.2955E-02  1.0746E-01  6.7495E-02  7.1517E-02
 GRADIENT:  -6.9164E+00 -1.0180E+01 -9.0688E+00  1.1554E+01 -1.9892E+00 -3.8195E+00  4.8631E-01  2.1595E+00  1.7028E+00 -3.9164E+00
            -1.3111E+02  8.3651E+00  2.9836E+02 -9.2821E+00 -3.0334E+00 -4.0731E+00

0ITERATION NO.:    6    OBJECTIVE VALUE:   189.801529481915        NO. OF FUNC. EVALS.:  22
 CUMULATIVE NO. OF FUNC. EVALS.:       83
 NPARAMETR:  1.2892E-01  8.1661E+00  7.9147E-01  9.6234E-01  6.4091E-02 -2.3127E-03  9.0364E-03 -4.9912E-03  1.8648E-02 -1.6545E-02
             6.3906E-02  6.6125E-01 -3.4780E-01  3.6482E-01  6.1658E-03  1.2658E-01
 PARAMETER:  7.0905E-02  8.4706E-02  1.3423E-01  1.7508E-01  1.0463E-01 -1.0053E-01  1.0759E-01 -9.7414E-02  1.3189E-01 -1.1303E-01
             3.3581E-02  1.0545E-01 -2.2955E-02  1.0746E-01  6.7495E-02  7.1517E-02
 GRADIENT:  -7.7116E+00 -1.0524E+01 -9.1597E+00 -3.4959E+06 -1.9892E+00 -3.8195E+00  4.8631E-01  2.1595E+00  1.7028E+00 -3.9164E+00
            -1.3111E+02  8.3651E+00  2.9836E+02 -9.2821E+00 -3.0529E+00 -4.0872E+00

0ITERATION NO.:    7    OBJECTIVE VALUE:   189.706263865156        NO. OF FUNC. EVALS.:  54
 CUMULATIVE NO. OF FUNC. EVALS.:      137             RESET HESSIAN, TYPE I
 NPARAMETR:  1.2888E-01  8.1658E+00  7.9136E-01  9.6224E-01  6.4090E-02 -2.3129E-03  9.0371E-03 -4.9907E-03  1.8647E-02 -1.6543E-02
             6.3922E-02  6.6126E-01 -3.4782E-01  3.6494E-01  6.1676E-03  1.2655E-01
 PARAMETER:  7.0471E-02  8.4658E-02  1.3409E-01  1.7498E-01  1.0463E-01 -1.0053E-01  1.0760E-01 -9.7405E-02  1.3187E-01 -1.1302E-01
             3.3589E-02  1.0546E-01 -2.2955E-02  1.0745E-01  6.7641E-02  7.1381E-02
 GRADIENT:  -8.3251E+00 -1.4699E+01 -1.1542E+01  7.9821E+00 -1.9521E+00 -3.9607E+00  6.4343E-01  2.3257E+00  1.4702E+00 -3.2754E+00
            -1.1670E+02  8.5100E+00  3.0455E+02 -9.1948E+00 -3.3611E+00 -4.3817E+00

0ITERATION NO.:    8    OBJECTIVE VALUE:   189.609738201303        NO. OF FUNC. EVALS.:  10
 CUMULATIVE NO. OF FUNC. EVALS.:      147
 NPARAMETR:  1.3018E-01  8.1656E+00  7.9167E-01  9.6151E-01  6.4109E-02 -2.3131E-03  9.0401E-03 -4.9910E-03  1.8637E-02 -1.6500E-02
             6.4065E-02  6.6114E-01 -3.4785E-01  3.6607E-01  6.1781E-03  1.2650E-01
 PARAMETER:  8.2913E-02  8.4614E-02  1.3449E-01  1.7418E-01  1.0477E-01 -1.0053E-01  1.0762E-01 -9.7396E-02  1.3160E-01 -1.1275E-01
             3.3673E-02  1.0541E-01 -2.2958E-02  1.0767E-01  6.8491E-02  7.1203E-02
 GRADIENT:  -3.8426E-01 -1.3008E+01 -1.1214E+01  8.6414E+00 -1.7875E+00 -3.7972E+00  6.0056E-01  2.1140E+00  1.7117E+00 -3.4041E+00
            -1.2347E+02  8.4759E+00  3.0404E+02 -9.1910E+00 -3.2366E+00 -4.3208E+00

0ITERATION NO.:    9    OBJECTIVE VALUE:   189.584217868544        NO. OF FUNC. EVALS.:   9
 CUMULATIVE NO. OF FUNC. EVALS.:      156
 NPARAMETR:  1.3107E-01  8.1658E+00  7.9232E-01  9.6073E-01  6.4135E-02 -2.3130E-03  9.0424E-03 -4.9924E-03  1.8624E-02 -1.6447E-02
             6.4224E-02  6.6095E-01 -3.4786E-01  3.6737E-01  6.1881E-03  1.2652E-01
 PARAMETER:  9.1274E-02  8.4656E-02  1.3535E-01  1.7332E-01  1.0497E-01 -1.0050E-01  1.0763E-01 -9.7404E-02  1.3126E-01 -1.1242E-01
             3.3769E-02  1.0533E-01 -2.2961E-02  1.0798E-01  6.9299E-02  7.1279E-02
 GRADIENT:   4.9407E+00 -1.1473E+01 -1.0654E+01  9.6208E+00 -1.7656E+00 -3.6547E+00  5.4983E-01  1.9406E+00  1.9133E+00 -3.5283E+00
            -1.2937E+02  8.4563E+00  3.0337E+02 -9.1791E+00 -3.0395E+00 -4.1854E+00

0ITERATION NO.:   10    OBJECTIVE VALUE:   189.577965716904        NO. OF FUNC. EVALS.:   9
 CUMULATIVE NO. OF FUNC. EVALS.:      165
 NPARAMETR:  1.3106E-01  8.1660E+00  7.9252E-01  9.6060E-01  6.4141E-02 -2.3128E-03  9.0425E-03 -4.9929E-03  1.8622E-02 -1.6435E-02
             6.4252E-02  6.6090E-01 -3.4786E-01  3.6761E-01  6.1893E-03  1.2654E-01
 PARAMETER:  9.1148E-02  8.4690E-02  1.3562E-01  1.7318E-01  1.0502E-01 -1.0049E-01  1.0762E-01 -9.7410E-02  1.3118E-01 -1.1235E-01
             3.3787E-02  1.0531E-01 -2.2962E-02  1.0805E-01  6.9397E-02  7.1372E-02
 GRADIENT:   4.8602E+00 -1.1245E+01 -1.0462E+01  9.9160E+00 -1.7567E+00 -3.6314E+00  5.3352E-01  1.9211E+00  1.9383E+00 -3.5597E+00
            -1.3032E+02  8.4557E+00  3.0310E+02 -9.1768E+00 -2.9817E+00 -4.1365E+00

0ITERATION NO.:   11    OBJECTIVE VALUE:   189.577965716904        NO. OF FUNC. EVALS.:  21
 CUMULATIVE NO. OF FUNC. EVALS.:      186
 NPARAMETR:  1.3106E-01  8.1660E+00  7.9252E-01  9.6060E-01  6.4141E-02 -2.3128E-03  9.0425E-03 -4.9929E-03  1.8622E-02 -1.6435E-02
             6.4252E-02  6.6090E-01 -3.4786E-01  3.6761E-01  6.1893E-03  1.2654E-01
 PARAMETER:  9.1148E-02  8.4690E-02  1.3562E-01  1.7318E-01  1.0502E-01 -1.0049E-01  1.0762E-01 -9.7410E-02  1.3118E-01 -1.1235E-01
             3.3787E-02  1.0531E-01 -2.2962E-02  1.0805E-01  6.9397E-02  7.1372E-02
 GRADIENT:   4.0671E+00 -1.1588E+01 -1.0554E+01 -3.5919E+06 -1.7567E+00 -3.6314E+00  5.3352E-01  1.9211E+00  1.9383E+00 -3.5597E+00
            -1.3032E+02  8.4557E+00  3.0310E+02 -9.1768E+00 -3.0012E+00 -4.1505E+00

0ITERATION NO.:   12    OBJECTIVE VALUE:   189.496183228447        NO. OF FUNC. EVALS.:  51
 CUMULATIVE NO. OF FUNC. EVALS.:      237             RESET HESSIAN, TYPE I
 NPARAMETR:  1.3105E-01  8.1654E+00  7.9240E-01  9.6039E-01  6.4195E-02 -2.3162E-03  9.0556E-03 -4.9897E-03  1.8597E-02 -1.6341E-02
             6.4532E-02  6.6090E-01 -3.4878E-01  3.7066E-01  6.1908E-03  1.2651E-01
 PARAMETER:  9.1043E-02  8.4562E-02  1.3546E-01  1.7295E-01  1.0544E-01 -1.0059E-01  1.0773E-01 -9.7307E-02  1.3052E-01 -1.1176E-01
             3.3956E-02  1.0542E-01 -2.3033E-02  1.0794E-01  6.9513E-02  7.1259E-02
 GRADIENT:   4.8623E+00 -1.1013E+01 -9.2287E+00  1.2287E+01 -1.6923E+00 -3.4050E+00  4.2353E-01  1.7373E+00  2.1887E+00 -3.7514E+00
            -1.3857E+02  8.5059E+00  3.0364E+02 -9.1789E+00 -3.0352E+00 -4.1462E+00

0ITERATION NO.:   13    OBJECTIVE VALUE:   189.393032847944        NO. OF FUNC. EVALS.:  12
 CUMULATIVE NO. OF FUNC. EVALS.:      249
 NPARAMETR:  1.3104E-01  8.1653E+00  7.9240E-01  9.6021E-01  6.6164E-02 -2.3520E-03  9.1965E-03 -5.0642E-03  1.8495E-02 -1.5950E-02
             6.4870E-02  6.6031E-01 -3.4851E-01  3.7472E-01  6.1914E-03  1.2651E-01
 PARAMETER:  9.0990E-02  8.4551E-02  1.3546E-01  1.7275E-01  1.2055E-01 -1.0062E-01  1.0777E-01 -9.7278E-02  1.2776E-01 -1.0933E-01
             3.4229E-02  1.0542E-01 -2.3073E-02  1.0793E-01  6.9564E-02  7.1235E-02
 GRADIENT:   4.6390E+00 -1.0729E+01 -7.5924E+00  1.5303E+01  1.0783E-01 -3.1929E+00  2.9587E-01  1.5699E+00  1.9081E+00 -3.4350E+00
            -1.3273E+02  8.6253E+00  3.0781E+02 -9.0546E+00 -2.9352E+00 -4.0538E+00

0ITERATION NO.:   14    OBJECTIVE VALUE:   189.370686533664        NO. OF FUNC. EVALS.:  11
 CUMULATIVE NO. OF FUNC. EVALS.:      260
 NPARAMETR:  1.3104E-01  8.1653E+00  7.9240E-01  9.6017E-01  6.6539E-02 -2.3587E-03  9.2231E-03 -5.0782E-03  1.8475E-02 -1.5871E-02
             6.4938E-02  6.6019E-01 -3.4846E-01  3.7555E-01  6.1915E-03  1.2651E-01
 PARAMETER:  9.0979E-02  8.4549E-02  1.3546E-01  1.7271E-01  1.2337E-01 -1.0062E-01  1.0778E-01 -9.7272E-02  1.2720E-01 -1.0884E-01
             3.4285E-02  1.0542E-01 -2.3081E-02  1.0792E-01  6.9574E-02  7.1230E-02
 GRADIENT:   4.5391E+00 -1.1027E+01 -7.4563E+00  1.5608E+01  4.4145E-01 -3.1545E+00  2.7894E-01  1.5437E+00  1.8490E+00 -3.3365E+00
            -1.3093E+02  8.6577E+00  3.0901E+02 -9.0259E+00 -2.9407E+00 -4.0566E+00

0ITERATION NO.:   15    OBJECTIVE VALUE:   189.368168587150        NO. OF FUNC. EVALS.:  12
 CUMULATIVE NO. OF FUNC. EVALS.:      272
 NPARAMETR:  1.3104E-01  8.1653E+00  7.9240E-01  9.6017E-01  6.6579E-02 -2.3595E-03  9.2260E-03 -5.0797E-03  1.8472E-02 -1.5862E-02
             6.4946E-02  6.6018E-01 -3.4845E-01  3.7565E-01  6.1915E-03  1.2651E-01
 PARAMETER:  9.0977E-02  8.4548E-02  1.3546E-01  1.7270E-01  1.2367E-01 -1.0062E-01  1.0778E-01 -9.7271E-02  1.2714E-01 -1.0878E-01
             3.4291E-02  1.0542E-01 -2.3082E-02  1.0792E-01  6.9575E-02  7.1229E-02
 GRADIENT:   4.5279E+00 -1.1061E+01 -7.4397E+00  1.5644E+01  4.7731E-01 -3.1502E+00  2.7704E-01  1.5407E+00  1.8421E+00 -3.3252E+00
            -1.3072E+02  8.6614E+00  3.0915E+02 -9.0226E+00 -2.9414E+00 -4.0569E+00

0ITERATION NO.:   16    OBJECTIVE VALUE:   189.366383467823        NO. OF FUNC. EVALS.:  12
 CUMULATIVE NO. OF FUNC. EVALS.:      284
 NPARAMETR:  1.3104E-01  8.1653E+00  7.9240E-01  9.6017E-01  6.6605E-02 -2.3600E-03  9.2278E-03 -5.0806E-03  1.8471E-02 -1.5856E-02
             6.4952E-02  6.6017E-01 -3.4844E-01  3.7572E-01  6.1916E-03  1.2651E-01
 PARAMETER:  9.0976E-02  8.4548E-02  1.3546E-01  1.7270E-01  1.2387E-01 -1.0062E-01  1.0778E-01 -9.7271E-02  1.2709E-01 -1.0874E-01
             3.4296E-02  1.0542E-01 -2.3083E-02  1.0792E-01  6.9576E-02  7.1229E-02
 GRADIENT:   4.5201E+00 -1.1085E+01 -7.4279E+00  1.5670E+01  5.0078E-01 -3.1473E+00  2.7577E-01  1.5387E+00  1.8373E+00 -3.3171E+00
            -1.3057E+02  8.6640E+00  3.0925E+02 -9.0202E+00 -2.9420E+00 -4.0571E+00

0ITERATION NO.:   17    OBJECTIVE VALUE:   189.366383467823        NO. OF FUNC. EVALS.:  19
 CUMULATIVE NO. OF FUNC. EVALS.:      303
 NPARAMETR:  1.3104E-01  8.1653E+00  7.9240E-01  9.6017E-01  6.6605E-02 -2.3600E-03  9.2278E-03 -5.0806E-03  1.8471E-02 -1.5856E-02
             6.4952E-02  6.6017E-01 -3.4844E-01  3.7572E-01  6.1916E-03  1.2651E-01
 PARAMETER:  9.0976E-02  8.4548E-02  1.3546E-01  1.7270E-01  1.2387E-01 -1.0062E-01  1.0778E-01 -9.7271E-02  1.2709E-01 -1.0874E-01
             3.4296E-02  1.0542E-01 -2.3083E-02  1.0792E-01  6.9576E-02  7.1229E-02
 GRADIENT:   3.7270E+00 -1.1428E+01 -7.5197E+00 -3.6453E+06  5.0078E-01 -3.1473E+00  2.7577E-01  1.5387E+00  1.8373E+00 -3.3171E+00
            -1.3057E+02  8.6640E+00  3.0925E+02 -9.0202E+00 -2.9615E+00 -4.0711E+00

0ITERATION NO.:   18    OBJECTIVE VALUE:   189.366383467823        NO. OF FUNC. EVALS.:  42
 CUMULATIVE NO. OF FUNC. EVALS.:      345
 NPARAMETR:  1.3104E-01  8.1654E+00  7.9242E-01  9.6020E-01  6.6608E-02 -2.3596E-03  9.2263E-03 -5.0817E-03  1.8470E-02 -1.5840E-02
             6.4917E-02  6.6012E-01 -3.4858E-01  3.7568E-01  6.1913E-03  1.2651E-01
 PARAMETER:  9.0976E-02  8.4548E-02  1.3546E-01  1.7270E-01  1.2387E-01 -1.0062E-01  1.0778E-01 -9.7271E-02  1.2709E-01 -1.0874E-01
             3.4296E-02  1.0542E-01 -2.3083E-02  1.0792E-01  6.9576E-02  7.1229E-02
 GRADIENT:  -1.1758E+04 -1.1787E+04 -8.7323E+03 -6.8505E+03 -9.4957E+03 -1.1685E+04  1.0914E+04  1.1759E+04  4.6371E+03 -7.4310E+00
             1.1144E+04  5.5924E+03  1.1434E+04 -5.4555E+03  1.1809E+04 -5.9155E+03
 NUMSIGDIG:         3.3         3.3         3.3         3.3         3.3         3.3         3.3         3.3         3.3         2.6
                    3.3         3.3         3.3         3.3         3.3         3.3

 #TERM:
0MINIMIZATION TERMINATED
 DUE TO ROUNDING ERRORS (ERROR=134)
 NO. OF FUNCTION EVALUATIONS USED:      345
 NO. OF SIG. DIGITS IN FINAL EST.:  2.6
 ADDITIONAL PROBLEMS OCCURRED WITH THE MINIMIZATION.
 REGARD THE RESULTS OF THE ESTIMATION STEP CAREFULLY, AND ACCEPT THEM ONLY
 AFTER CHECKING THAT THE COVARIANCE STEP PRODUCES REASONABLE OUTPUT.

 ETABAR IS THE ARITHMETIC MEAN OF THE ETA-ESTIMATES,
 AND THE P-VALUE IS GIVEN FOR THE NULL HYPOTHESIS THAT THE TRUE MEAN IS 0.

 ETABAR:        -3.2759E-03 -1.1157E-02  1.3749E-01 -9.8231E-02
 SE:             4.4299E-02  2.1519E-02  7.4001E-02  8.5936E-02
 N:                      32          32          32          32

 P VAL.:         9.4105E-01  6.0411E-01  6.3169E-02  2.5301E-01

 ETAshrink(%):   1.3471E+00  9.0002E+00  4.7654E+01  1.9422E+01
 EBVshrink(%):   2.2127E+00  1.2819E+01  4.3648E+01  2.3524E+01
 EPSshrink(%):   1.3960E+01  1.3366E+01

 #TERE:
 Elapsed estimation time in seconds:     4.95
1
 
 
 
 
 
 
 
 
 
 
 
 
 
 
 
 
 
 
 
 
 ************************************************************************************************************************
 ********************                                                                                ********************
 ********************               FIRST ORDER CONDITIONAL ESTIMATION WITH INTERACTION              ********************
 #OBJT:**************                       MINIMUM VALUE OF OBJECTIVE FUNCTION                      ********************
 ********************                                                                                ********************
 ************************************************************************************************************************
 





 #OBJV:********************************************      189.366       **************************************************
1
 ************************************************************************************************************************
 ********************                                                                                ********************
 ********************               FIRST ORDER CONDITIONAL ESTIMATION WITH INTERACTION              ********************
 ********************                             FINAL PARAMETER ESTIMATE                           ********************
 ********************                                                                                ********************
 ************************************************************************************************************************
 


 THETA - VECTOR OF FIXED EFFECTS PARAMETERS   *********


         TH 1      TH 2      TH 3      TH 4     
 
         1.31E-01  8.17E+00  7.92E-01  9.60E-01
 


 OMEGA - COV MATRIX FOR RANDOM EFFECTS - ETAS  ********


            ETA1      ETA2      ETA3      ETA4   
 
 ETA1
+        6.66E-02
 
 ETA2
+       -2.36E-03  1.85E-02
 
 ETA3
+        9.23E-03 -1.59E-02  6.60E-01
 
 ETA4
+       -5.08E-03  6.50E-02 -3.48E-01  3.76E-01
 


 SIGMA - COV MATRIX FOR RANDOM EFFECTS - EPSILONS  ****


            EPS1      EPS2   
 
 EPS1
+        6.19E-03
 
 EPS2
+        0.00E+00  1.27E-01
 
1


 OMEGA - CORR MATRIX FOR RANDOM EFFECTS - ETAS  *******


            ETA1      ETA2      ETA3      ETA4   
 
 ETA1
+        2.58E-01
 
 ETA2
+       -6.73E-02  1.36E-01
 
 ETA3
+        4.40E-02 -1.44E-01  8.13E-01
 
 ETA4
+       -3.21E-02  7.80E-01 -7.00E-01  6.13E-01
 


 SIGMA - CORR MATRIX FOR RANDOM EFFECTS - EPSILONS  ***


            EPS1      EPS2   
 
 EPS1
+        7.87E-02
 
 EPS2
+        0.00E+00  3.56E-01
 
 #CPUT: Total CPU Time in Seconds,        4.368
Stop Time: 
Mon 30/03/2015 
02:44 p.m.
start 30/03/2015
end   30/03/2015
exe  nmtcl
user 0:2.49
real 0:2.49
sys  0:0
start 30/03/2015
end   30/03/2015
exe  nonmem
user 0:5.36
real 0:5.36
sys  0:0
