Mon 30/03/2015 
03:18 p.m.
$PROB WARFARIN PKPD

;O'REILLY RA, AGGELER PM. STUDIES ON COUMARIN ANTICOAGULANT DRUGS
;INITIATION OF WARFARIN THERAPY WITHOUT A LOADING DOSE.
;CIRCULATION 1968;38:169-177
;
;O'REILLY RA, AGGELER PM, LEONG LS. STUDIES OF THE COUMARIN ANTICOAGULANT
;DRUGS: THE PHARMACODYNAMICS OF WARFARIN IN MAN.
;JOURNAL OF CLINICAL INVESTIGATION 1963;42(10):1542-1551

$INPUT ID TIME WT AGE SEX DVID DV MDV EVID CMTX AMT
$DATA ..\ka1_to_emax1_simln.csv

$EST MAX=9990 NSIG=3 SIGL=9 PRINT=1
METHOD=COND INTER NOABORT
$COV

$THETA
(0.01,0.131,1) FIX ; POP_CL L/H/70KG
(0.01,8.17,20) FIX ; POP_V L/70KG
(0.01,0.792,24) FIX ; POP_TABS H
(0.01,0.96,24) FIX ; POP_LAG H
$OMEGA BLOCK(4)
0.0666 ; PPV_CL
-0.00236 0.0185 ; PPV_V
0.00923 -0.0159 0.66 ; PPV_TABS
-0.00508 0.065 -0.348 0.376 FIX ; PPV_LAG
$SIGMA 0.00619 FIX ; RUV_CV
$SIGMA 0.127 FIX ; RUV_SD MG/L

$THETA
(0.01,96.2,200) ; POP_E0
(-INF,-162.,0) ; POP_EMAX
(0.01,5.42,100) ; POP_C50
(0.01,40.1,100) ; POP_TEQ
$OMEGA BLOCK(3)
0.00185 ; PPV_E0
-0.00155 0.0487 ; PPV_C50
-0.00218 -0.0449 0.0615 ; PPV_TEQ
$OMEGA 0 FIX ; PPV_EMAX
$SIGMA 15.3 ; RUV_FX

$SUBR ADVAN4 TRAN4

$PK

   IF (NEWIND.EQ.0) LN2=LOG(2)

   FSZV=WT/70
   FSZCL=FSZV**0.75

   CL=FSZCL*THETA(1)*EXP(ETA(1))
   V=FSZV*THETA(2)*EXP(ETA(2))
   TABS=THETA(3)*EXP(ETA(3))
   TLAG=THETA(4)*EXP(ETA(4))

   E0=THETA(5)*EXP(ETA(5))
   EMAX=THETA(6)*EXP(ETA(8))
   C50=THETA(7)*EXP(ETA(6))
   TEQ=THETA(8)*EXP(ETA(7))

   KEQ=LN2/TEQ
   KA=LN2/TABS
   ALAG1=TLAG
   S2=V
   V2=V
   V3=V2*0.0001
   Q=V3*KEQ


$ERROR

   CP=A(2)/S2
   CE=A(3)/V3
   PCA=E0 + EMAX*CE/(C50+CE)
   IF (DVID.LE.1) THEN
      Y=CP*(1+ERR(1)) + ERR(2)
   ENDIF
   IF (DVID.EQ.2) THEN
      Y=PCA + ERR(3)
   ENDIF

$TABLE ID TIME DVID CP CE PCA Y
ETA1 ETA2 ETA3 ETA4 ETA5 ETA6 ETA7 ETA8
ONEHEADER NOPRINT FILE=ka1_ce_emax_est_blk2.fit



  
NM-TRAN MESSAGES 
  
 WARNINGS AND ERRORS (IF ANY) FOR PROBLEM    1
             
 (WARNING  2) NM-TRAN INFERS THAT THE DATA ARE POPULATION.
             
 (WARNING  3) THERE MAY BE AN ERROR IN THE ABBREVIATED CODE. THE FOLLOWING
 ONE OR MORE RANDOM VARIABLES ARE DEFINED WITH "IF" STATEMENTS THAT DO NOT
 PROVIDE DEFINITIONS FOR BOTH THE "THEN" AND "ELSE" CASES. IF ALL
 CONDITIONS FAIL, THE VALUES OF THESE VARIABLES WILL BE ZERO.
  
   Y

License Registered to: University of Auckland - School of Medicine
Expiration Date:    14 NOV 2015
Current Date:       30 MAR 2015
Days until program expires : 224
1NONLINEAR MIXED EFFECTS MODEL PROGRAM (NONMEM) VERSION 7.3.0
 ORIGINALLY DEVELOPED BY STUART BEAL, LEWIS SHEINER, AND ALISON BOECKMANN
 CURRENT DEVELOPERS ARE ROBERT BAUER, ICON DEVELOPMENT SOLUTIONS,
 AND ALISON BOECKMANN. IMPLEMENTATION, EFFICIENCY, AND STANDARDIZATION
 PERFORMED BY NOUS INFOSYSTEMS.

 PROBLEM NO.:         1
 WARFARIN PKPD
0DATA CHECKOUT RUN:              NO
 DATA SET LOCATED ON UNIT NO.:    2
 THIS UNIT TO BE REWOUND:        NO
 NO. OF DATA RECS IN DATA SET:      526
 NO. OF DATA ITEMS IN DATA SET:  11
 ID DATA ITEM IS DATA ITEM NO.:   1
 DEP VARIABLE IS DATA ITEM NO.:   7
 MDV DATA ITEM IS DATA ITEM NO.:  8
0INDICES PASSED TO SUBROUTINE PRED:
   9   2  11   0   0   0   0   0   0   0   0
0LABELS FOR DATA ITEMS:
 ID TIME WT AGE SEX DVID DV MDV EVID CMTX AMT
0(NONBLANK) LABELS FOR PRED-DEFINED ITEMS:
 CP CE PCA Y
0FORMAT FOR DATA:
 (E3.0,E4.0,E5.0,E3.0,2E2.0,E10.0,3E2.0,E5.0)

 TOT. NO. OF OBS RECS:      483
 TOT. NO. OF INDIVIDUALS:     32
0LENGTH OF THETA:   8
0DEFAULT THETA BOUNDARY TEST OMITTED:    NO
0OMEGA HAS BLOCK FORM:
  1
  1  1
  1  1  1
  1  1  1  1
  0  0  0  0  2
  0  0  0  0  2  2
  0  0  0  0  2  2  2
  0  0  0  0  0  0  0  3
0DEFAULT OMEGA BOUNDARY TEST OMITTED:    NO
0SIGMA HAS BLOCK FORM:
  1
  0  2
  0  0  3
0DEFAULT SIGMA BOUNDARY TEST OMITTED:    NO
0INITIAL ESTIMATE OF THETA:
 LOWER BOUND    INITIAL EST    UPPER BOUND
  0.1310E+00     0.1310E+00     0.1310E+00
  0.8170E+01     0.8170E+01     0.8170E+01
  0.7920E+00     0.7920E+00     0.7920E+00
  0.9600E+00     0.9600E+00     0.9600E+00
  0.1000E-01     0.9620E+02     0.2000E+03
 -0.1000E+07    -0.1620E+03     0.0000E+00
  0.1000E-01     0.5420E+01     0.1000E+03
  0.1000E-01     0.4010E+02     0.1000E+03
0INITIAL ESTIMATE OF OMEGA:
 BLOCK SET NO.   BLOCK                                                                    FIXED
        1                                                                                  YES
                  0.6660E-01
                 -0.2360E-02   0.1850E-01
                  0.9230E-02  -0.1590E-01   0.6600E+00
                 -0.5080E-02   0.6500E-01  -0.3480E+00   0.3760E+00
        2                                                                                   NO
                  0.1850E-02
                 -0.1550E-02   0.4870E-01
                 -0.2180E-02  -0.4490E-01   0.6150E-01
        3                                                                                  YES
                  0.0000E+00
0INITIAL ESTIMATE OF SIGMA:
 BLOCK SET NO.   BLOCK                                                                    FIXED
        1                                                                                  YES
                  0.6190E-02
        2                                                                                  YES
                  0.1270E+00
        3                                                                                   NO
                  0.1530E+02
0COVARIANCE STEP OMITTED:        NO
 EIGENVLS. PRINTED:              NO
 SPECIAL COMPUTATION:            NO
 COMPRESSED FORMAT:              NO
 SIGDIGITS ETAHAT (SIGLO):                  -1
 SIGDIGITS GRADIENTS (SIGL):                -1
 RELATIVE TOLERANCE (TOL):                  -1
 ABSOLUTE TOLERANCE-ADVAN 9,13 ONLY (ATOL): -1
 EXCLUDE COV FOR FOCE (NOFCOV):              NO
 RESUME COV ANALYSIS (RESUME):               NO
0TABLES STEP OMITTED:    NO
 NO. OF TABLES:           1
 SEED NUMBER (SEED):    11456
 RANMETHOD:
 MC SAMPLES (ESEED):    300
 WRES SQUARE ROOT TYPE:            EIGENVALUE
0-- TABLE   1 --
 PRINTED:                NO
 HEADER:                YES
 FILE TO BE FORWARDED:   NO
 FORMAT:                S1PE11.4
 LFORMAT:
 RFORMAT:
0USER-CHOSEN ITEMS:
 ID TIME DVID CP CE PCA Y ETA1 ETA2 ETA3 ETA4 ETA5 ETA6 ETA7 ETA8
1DOUBLE PRECISION PREDPP VERSION 7.3.0

 TWO COMPARTMENT MODEL WITH FIRST-ORDER ABSORPTION (ADVAN4)
0MAXIMUM NO. OF BASIC PK PARAMETERS:   5
0BASIC PK PARAMETERS (AFTER TRANSLATION):
   BASIC PK PARAMETER NO.  1: ELIMINATION RATE (K)
   BASIC PK PARAMETER NO.  2: CENTRAL-TO-PERIPH. RATE (K23)
   BASIC PK PARAMETER NO.  3: PERIPH.-TO-CENTRAL RATE (K32)
   BASIC PK PARAMETER NO.  5: ABSORPTION RATE (KA)
 TRANSLATOR WILL CONVERT PARAMETERS
 CL, V2, Q, V3 TO K, K23, K32 (TRANS4)
0COMPARTMENT ATTRIBUTES
 COMPT. NO.   FUNCTION   INITIAL    ON/OFF      DOSE      DEFAULT    DEFAULT
                         STATUS     ALLOWED    ALLOWED    FOR DOSE   FOR OBS.
    1         DEPOT        OFF        YES        YES        YES        NO
    2         CENTRAL      ON         NO         YES        NO         YES
    3         PERIPH.      ON         NO         YES        NO         NO
    4         OUTPUT       OFF        YES        NO         NO         NO
1
 ADDITIONAL PK PARAMETERS - ASSIGNMENT OF ROWS IN GG
 COMPT. NO.                             INDICES
              SCALE      BIOAVAIL.   ZERO-ORDER  ZERO-ORDER  ABSORB
                         FRACTION    RATE        DURATION    LAG
    1            *           *           *           *           6
    2            7           *           *           *           *
    3            *           *           *           *           *
    4            *           -           -           -           -
             - PARAMETER IS NOT ALLOWED FOR THIS MODEL
             * PARAMETER IS NOT SUPPLIED BY PK SUBROUTINE;
               WILL DEFAULT TO ONE IF APPLICABLE
0DATA ITEM INDICES USED BY PRED ARE:
   EVENT ID DATA ITEM IS DATA ITEM NO.:      9
   TIME DATA ITEM IS DATA ITEM NO.:          2
   DOSE AMOUNT DATA ITEM IS DATA ITEM NO.:  11

0PK SUBROUTINE CALLED WITH EVERY EVENT RECORD.
 PK SUBROUTINE NOT CALLED AT NONEVENT (ADDITIONAL OR LAGGED) DOSE TIMES.
0ERROR SUBROUTINE CALLED WITH EVERY EVENT RECORD.
0ERROR SUBROUTINE INDICATES THAT DERIVATIVES OF COMPARTMENT AMOUNTS ARE USED.
1


 #TBLN:      1
 #METH: First Order Conditional Estimation with Interaction

 ESTIMATION STEP OMITTED:                 NO  
 ANALYSIS TYPE:                           POPULATION
 CONDITIONAL ESTIMATES USED:              YES 
 CENTERED ETA:                            NO  
 EPS-ETA INTERACTION:                     YES 
 LAPLACIAN OBJ. FUNC.:                    NO  
 NO. OF FUNCT. EVALS. ALLOWED:            9990
 NO. OF SIG. FIGURES REQUIRED:            3
 INTERMEDIATE PRINTOUT:                   YES 
 ESTIMATE OUTPUT TO MSF:                  NO  
 ABORT WITH PRED EXIT CODE 1:             NO  
 IND. OBJ. FUNC. VALUES SORTED:           NO  
 NUMERICAL DERIVATIVE 
       FILE REQUEST (NUMDER):             NONE
 MAP (ETAHAT) ESTIMATION METHOD (OPTMAP): 0           
 ETA HESSIAN EVALUATION METHOD (ETADER):  0           
 INITIAL ETA FOR MAP ESTIMATION (MCETA):  0           
 SIGDIGITS FOR MAP ESTIMATION (SIGLO):    9           
 GRADIENT SIGDIGITS OF 
       FIXED EFFECTS PARAMETERS (SIGL):   9           
 EXCLUDE TITLE (NOTITLE):                 NO 
 EXCLUDE COLUMN LABELS (NOLABEL):         NO 
 NOPRIOR SETTING (NOPRIOR):               OFF
 NOCOV SETTING (NOCOV):                   OFF
 DERCONT SETTING (DERCONT):               OFF
 ABSOLUTE TOLERANCE-ADVAN 9,13 ONLY(ATOL):-100        
 FINAL ETA RE-EVALUATION (FNLETA):        ON 
 EXCLUDE NON-INFLUENTIAL (NON-INFL.) ETAS 
       IN SHRINKAGE (ETASTYPE):           NO 
 NON-INFL. ETA CORRECTION (NONINFETA):    OFF
 FORMAT FOR ADDITIONAL FILES (FORMAT):    S1PE12.5
 PARAMETER ORDER FOR OUTPUTS (ORDER):     TSOL
 ADDITIONAL CONVERGENCE TEST (CTYPE=4)?:  NO
 EM OR BAYESIAN METHOD USED:                NONE


 THE FOLLOWING LABELS ARE EQUIVALENT
 PRED=PREDI
 RES=RESI
 WRES=WRESI
 IWRS=IWRESI
 IPRD=IPREDI
 IRS=IRESI

 MONITORING OF SEARCH:


0ITERATION NO.:    0    OBJECTIVE VALUE:   1211.07464592101        NO. OF FUNC. EVALS.:   7
 CUMULATIVE NO. OF FUNC. EVALS.:        7
 NPARAMETR:  9.6200E+01 -1.6200E+02  5.4200E+00  4.0100E+01  1.8500E-03 -1.5500E-03 -2.1800E-03  4.8700E-02 -4.4900E-02  6.1500E-02
             1.5300E+01
 PARAMETER:  1.0000E-01  1.0000E-01  1.0000E-01  1.0000E-01  1.0000E-01 -1.0000E-01 -1.0000E-01  1.0000E-01 -1.0000E-01  1.0000E-01
             1.0000E-01
 GRADIENT:  -6.5495E+00 -2.0604E+01 -1.0976E+01 -5.5735E+00 -7.9501E-02  5.1147E-02  9.9392E-03 -2.0349E-01 -2.5308E+00 -5.9908E-01
            -6.1955E-01

0ITERATION NO.:    1    OBJECTIVE VALUE:   1209.55812737522        NO. OF FUNC. EVALS.:   9
 CUMULATIVE NO. OF FUNC. EVALS.:       16
 NPARAMETR:  9.6438E+01 -1.5959E+02  5.4610E+00  4.0197E+01  1.8502E-03 -1.5507E-03 -2.1803E-03  4.8715E-02 -4.4045E-02  5.9830E-02
             1.5314E+01
 PARAMETER:  1.0477E-01  1.1500E-01  1.0799E-01  1.0406E-01  1.0006E-01 -1.0004E-01 -1.0001E-01  1.0015E-01 -9.8157E-02  1.0044E-01
             1.0045E-01
 GRADIENT:   1.6886E+02  2.5072E+02  1.2601E+02  5.5384E+01 -1.0301E+00 -3.7141E+00 -3.4500E+00 -4.0180E+00 -1.7913E+01 -3.4784E+00
            -5.2147E+00

0ITERATION NO.:    2    OBJECTIVE VALUE:   1208.14179605721        NO. OF FUNC. EVALS.:   9
 CUMULATIVE NO. OF FUNC. EVALS.:       25
 NPARAMETR:  9.5858E+01 -1.6236E+02  5.4165E+00  4.0106E+01  1.8505E-03 -1.5468E-03 -2.1753E-03  4.8735E-02 -4.3491E-02  5.8716E-02
             1.5325E+01
 PARAMETER:  9.3150E-02  9.7750E-02  9.9322E-02  1.0025E-01  1.0013E-01 -9.9782E-02 -9.9770E-02  1.0042E-01 -9.6925E-02  1.0068E-01
             1.0081E-01
 GRADIENT:  -9.0153E+01 -1.0391E+02 -5.5099E+01 -2.5706E+01 -7.6340E-01 -1.6311E+00 -1.9555E+00  2.5742E+00  2.4112E+01  1.0808E+00
             1.1999E+00

0ITERATION NO.:    3    OBJECTIVE VALUE:   1208.12856863716        NO. OF FUNC. EVALS.:  11
 CUMULATIVE NO. OF FUNC. EVALS.:       36
 NPARAMETR:  9.5947E+01 -1.6259E+02  5.4149E+00  4.0107E+01  1.8511E-03 -1.5401E-03 -2.1652E-03  4.8713E-02 -4.4516E-02  6.0650E-02
             1.5330E+01
 PARAMETER:  9.4941E-02  9.6342E-02  9.9004E-02  1.0031E-01  1.0030E-01 -9.9330E-02 -9.9291E-02  1.0032E-01 -9.9091E-02  1.0074E-01
             1.0097E-01
 GRADIENT:  -8.5682E+01 -1.1309E+02 -5.9476E+01 -2.7295E+01 -6.7291E-01 -1.7454E+00 -2.2373E+00  6.1289E-01  4.5063E+00  9.5305E-01
             1.4605E+00

0ITERATION NO.:    4    OBJECTIVE VALUE:   1208.12243640927        NO. OF FUNC. EVALS.:  11
 CUMULATIVE NO. OF FUNC. EVALS.:       47
 NPARAMETR:  9.6006E+01 -1.6273E+02  5.4151E+00  4.0113E+01  1.8519E-03 -1.5308E-03 -2.1507E-03  4.8718E-02 -4.4269E-02  6.0072E-02
             1.5335E+01
 PARAMETER:  9.6113E-02  9.5499E-02  9.9051E-02  1.0054E-01  1.0050E-01 -9.8712E-02 -9.8608E-02  1.0054E-01 -9.8491E-02  1.0086E-01
             1.0115E-01
 GRADIENT:  -7.9895E+01 -1.1352E+02 -5.9543E+01 -2.7167E+01 -4.2446E-01 -9.8665E-01 -1.3760E+00  1.2345E+00  9.9335E+00  1.0028E+00
             1.6384E+00

0ITERATION NO.:    5    OBJECTIVE VALUE:   1208.12005677471        NO. OF FUNC. EVALS.:  11
 CUMULATIVE NO. OF FUNC. EVALS.:       58
 NPARAMETR:  9.5985E+01 -1.6284E+02  5.4220E+00  4.0142E+01  1.8539E-03 -1.5048E-03 -2.1103E-03  4.8722E-02 -4.4484E-02  6.0234E-02
             1.5350E+01
 PARAMETER:  9.5702E-02  9.4853E-02  1.0040E-01  1.0175E-01  1.0107E-01 -9.6983E-02 -9.6698E-02  1.0104E-01 -9.8763E-02  1.0129E-01
             1.0162E-01
 GRADIENT:  -8.0225E+01 -1.1257E+02 -5.8972E+01 -2.6631E+01 -1.6593E-01 -1.7014E-01 -4.1271E-01  1.2774E+00  9.4435E+00  1.0307E+00
             1.9619E+00

0ITERATION NO.:    6    OBJECTIVE VALUE:   1208.11290410616        NO. OF FUNC. EVALS.:   9
 CUMULATIVE NO. OF FUNC. EVALS.:       67
 NPARAMETR:  9.5980E+01 -1.6337E+02  5.4505E+00  4.0203E+01  1.8538E-03 -1.5098E-03 -2.1307E-03  4.8880E-02 -4.4581E-02  6.0416E-02
             1.5312E+01
 PARAMETER:  9.5599E-02  9.1574E-02  1.0595E-01  1.0428E-01  1.0102E-01 -9.7305E-02 -9.7639E-02  1.0262E-01 -9.8864E-02  1.0297E-01
             1.0041E-01
 GRADIENT:  -7.9131E+01 -1.1153E+02 -5.7669E+01 -2.5515E+01 -3.2099E-01 -5.4145E-01 -9.5992E-01  1.5149E+00  9.3707E+00  1.0803E+00
             1.4315E+00

0ITERATION NO.:    7    OBJECTIVE VALUE:   1208.09298628020        NO. OF FUNC. EVALS.:   9
 CUMULATIVE NO. OF FUNC. EVALS.:       76
 NPARAMETR:  9.5981E+01 -1.6400E+02  5.5139E+00  3.9983E+01  1.8581E-03 -1.5122E-03 -2.1311E-03  4.8924E-02 -4.4706E-02  6.0763E-02
             1.5416E+01
 PARAMETER:  9.5612E-02  8.7744E-02  1.1820E-01  9.5114E-02  1.0218E-01 -9.7348E-02 -9.7547E-02  1.0307E-01 -9.9083E-02  1.0879E-01
             1.0378E-01
 GRADIENT:  -7.5911E+01 -1.0695E+02 -5.4094E+01 -2.6605E+01 -1.8048E-01 -5.1685E-01 -1.1454E+00  1.9075E+00  8.9195E+00  1.2995E+00
             3.7407E+00

0ITERATION NO.:    8    OBJECTIVE VALUE:   1208.07986324304        NO. OF FUNC. EVALS.:   9
 CUMULATIVE NO. OF FUNC. EVALS.:       85
 NPARAMETR:  9.5982E+01 -1.6413E+02  5.5323E+00  3.9889E+01  1.8614E-03 -1.5068E-03 -2.0813E-03  4.8602E-02 -4.4554E-02  6.0655E-02
             1.5246E+01
 PARAMETER:  9.5627E-02  8.6962E-02  1.2173E-01  9.1203E-02  1.0309E-01 -9.6913E-02 -9.5176E-02  9.9803E-02 -9.8976E-02  1.1288E-01
             9.8240E-02
 GRADIENT:  -7.4182E+01 -1.0429E+02 -5.2736E+01 -2.7045E+01 -8.2495E-02  2.6029E-01 -2.5401E-01  1.6633E+00  8.6684E+00  1.3568E+00
             4.2536E-01

0ITERATION NO.:    9    OBJECTIVE VALUE:   1207.93074385214        NO. OF FUNC. EVALS.:   8
 CUMULATIVE NO. OF FUNC. EVALS.:       93
 NPARAMETR:  9.6010E+01 -1.6445E+02  5.5557E+00  4.0020E+01  1.8815E-03 -1.6983E-03 -1.9166E-03  4.5788E-02 -4.1625E-02  5.8415E-02
             1.5310E+01
 PARAMETER:  9.6188E-02  8.4993E-02  1.2622E-01  9.6647E-02  1.0845E-01 -1.0865E-01 -8.7177E-02  6.5663E-02 -9.6027E-02  1.4168E-01
             1.0033E-01
 GRADIENT:  -5.8105E+01 -8.1577E+01 -4.1061E+01 -1.9910E+01 -2.6739E-01 -1.3369E+00  1.3455E-01 -1.7914E+00  6.7021E+00  2.2358E+00
             2.0529E+00

0ITERATION NO.:   10    OBJECTIVE VALUE:   1207.54337902590        NO. OF FUNC. EVALS.:   9
 CUMULATIVE NO. OF FUNC. EVALS.:      102
 NPARAMETR:  9.6111E+01 -1.6154E+02  5.4002E+00  4.0214E+01  1.9591E-03 -1.5444E-03 -2.3726E-03  4.9090E-02 -4.5700E-02  6.4593E-02
             1.5244E+01
 PARAMETER:  9.8208E-02  1.0284E-01  9.6126E-02  1.0476E-01  1.2866E-01 -9.6826E-02 -1.0576E-01  1.0495E-01 -1.0130E-01  1.5787E-01
             9.8176E-02
 GRADIENT:  -1.6059E+01 -2.0161E+01 -1.1932E+01 -5.6381E+00  8.9816E-01  5.6288E-02 -1.4405E+00  3.8105E-01 -1.3667E+00  2.4778E+00
             3.2163E-02

0ITERATION NO.:   11    OBJECTIVE VALUE:   1207.45625642915        NO. OF FUNC. EVALS.:   8
 CUMULATIVE NO. OF FUNC. EVALS.:      110
 NPARAMETR:  9.6127E+01 -1.6187E+02  5.4292E+00  4.0215E+01  1.8901E-03 -1.6394E-03 -2.0497E-03  4.9397E-02 -4.5906E-02  6.2662E-02
             1.5272E+01
 PARAMETER:  9.8530E-02  1.0083E-01  1.0180E-01  1.0480E-01  1.1071E-01 -1.0464E-01 -9.3022E-02  1.0602E-01 -1.0144E-01  1.0675E-01
             9.9095E-02
 GRADIENT:  -7.1796E+00 -7.3835E+00 -4.8137E+00 -2.0136E+00  9.5939E-03 -9.9638E-01 -1.2604E+00  4.8684E-02 -3.3619E+00  1.3291E+00
             9.5899E-02

0ITERATION NO.:   12    OBJECTIVE VALUE:   1207.45625642915        NO. OF FUNC. EVALS.:  17
 CUMULATIVE NO. OF FUNC. EVALS.:      127
 NPARAMETR:  9.6127E+01 -1.6187E+02  5.4292E+00  4.0215E+01  1.8901E-03 -1.6394E-03 -2.0497E-03  4.9397E-02 -4.5906E-02  6.2662E-02
             1.5272E+01
 PARAMETER:  9.8530E-02  1.0083E-01  1.0180E-01  1.0480E-01  1.1071E-01 -1.0464E-01 -9.3022E-02  1.0602E-01 -1.0144E-01  1.0675E-01
             9.9095E-02
 GRADIENT:  -1.0982E+01 -1.3725E+01 -6.6236E+00 -2.2343E+00  9.5939E-03 -9.9638E-01 -1.2604E+00  4.8684E-02 -3.3619E+00  1.3291E+00
             4.9504E-02

0ITERATION NO.:   13    OBJECTIVE VALUE:   1207.38064976622        NO. OF FUNC. EVALS.:  36
 CUMULATIVE NO. OF FUNC. EVALS.:      163             RESET HESSIAN, TYPE I
 NPARAMETR:  9.6237E+01 -1.6156E+02  5.4467E+00  4.0320E+01  1.8894E-03 -1.6408E-03 -2.0517E-03  4.9411E-02 -4.5799E-02  6.2454E-02
             1.5349E+01
 PARAMETER:  1.0074E-01  1.0272E-01  1.0521E-01  1.0916E-01  1.1054E-01 -1.0475E-01 -9.3128E-02  1.0613E-01 -1.0121E-01  1.0684E-01
             1.0161E-01
 GRADIENT:   4.2377E+01  6.0867E+01  3.0539E+01  1.4417E+01 -8.4362E-02 -1.6625E+00 -1.9223E+00 -2.1353E-01 -3.7537E+00  1.0316E+00
             7.3148E-01

0ITERATION NO.:   14    OBJECTIVE VALUE:   1207.26723494134        NO. OF FUNC. EVALS.:   9
 CUMULATIVE NO. OF FUNC. EVALS.:      172
 NPARAMETR:  9.6201E+01 -1.6168E+02  5.4397E+00  4.0263E+01  1.8894E-03 -1.6407E-03 -2.0516E-03  4.9411E-02 -4.5794E-02  6.2443E-02
             1.5344E+01
 PARAMETER:  1.0002E-01  1.0199E-01  1.0385E-01  1.0677E-01  1.1054E-01 -1.0474E-01 -9.3123E-02  1.0614E-01 -1.0119E-01  1.0684E-01
             1.0144E-01
 GRADIENT:   2.2762E+01  3.2822E+01  1.6031E+01  7.5486E+00  8.4858E-03 -1.2854E+00 -1.5217E+00  6.0790E-02 -2.2747E+00  1.1932E+00
             1.0143E+00

0ITERATION NO.:   15    OBJECTIVE VALUE:   1207.24836495306        NO. OF FUNC. EVALS.:   9
 CUMULATIVE NO. OF FUNC. EVALS.:      181
 NPARAMETR:  9.6189E+01 -1.6172E+02  5.4380E+00  4.0249E+01  1.8894E-03 -1.6405E-03 -2.0514E-03  4.9406E-02 -4.5788E-02  6.2434E-02
             1.5311E+01
 PARAMETER:  9.9783E-02  1.0174E-01  1.0352E-01  1.0621E-01  1.1054E-01 -1.0473E-01 -9.3113E-02  1.0608E-01 -1.0119E-01  1.0682E-01
             1.0034E-01
 GRADIENT:   1.7061E+01  2.4927E+01  1.1920E+01  5.6329E+00  2.7657E-03 -1.1816E+00 -1.4300E+00  1.1372E-01 -1.9555E+00  1.2296E+00
             4.6836E-01

0ITERATION NO.:   16    OBJECTIVE VALUE:   1207.24836495306        NO. OF FUNC. EVALS.:  15
 CUMULATIVE NO. OF FUNC. EVALS.:      196
 NPARAMETR:  9.6189E+01 -1.6172E+02  5.4380E+00  4.0249E+01  1.8894E-03 -1.6405E-03 -2.0514E-03  4.9406E-02 -4.5788E-02  6.2434E-02
             1.5311E+01
 PARAMETER:  9.9783E-02  1.0174E-01  1.0352E-01  1.0621E-01  1.1054E-01 -1.0473E-01 -9.3113E-02  1.0608E-01 -1.0119E-01  1.0682E-01
             1.0034E-01
 GRADIENT:   1.3272E+01  1.8547E+01  1.0087E+01  5.4100E+00  2.7657E-03 -1.1816E+00 -1.4300E+00  1.1372E-01 -1.9555E+00  1.2296E+00
             4.2185E-01

0ITERATION NO.:   17    OBJECTIVE VALUE:   1207.24708690981        NO. OF FUNC. EVALS.:  41
 CUMULATIVE NO. OF FUNC. EVALS.:      237             RESET HESSIAN, TYPE I
 NPARAMETR:  9.6189E+01 -1.6172E+02  5.4377E+00  4.0247E+01  1.8894E-03 -1.6405E-03 -2.0514E-03  4.9406E-02 -4.5787E-02  6.2432E-02
             1.5311E+01
 PARAMETER:  9.9783E-02  1.0174E-01  1.0346E-01  1.0611E-01  1.1054E-01 -1.0473E-01 -9.3113E-02  1.0608E-01 -1.0118E-01  1.0682E-01
             1.0036E-01
 GRADIENT:   1.6695E+01  2.4309E+01  1.1596E+01  5.4681E+00  5.2605E-03 -1.1738E+00 -1.4217E+00  1.1851E-01 -1.9282E+00  1.2329E+00
             4.8344E-01

0ITERATION NO.:   18    OBJECTIVE VALUE:   1207.24708690981        NO. OF FUNC. EVALS.:  16
 CUMULATIVE NO. OF FUNC. EVALS.:      253
 NPARAMETR:  9.6189E+01 -1.6172E+02  5.4377E+00  4.0247E+01  1.8894E-03 -1.6405E-03 -2.0514E-03  4.9406E-02 -4.5787E-02  6.2432E-02
             1.5311E+01
 PARAMETER:  9.9783E-02  1.0174E-01  1.0346E-01  1.0611E-01  1.1054E-01 -1.0473E-01 -9.3113E-02  1.0608E-01 -1.0118E-01  1.0682E-01
             1.0036E-01
 GRADIENT:   1.2905E+01  1.7929E+01  9.7642E+00  5.2455E+00  5.2605E-03 -1.1738E+00 -1.4217E+00  1.1851E-01 -1.9282E+00  1.2329E+00
             4.3692E-01

0ITERATION NO.:   19    OBJECTIVE VALUE:   1207.24708690981        NO. OF FUNC. EVALS.:  31
 CUMULATIVE NO. OF FUNC. EVALS.:      284
 NPARAMETR:  9.6189E+01 -1.6172E+02  5.4377E+00  4.0247E+01  1.8894E-03 -1.6405E-03 -2.0514E-03  4.9406E-02 -4.5786E-02  6.2430E-02
             1.5314E+01
 PARAMETER:  9.9783E-02  1.0174E-01  1.0346E-01  1.0611E-01  1.1054E-01 -1.0473E-01 -9.3113E-02  1.0608E-01 -1.0118E-01  1.0682E-01
             1.0036E-01
 GRADIENT:  -1.0936E+03 -1.0686E+03 -1.0601E+03 -1.0389E+03  9.6927E-01  5.3147E+02  5.5758E+02 -5.2268E+02 -5.5295E+02 -2.0111E+00
            -5.2057E-01
 NUMSIGDIG:         3.3         3.3         3.3         3.3         2.8         3.3         3.3         3.3         3.3         3.0
                    1.7

 #TERM:
0MINIMIZATION TERMINATED
 DUE TO ROUNDING ERRORS (ERROR=134)
 NO. OF FUNCTION EVALUATIONS USED:      284
 NO. OF SIG. DIGITS IN FINAL EST.:  1.7
 ADDITIONAL PROBLEMS OCCURRED WITH THE MINIMIZATION.
 REGARD THE RESULTS OF THE ESTIMATION STEP CAREFULLY, AND ACCEPT THEM ONLY
 AFTER CHECKING THAT THE COVARIANCE STEP PRODUCES REASONABLE OUTPUT.

 ETABAR IS THE ARITHMETIC MEAN OF THE ETA-ESTIMATES,
 AND THE P-VALUE IS GIVEN FOR THE NULL HYPOTHESIS THAT THE TRUE MEAN IS 0.

 ETABAR:         1.9059E-03 -8.5409E-03  3.0453E-01 -1.6331E-01  7.2659E-04 -1.0656E-03 -7.7466E-03  0.0000E+00
 SE:             4.3409E-02  1.9757E-02  1.0049E-01  8.9734E-02  5.5695E-03  3.3817E-02  3.7200E-02  0.0000E+00
 N:                      32          32          32          32          32          32          32          32

 P VAL.:         9.6498E-01  6.6553E-01  2.4424E-03  6.8774E-02  8.9620E-01  9.7486E-01  8.3504E-01  1.0000E+00

 ETAshrink(%):   3.3254E+00  1.6515E+01  2.8906E+01  1.5893E+01  2.6358E+01  1.2559E+01  1.4433E+01  1.0000E+02
 EBVshrink(%):   2.1743E+00  9.7837E+00  3.6759E+01  2.1046E+01  2.7153E+01  1.3088E+01  1.4144E+01  0.0000E+00
 EPSshrink(%):   1.2579E+01  1.2033E+01  1.6391E+01

 #TERE:
 Elapsed estimation time in seconds:    12.00
1
 
 
 
 
 
 
 
 
 
 
 
 
 
 
 
 
 
 
 
 
 ************************************************************************************************************************
 ********************                                                                                ********************
 ********************               FIRST ORDER CONDITIONAL ESTIMATION WITH INTERACTION              ********************
 #OBJT:**************                       MINIMUM VALUE OF OBJECTIVE FUNCTION                      ********************
 ********************                                                                                ********************
 ************************************************************************************************************************
 





 #OBJV:********************************************     1207.247       **************************************************
1
 ************************************************************************************************************************
 ********************                                                                                ********************
 ********************               FIRST ORDER CONDITIONAL ESTIMATION WITH INTERACTION              ********************
 ********************                             FINAL PARAMETER ESTIMATE                           ********************
 ********************                                                                                ********************
 ************************************************************************************************************************
 


 THETA - VECTOR OF FIXED EFFECTS PARAMETERS   *********


         TH 1      TH 2      TH 3      TH 4      TH 5      TH 6      TH 7      TH 8     
 
         1.31E-01  8.17E+00  7.92E-01  9.60E-01  9.62E+01 -1.62E+02  5.44E+00  4.02E+01
 


 OMEGA - COV MATRIX FOR RANDOM EFFECTS - ETAS  ********


            ETA1      ETA2      ETA3      ETA4      ETA5      ETA6      ETA7      ETA8   
 
 ETA1
+        6.66E-02
 
 ETA2
+       -2.36E-03  1.85E-02
 
 ETA3
+        9.23E-03 -1.59E-02  6.60E-01
 
 ETA4
+       -5.08E-03  6.50E-02 -3.48E-01  3.76E-01
 
 ETA5
+        0.00E+00  0.00E+00  0.00E+00  0.00E+00  1.89E-03
 
 ETA6
+        0.00E+00  0.00E+00  0.00E+00  0.00E+00 -1.64E-03  4.94E-02
 
 ETA7
+        0.00E+00  0.00E+00  0.00E+00  0.00E+00 -2.05E-03 -4.58E-02  6.24E-02
 
 ETA8
+        0.00E+00  0.00E+00  0.00E+00  0.00E+00  0.00E+00  0.00E+00  0.00E+00  0.00E+00
 


 SIGMA - COV MATRIX FOR RANDOM EFFECTS - EPSILONS  ****


            EPS1      EPS2      EPS3   
 
 EPS1
+        6.19E-03
 
 EPS2
+        0.00E+00  1.27E-01
 
 EPS3
+        0.00E+00  0.00E+00  1.53E+01
 
1


 OMEGA - CORR MATRIX FOR RANDOM EFFECTS - ETAS  *******


            ETA1      ETA2      ETA3      ETA4      ETA5      ETA6      ETA7      ETA8   
 
 ETA1
+        2.58E-01
 
 ETA2
+       -6.72E-02  1.36E-01
 
 ETA3
+        4.40E-02 -1.44E-01  8.12E-01
 
 ETA4
+       -3.21E-02  7.79E-01 -6.99E-01  6.13E-01
 
 ETA5
+        0.00E+00  0.00E+00  0.00E+00  0.00E+00  4.35E-02
 
 ETA6
+        0.00E+00  0.00E+00  0.00E+00  0.00E+00 -1.70E-01  2.22E-01
 
 ETA7
+        0.00E+00  0.00E+00  0.00E+00  0.00E+00 -1.89E-01 -8.24E-01  2.50E-01
 
 ETA8
+        0.00E+00  0.00E+00  0.00E+00  0.00E+00  0.00E+00  0.00E+00  0.00E+00  0.00E+00
 


 SIGMA - CORR MATRIX FOR RANDOM EFFECTS - EPSILONS  ***


            EPS1      EPS2      EPS3   
 
 EPS1
+        7.87E-02
 
 EPS2
+        0.00E+00  3.56E-01
 
 EPS3
+        0.00E+00  0.00E+00  3.91E+00
 
 #CPUT: Total CPU Time in Seconds,       11.731
Stop Time: 
Mon 30/03/2015 
03:18 p.m.
start 30/03/2015
end   30/03/2015
exe  nmtcl
user 0:4.25
real 0:4.25
sys  0:0
start 30/03/2015
end   30/03/2015
exe  nonmem
user 0:12.56
real 0:12.56
sys  0:0
