Mon 30/03/2015 
02:43 p.m.
$PROB WARFARIN PKPD
;
;O'REILLY RA, AGGELER PM. STUDIES ON COUMARIN ANTICOAGULANT DRUGS
;INITIATION OF WARFARIN THERAPY WITHOUT A LOADING DOSE.
;CIRCULATION 1968;38:169-177
;
;O'REILLY RA, AGGELER PM, LEONG LS. STUDIES OF THE COUMARIN ANTICOAGULANT
;DRUGS: THE PHARMACODYNAMICS OF WARFARIN IN MAN.
;JOURNAL OF CLINICAL INVESTIGATION 1963;42(10):1542-1551
;
$INPUT ID TIME WT AGE SEX DVID DV MDV EVID CMT AMT
$DATA ..\ka1_to_emax1_simln.csv
IGNORE (DVID.EQ.2)

$EST MAX=9990 NSIG=3 SIGL=9 PRINT=1
METHOD=COND INTER NOABORT

$THETA
(0.01,0.131,1) ; POP_CL L/H/70KG
(0.01,8.1,20) ; POP_V L/70KG
(0.01,0.937,24) ; POP_TABS H
(0.01,0.946,24) ; POP_LAG H
$OMEGA
0.0657 ; PPV_CL
0.0192 ; PPV_V
0.449 ; PPV_TABS
0.473 ; PPV_LAG
$SIGMA 0.00468 ; RUV_CV
$SIGMA 0.136 ; RUV_SD MG/L

$SUBR ADVAN2 TRAN2

$PK

   IF (NEWIND.EQ.0) LN2=LOG(2)

   FSZV=WT/70
   FSZCL=FSZV**0.75

   CL=FSZCL*THETA(1)*EXP(ETA(1))
   V=FSZV*THETA(2)*EXP(ETA(2))
   TABS=THETA(3)*EXP(ETA(3))
   TLAG=THETA(4)*EXP(ETA(4))

   KA=LN2/TABS
   ALAG1=TLAG
   S2=V

$ERROR

   CP=A(2)/S2
   Y=CP*(1+ERR(1)) + ERR(2)

$TABLE ID TIME DVID Y
ONEHEADER NOPRINT FILE=ka1.fit



  
NM-TRAN MESSAGES 
  
 WARNINGS AND ERRORS (IF ANY) FOR PROBLEM    1
             
 (WARNING  2) NM-TRAN INFERS THAT THE DATA ARE POPULATION.
License Registered to: University of Auckland - School of Medicine
Expiration Date:    14 NOV 2015
Current Date:       30 MAR 2015
Days until program expires : 224
1NONLINEAR MIXED EFFECTS MODEL PROGRAM (NONMEM) VERSION 7.3.0
 ORIGINALLY DEVELOPED BY STUART BEAL, LEWIS SHEINER, AND ALISON BOECKMANN
 CURRENT DEVELOPERS ARE ROBERT BAUER, ICON DEVELOPMENT SOLUTIONS,
 AND ALISON BOECKMANN. IMPLEMENTATION, EFFICIENCY, AND STANDARDIZATION
 PERFORMED BY NOUS INFOSYSTEMS.

 PROBLEM NO.:         1
 WARFARIN PKPD
0DATA CHECKOUT RUN:              NO
 DATA SET LOCATED ON UNIT NO.:    2
 THIS UNIT TO BE REWOUND:        NO
 NO. OF DATA RECS IN DATA SET:      289
 NO. OF DATA ITEMS IN DATA SET:  11
 ID DATA ITEM IS DATA ITEM NO.:   1
 DEP VARIABLE IS DATA ITEM NO.:   7
 MDV DATA ITEM IS DATA ITEM NO.:  8
0INDICES PASSED TO SUBROUTINE PRED:
   9   2  11   0   0   0  10   0   0   0   0
0LABELS FOR DATA ITEMS:
 ID TIME WT AGE SEX DVID DV MDV EVID CMT AMT
0(NONBLANK) LABELS FOR PRED-DEFINED ITEMS:
 Y
0FORMAT FOR DATA:
 (E3.0,E4.0,E5.0,E3.0,2E2.0,E10.0,3E2.0,E5.0)

 TOT. NO. OF OBS RECS:      251
 TOT. NO. OF INDIVIDUALS:     32
0LENGTH OF THETA:   4
0DEFAULT THETA BOUNDARY TEST OMITTED:    NO
0OMEGA HAS SIMPLE DIAGONAL FORM WITH DIMENSION:   4
0DEFAULT OMEGA BOUNDARY TEST OMITTED:    NO
0SIGMA HAS SIMPLE DIAGONAL FORM WITH DIMENSION:   2
0DEFAULT SIGMA BOUNDARY TEST OMITTED:    NO
0INITIAL ESTIMATE OF THETA:
 LOWER BOUND    INITIAL EST    UPPER BOUND
  0.1000E-01     0.1310E+00     0.1000E+01
  0.1000E-01     0.8100E+01     0.2000E+02
  0.1000E-01     0.9370E+00     0.2400E+02
  0.1000E-01     0.9460E+00     0.2400E+02
0INITIAL ESTIMATE OF OMEGA:
 0.6570E-01
 0.0000E+00   0.1920E-01
 0.0000E+00   0.0000E+00   0.4490E+00
 0.0000E+00   0.0000E+00   0.0000E+00   0.4730E+00
0INITIAL ESTIMATE OF SIGMA:
 0.4680E-02
 0.0000E+00   0.1360E+00
0TABLES STEP OMITTED:    NO
 NO. OF TABLES:           1
 SEED NUMBER (SEED):    11456
 RANMETHOD:
 MC SAMPLES (ESEED):    300
 WRES SQUARE ROOT TYPE:            EIGENVALUE
0-- TABLE   1 --
 PRINTED:                NO
 HEADER:                YES
 FILE TO BE FORWARDED:   NO
 FORMAT:                S1PE11.4
 LFORMAT:
 RFORMAT:
0USER-CHOSEN ITEMS:
 ID TIME DVID Y
1DOUBLE PRECISION PREDPP VERSION 7.3.0

 ONE COMPARTMENT MODEL WITH FIRST-ORDER ABSORPTION (ADVAN2)
0MAXIMUM NO. OF BASIC PK PARAMETERS:   3
0BASIC PK PARAMETERS (AFTER TRANSLATION):
   ELIMINATION RATE (K) IS BASIC PK PARAMETER NO.:  1
   ABSORPTION RATE (KA) IS BASIC PK PARAMETER NO.:  3

 TRANSLATOR WILL CONVERT PARAMETERS
 CLEARANCE (CL) AND VOLUME (V) TO K (TRANS2)
0COMPARTMENT ATTRIBUTES
 COMPT. NO.   FUNCTION   INITIAL    ON/OFF      DOSE      DEFAULT    DEFAULT
                         STATUS     ALLOWED    ALLOWED    FOR DOSE   FOR OBS.
    1         DEPOT        OFF        YES        YES        YES        NO
    2         CENTRAL      ON         NO         YES        NO         YES
    3         OUTPUT       OFF        YES        NO         NO         NO
1
 ADDITIONAL PK PARAMETERS - ASSIGNMENT OF ROWS IN GG
 COMPT. NO.                             INDICES
              SCALE      BIOAVAIL.   ZERO-ORDER  ZERO-ORDER  ABSORB
                         FRACTION    RATE        DURATION    LAG
    1            *           *           *           *           4
    2            5           *           *           *           *
    3            *           -           -           -           -
             - PARAMETER IS NOT ALLOWED FOR THIS MODEL
             * PARAMETER IS NOT SUPPLIED BY PK SUBROUTINE;
               WILL DEFAULT TO ONE IF APPLICABLE
0DATA ITEM INDICES USED BY PRED ARE:
   EVENT ID DATA ITEM IS DATA ITEM NO.:      9
   TIME DATA ITEM IS DATA ITEM NO.:          2
   DOSE AMOUNT DATA ITEM IS DATA ITEM NO.:  11
   COMPT. NO. DATA ITEM IS DATA ITEM NO.:   10

0PK SUBROUTINE CALLED WITH EVERY EVENT RECORD.
 PK SUBROUTINE NOT CALLED AT NONEVENT (ADDITIONAL OR LAGGED) DOSE TIMES.
0ERROR SUBROUTINE CALLED WITH EVERY EVENT RECORD.
0ERROR SUBROUTINE INDICATES THAT DERIVATIVES OF COMPARTMENT AMOUNTS ARE USED.
1


 #TBLN:      1
 #METH: First Order Conditional Estimation with Interaction

 ESTIMATION STEP OMITTED:                 NO  
 ANALYSIS TYPE:                           POPULATION
 CONDITIONAL ESTIMATES USED:              YES 
 CENTERED ETA:                            NO  
 EPS-ETA INTERACTION:                     YES 
 LAPLACIAN OBJ. FUNC.:                    NO  
 NO. OF FUNCT. EVALS. ALLOWED:            9990
 NO. OF SIG. FIGURES REQUIRED:            3
 INTERMEDIATE PRINTOUT:                   YES 
 ESTIMATE OUTPUT TO MSF:                  NO  
 ABORT WITH PRED EXIT CODE 1:             NO  
 IND. OBJ. FUNC. VALUES SORTED:           NO  
 NUMERICAL DERIVATIVE 
       FILE REQUEST (NUMDER):             NONE
 MAP (ETAHAT) ESTIMATION METHOD (OPTMAP): 0           
 ETA HESSIAN EVALUATION METHOD (ETADER):  0           
 INITIAL ETA FOR MAP ESTIMATION (MCETA):  0           
 SIGDIGITS FOR MAP ESTIMATION (SIGLO):    9           
 GRADIENT SIGDIGITS OF 
       FIXED EFFECTS PARAMETERS (SIGL):   9           
 EXCLUDE TITLE (NOTITLE):                 NO 
 EXCLUDE COLUMN LABELS (NOLABEL):         NO 
 NOPRIOR SETTING (NOPRIOR):               OFF
 NOCOV SETTING (NOCOV):                   OFF
 DERCONT SETTING (DERCONT):               OFF
 ABSOLUTE TOLERANCE-ADVAN 9,13 ONLY(ATOL):-100        
 FINAL ETA RE-EVALUATION (FNLETA):        ON 
 EXCLUDE NON-INFLUENTIAL (NON-INFL.) ETAS 
       IN SHRINKAGE (ETASTYPE):           NO 
 NON-INFL. ETA CORRECTION (NONINFETA):    OFF
 FORMAT FOR ADDITIONAL FILES (FORMAT):    S1PE12.5
 PARAMETER ORDER FOR OUTPUTS (ORDER):     TSOL
 ADDITIONAL CONVERGENCE TEST (CTYPE=4)?:  NO
 EM OR BAYESIAN METHOD USED:                NONE


 THE FOLLOWING LABELS ARE EQUIVALENT
 PRED=PREDI
 RES=RESI
 WRES=WRESI
 IWRS=IWRESI
 IPRD=IPREDI
 IRS=IRESI

 MONITORING OF SEARCH:


0ITERATION NO.:    0    OBJECTIVE VALUE:   184.638424649362        NO. OF FUNC. EVALS.:   8
 CUMULATIVE NO. OF FUNC. EVALS.:        8
 NPARAMETR:  1.3100E-01  8.1000E+00  9.3700E-01  9.4600E-01  6.5700E-02  1.9200E-02  4.4900E-01  4.7300E-01  4.6800E-03  1.3600E-01

 PARAMETER:  1.0000E-01  1.0000E-01  1.0000E-01  1.0000E-01  1.0000E-01  1.0000E-01  1.0000E-01  1.0000E-01  1.0000E-01  1.0000E-01

 GRADIENT:  -2.6022E+00  2.3601E+01  6.3819E+01  2.0093E+02 -1.6581E+00  1.2281E+00  3.5039E+00  9.4701E+00 -1.0966E+01 -9.3220E+00


0ITERATION NO.:    1    OBJECTIVE VALUE:   184.589191646037        NO. OF FUNC. EVALS.:  15
 CUMULATIVE NO. OF FUNC. EVALS.:       23
 NPARAMETR:  1.3100E-01  8.0987E+00  9.3634E-01  9.4389E-01  6.5703E-02  1.9199E-02  4.4896E-01  4.7290E-01  4.6812E-03  1.3603E-01

 PARAMETER:  1.0003E-01  9.9725E-02  9.9256E-02  9.7656E-02  1.0002E-01  9.9986E-02  9.9959E-02  9.9890E-02  1.0013E-01  1.0011E-01

 GRADIENT:  -2.2415E+00  2.8843E+01  6.8437E+01  2.0515E+02 -1.6411E+00  1.2341E+00  3.3653E+00  8.9843E+00 -1.0809E+01 -8.5001E+00


0ITERATION NO.:    2    OBJECTIVE VALUE:   184.585595314677        NO. OF FUNC. EVALS.:  18
 CUMULATIVE NO. OF FUNC. EVALS.:       41
 NPARAMETR:  1.3100E-01  8.0985E+00  9.3625E-01  9.4364E-01  6.5703E-02  1.9199E-02  4.4896E-01  4.7288E-01  4.6813E-03  1.3603E-01

 PARAMETER:  1.0003E-01  9.9685E-02  9.9161E-02  9.7371E-02  1.0002E-01  9.9984E-02  9.9954E-02  9.9877E-02  1.0014E-01  1.0012E-01

 GRADIENT:  -2.2011E+00  2.9544E+01  6.9223E+01  2.0629E+02 -1.6412E+00  1.2410E+00  3.3512E+00  8.9242E+00 -1.0824E+01 -8.4622E+00


0ITERATION NO.:    3    OBJECTIVE VALUE:   184.584452542058        NO. OF FUNC. EVALS.:  20
 CUMULATIVE NO. OF FUNC. EVALS.:       61
 NPARAMETR:  1.3100E-01  8.0984E+00  9.3622E-01  9.4355E-01  6.5703E-02  1.9199E-02  4.4896E-01  4.7288E-01  4.6814E-03  1.3603E-01

 PARAMETER:  1.0003E-01  9.9670E-02  9.9127E-02  9.7271E-02  1.0002E-01  9.9983E-02  9.9953E-02  9.9873E-02  1.0015E-01  1.0012E-01

 GRADIENT:  -2.1872E+00  2.9791E+01  6.9505E+01  2.0672E+02 -1.6412E+00  1.2436E+00  3.3464E+00  8.9032E+00 -1.0831E+01 -8.4516E+00


0ITERATION NO.:    4    OBJECTIVE VALUE:   184.584452542058        NO. OF FUNC. EVALS.:  26
 CUMULATIVE NO. OF FUNC. EVALS.:       87
 NPARAMETR:  1.3100E-01  8.0984E+00  9.3622E-01  9.4355E-01  6.5703E-02  1.9199E-02  4.4896E-01  4.7288E-01  4.6814E-03  1.3603E-01

 PARAMETER:  1.0003E-01  9.9670E-02  9.9127E-02  9.7271E-02  1.0002E-01  9.9983E-02  9.9953E-02  9.9873E-02  1.0015E-01  1.0012E-01

 GRADIENT:  -3.0390E+00  2.9380E+01  6.9422E+01 -3.3960E+06 -1.6412E+00  1.2436E+00  3.3464E+00  8.9032E+00 -1.0846E+01 -8.4678E+00


0ITERATION NO.:    5    OBJECTIVE VALUE:   184.475945419531        NO. OF FUNC. EVALS.:  16
 CUMULATIVE NO. OF FUNC. EVALS.:      103
 NPARAMETR:  1.3100E-01  8.0984E+00  9.3622E-01  1.0113E+00  6.5703E-02  1.9199E-02  4.4896E-01  4.7288E-01  4.6814E-03  1.3603E-01

 PARAMETER:  1.0003E-01  9.9670E-02  9.9125E-02  1.7022E-01  1.0002E-01  9.9983E-02  9.9953E-02  9.9873E-02  1.0015E-01  1.0012E-01

 GRADIENT:  -1.1430E+00  4.7107E+01  6.3533E+01 -2.0434E+06 -1.1748E+00  6.3134E-01  1.5116E+00  5.4556E+00 -1.0241E+01 -3.8431E+00


0ITERATION NO.:    6    OBJECTIVE VALUE:   184.471843374178        NO. OF FUNC. EVALS.:  18
 CUMULATIVE NO. OF FUNC. EVALS.:      121
 NPARAMETR:  1.3100E-01  8.0843E+00  9.3430E-01  1.0113E+00  6.5705E-02  1.9200E-02  4.4900E-01  4.7287E-01  4.6849E-03  1.3600E-01

 PARAMETER:  9.9966E-02  9.6742E-02  9.6961E-02  1.7023E-01  1.0004E-01  9.9995E-02  1.0000E-01  9.9863E-02  1.0052E-01  1.0000E-01

 GRADIENT:  -1.1409E+00  4.3200E+01  6.0526E+01 -2.0545E+06 -1.1287E+00  5.1349E-01  1.4776E+00  5.5265E+00 -9.7412E+00 -3.2596E+00


0ITERATION NO.:    7    OBJECTIVE VALUE:   184.464778140539        NO. OF FUNC. EVALS.:  18
 CUMULATIVE NO. OF FUNC. EVALS.:      139
 NPARAMETR:  1.3099E-01  8.0808E+00  9.3382E-01  1.0113E+00  6.5706E-02  1.9200E-02  4.4901E-01  4.7287E-01  4.6857E-03  1.3599E-01

 PARAMETER:  9.9948E-02  9.6017E-02  9.6427E-02  1.7023E-01  1.0005E-01  9.9999E-02  1.0002E-01  9.9860E-02  1.0061E-01  9.9961E-02

 GRADIENT:  -1.1281E+00  4.1580E+01  5.8498E+01 -2.0604E+06 -1.1092E+00  4.5099E-01  1.4677E+00  5.5709E+00 -9.4452E+00 -2.8478E+00


0ITERATION NO.:    8    OBJECTIVE VALUE:   184.464598744325        NO. OF FUNC. EVALS.:  39
 CUMULATIVE NO. OF FUNC. EVALS.:      178             RESET HESSIAN, TYPE I
 NPARAMETR:  1.3100E-01  8.0809E+00  9.3383E-01  1.0113E+00  6.5705E-02  1.9200E-02  4.4902E-01  4.7277E-01  4.6856E-03  1.3599E-01

 PARAMETER:  9.9958E-02  9.6026E-02  9.6435E-02  1.7025E-01  1.0003E-01  9.9990E-02  1.0003E-01  9.9760E-02  1.0060E-01  9.9970E-02

 GRADIENT:  -2.7387E-01  4.2045E+01  5.8674E+01  1.4985E+02 -1.1112E+00  4.5276E-01  1.4688E+00  5.5674E+00 -9.4428E+00 -2.8508E+00


0ITERATION NO.:    9    OBJECTIVE VALUE:   184.463320069613        NO. OF FUNC. EVALS.:   9
 CUMULATIVE NO. OF FUNC. EVALS.:      187
 NPARAMETR:  1.3100E-01  8.0809E+00  9.3383E-01  1.0113E+00  6.5708E-02  1.9200E-02  4.4902E-01  4.7268E-01  4.6856E-03  1.3599E-01

 PARAMETER:  9.9958E-02  9.6026E-02  9.6435E-02  1.7024E-01  1.0006E-01  9.9989E-02  1.0003E-01  9.9660E-02  1.0060E-01  9.9970E-02

 GRADIENT:  -2.7352E-01  4.1987E+01  5.8563E+01  1.4958E+02 -1.1075E+00  4.4996E-01  1.4693E+00  5.5683E+00 -9.4289E+00 -2.8296E+00


0ITERATION NO.:   10    OBJECTIVE VALUE:   184.206119443325        NO. OF FUNC. EVALS.:  10
 CUMULATIVE NO. OF FUNC. EVALS.:      197
 NPARAMETR:  1.3100E-01  8.0803E+00  9.3358E-01  1.0097E+00  6.7203E-02  1.9198E-02  4.4906E-01  4.3262E-01  4.6857E-03  1.3600E-01

 PARAMETER:  9.9996E-02  9.5911E-02  9.6150E-02  1.6865E-01  1.1131E-01  9.9952E-02  1.0006E-01  5.5387E-02  1.0061E-01  1.0002E-01

 GRADIENT:  -7.2020E-01  3.8532E+01  5.9716E+01  1.6176E+02  1.0544E-01  6.0687E-01  1.8555E+00  5.1962E+00 -9.8279E+00 -4.1892E+00


0ITERATION NO.:   11    OBJECTIVE VALUE:   183.764872450694        NO. OF FUNC. EVALS.:   9
 CUMULATIVE NO. OF FUNC. EVALS.:      206
 NPARAMETR:  1.3101E-01  8.0793E+00  9.3310E-01  1.0069E+00  7.0075E-02  1.9195E-02  4.4912E-01  3.6639E-01  4.6860E-03  1.3603E-01

 PARAMETER:  1.0007E-01  9.5697E-02  9.5616E-02  1.6566E-01  1.3224E-01  9.9880E-02  1.0013E-01 -2.7694E-02  1.0064E-01  1.0011E-01

 GRADIENT:  -2.9292E+00  2.5664E+01  5.7129E+01  1.6366E+02  2.3008E+00  6.9278E-01  3.4906E+00  6.4004E+00 -9.8546E+00 -4.8992E+00


0ITERATION NO.:   12    OBJECTIVE VALUE:   183.621945612876        NO. OF FUNC. EVALS.:   9
 CUMULATIVE NO. OF FUNC. EVALS.:      215
 NPARAMETR:  1.3101E-01  8.0788E+00  9.3286E-01  1.0055E+00  7.1557E-02  1.9194E-02  4.4915E-01  3.3718E-01  4.6861E-03  1.3604E-01

 PARAMETER:  1.0010E-01  9.5589E-02  9.5349E-02  1.6417E-01  1.4270E-01  9.9845E-02  1.0017E-01 -6.9234E-02  1.0065E-01  1.0015E-01

 GRADIENT:  -4.3870E+00 -1.9537E+01 -2.3800E+01 -1.6225E+01  4.0322E+00 -1.3873E+00  3.5752E+00  9.1712E+00 -5.2314E+00  1.9124E+00


0ITERATION NO.:   13    OBJECTIVE VALUE:   183.568637091518        NO. OF FUNC. EVALS.:   9
 CUMULATIVE NO. OF FUNC. EVALS.:      224
 NPARAMETR:  1.3101E-01  8.0785E+00  9.3276E-01  1.0048E+00  7.2220E-02  1.9193E-02  4.4916E-01  3.2446E-01  4.6861E-03  1.3605E-01

 PARAMETER:  1.0012E-01  9.5541E-02  9.5229E-02  1.6349E-01  1.4731E-01  9.9829E-02  1.0018E-01 -8.8459E-02  1.0065E-01  1.0017E-01

 GRADIENT:  -1.7747E+00  1.8753E+00 -2.4392E+01 -3.6713E+01  4.8406E+00 -1.9433E+00  2.1761E+00  5.3155E+00 -5.9659E+00  3.5729E+00


0ITERATION NO.:   14    OBJECTIVE VALUE:   183.566592816302        NO. OF FUNC. EVALS.:   9
 CUMULATIVE NO. OF FUNC. EVALS.:      233
 NPARAMETR:  1.3101E-01  8.0784E+00  9.3270E-01  1.0044E+00  7.2537E-02  1.9193E-02  4.4917E-01  3.1729E-01  4.6862E-03  1.3605E-01

 PARAMETER:  1.0013E-01  9.5513E-02  9.5161E-02  1.6311E-01  1.4950E-01  9.9820E-02  1.0019E-01 -9.9635E-02  1.0066E-01  1.0018E-01

 GRADIENT:  -1.9028E+00 -3.1394E+00 -3.4514E+01 -6.0522E+01  5.1402E+00 -2.1884E+00  2.2170E+00  5.6300E+00 -5.1459E+00  4.8503E+00


0ITERATION NO.:   15    OBJECTIVE VALUE:   183.566592816302        NO. OF FUNC. EVALS.:  20
 CUMULATIVE NO. OF FUNC. EVALS.:      253
 NPARAMETR:  1.3101E-01  8.0784E+00  9.3270E-01  1.0044E+00  7.2537E-02  1.9193E-02  4.4917E-01  3.1729E-01  4.6862E-03  1.3605E-01

 PARAMETER:  1.0013E-01  9.5513E-02  9.5161E-02  1.6311E-01  1.4950E-01  9.9820E-02  1.0019E-01 -9.9635E-02  1.0066E-01  1.0018E-01

 GRADIENT:  -2.7521E+00 -3.5577E+00 -3.4596E+01 -1.8338E+06  5.1402E+00 -2.1884E+00  2.2170E+00  5.6300E+00 -5.1622E+00  4.8345E+00


0ITERATION NO.:   16    OBJECTIVE VALUE:   183.564677707561        NO. OF FUNC. EVALS.:  18
 CUMULATIVE NO. OF FUNC. EVALS.:      271
 NPARAMETR:  1.3101E-01  8.0784E+00  9.3271E-01  1.0045E+00  7.2480E-02  1.9193E-02  4.4917E-01  3.1859E-01  4.6861E-03  1.3605E-01

 PARAMETER:  1.0013E-01  9.5518E-02  9.5174E-02  1.6318E-01  1.4911E-01  9.9821E-02  1.0019E-01 -9.7597E-02  1.0066E-01  1.0018E-01

 GRADIENT:  -2.7265E+00 -2.9192E+00 -3.3261E+01 -1.8361E+06  5.0895E+00 -2.1567E+00  2.2098E+00  5.5939E+00 -5.3036E+00  4.6188E+00


0ITERATION NO.:   17    OBJECTIVE VALUE:   183.563651873209        NO. OF FUNC. EVALS.:  18
 CUMULATIVE NO. OF FUNC. EVALS.:      289
 NPARAMETR:  1.3101E-01  8.0785E+00  9.3272E-01  1.0046E+00  7.2399E-02  1.9193E-02  4.4917E-01  3.2046E-01  4.6861E-03  1.3605E-01

 PARAMETER:  1.0012E-01  9.5525E-02  9.5191E-02  1.6328E-01  1.4854E-01  9.9824E-02  1.0019E-01 -9.4669E-02  1.0066E-01  1.0018E-01

 GRADIENT:  -2.6913E+00 -1.8044E+00 -3.0975E+01 -1.8388E+06  5.0144E+00 -2.1018E+00  2.1993E+00  5.5265E+00 -5.5129E+00  4.2963E+00


0ITERATION NO.:   18    OBJECTIVE VALUE:   183.517729242343        NO. OF FUNC. EVALS.:  36
 CUMULATIVE NO. OF FUNC. EVALS.:      325             RESET HESSIAN, TYPE I
 NPARAMETR:  1.3056E-01  8.0809E+00  9.3299E-01  1.0050E+00  7.0891E-02  1.9198E-02  4.4909E-01  3.2040E-01  4.6835E-03  1.3612E-01

 PARAMETER:  9.5878E-02  9.6031E-02  9.5496E-02  1.6367E-01  1.3802E-01  9.9942E-02  1.0011E-01 -9.4769E-02  1.0037E-01  1.0044E-01

 GRADIENT:  -4.1346E+00  3.0521E-01 -2.8398E+01 -4.6230E+01  3.8457E+00 -2.0257E+00  2.1979E+00  5.4107E+00 -5.7030E+00  4.0862E+00


0ITERATION NO.:   19    OBJECTIVE VALUE:   183.487254305718        NO. OF FUNC. EVALS.:   9
 CUMULATIVE NO. OF FUNC. EVALS.:      334
 NPARAMETR:  1.3076E-01  8.0814E+00  9.3310E-01  1.0052E+00  7.0032E-02  1.9200E-02  4.4908E-01  3.2034E-01  4.6831E-03  1.3613E-01

 PARAMETER:  9.7757E-02  9.6138E-02  9.5617E-02  1.6391E-01  1.3192E-01  9.9988E-02  1.0008E-01 -9.4862E-02  1.0033E-01  1.0049E-01

 GRADIENT:  -3.1097E+00 -1.0997E+00 -3.1320E+01 -5.2509E+01  3.1928E+00 -2.0742E+00  2.1966E+00  5.5374E+00 -5.6411E+00  4.2436E+00


0ITERATION NO.:   20    OBJECTIVE VALUE:   183.485605749766        NO. OF FUNC. EVALS.:  11
 CUMULATIVE NO. OF FUNC. EVALS.:      345
 NPARAMETR:  1.3079E-01  8.0815E+00  9.3313E-01  1.0053E+00  6.9869E-02  1.9200E-02  4.4907E-01  3.2032E-01  4.6830E-03  1.3614E-01

 PARAMETER:  9.8029E-02  9.6160E-02  9.5648E-02  1.6398E-01  1.3076E-01  9.9999E-02  1.0008E-01 -9.4888E-02  1.0032E-01  1.0050E-01

 GRADIENT:  -2.9621E+00 -4.3058E-01 -3.0090E+01 -4.9814E+01  3.0551E+00 -2.0390E+00  2.1961E+00  5.4813E+00 -5.6995E+00  4.1507E+00


0ITERATION NO.:   21    OBJECTIVE VALUE:   183.485585331943        NO. OF FUNC. EVALS.:  10
 CUMULATIVE NO. OF FUNC. EVALS.:      355
 NPARAMETR:  1.3080E-01  8.0815E+00  9.3313E-01  1.0053E+00  6.9839E-02  1.9200E-02  4.4907E-01  3.2032E-01  4.6830E-03  1.3614E-01

 PARAMETER:  9.8069E-02  9.6162E-02  9.5654E-02  1.6399E-01  1.3055E-01  1.0000E-01  1.0008E-01 -9.4895E-02  1.0032E-01  1.0050E-01

 GRADIENT:  -2.9406E+00 -2.5049E-01 -2.9752E+01 -4.9075E+01  3.0292E+00 -2.0298E+00  2.1961E+00  5.4659E+00 -5.7143E+00  4.1262E+00


0ITERATION NO.:   22    OBJECTIVE VALUE:   183.485518210847        NO. OF FUNC. EVALS.:  10
 CUMULATIVE NO. OF FUNC. EVALS.:      365
 NPARAMETR:  1.3080E-01  8.0815E+00  9.3314E-01  1.0053E+00  6.9796E-02  1.9200E-02  4.4907E-01  3.2031E-01  4.6830E-03  1.3614E-01

 PARAMETER:  9.8123E-02  9.6162E-02  9.5662E-02  1.6401E-01  1.3024E-01  1.0001E-01  1.0008E-01 -9.4907E-02  1.0032E-01  1.0051E-01

 GRADIENT:  -2.9117E+00 -1.5563E-02 -2.9306E+01 -4.8101E+01  2.9917E+00 -2.0176E+00  2.1959E+00  5.4457E+00 -5.7335E+00  4.0942E+00


0ITERATION NO.:   23    OBJECTIVE VALUE:   183.485429995903        NO. OF FUNC. EVALS.:  10
 CUMULATIVE NO. OF FUNC. EVALS.:      375
 NPARAMETR:  1.3081E-01  8.0815E+00  9.3315E-01  1.0053E+00  6.9742E-02  1.9200E-02  4.4907E-01  3.2030E-01  4.6830E-03  1.3614E-01

 PARAMETER:  9.8190E-02  9.6158E-02  9.5673E-02  1.6402E-01  1.2985E-01  1.0001E-01  1.0007E-01 -9.4924E-02  1.0032E-01  1.0051E-01

 GRADIENT:  -2.8754E+00  2.6051E-01 -2.8777E+01 -4.6948E+01  2.9447E+00 -2.0031E+00  2.1958E+00  5.4217E+00 -5.7560E+00  4.0565E+00


0ITERATION NO.:   24    OBJECTIVE VALUE:   183.485332302191        NO. OF FUNC. EVALS.:  10
 CUMULATIVE NO. OF FUNC. EVALS.:      385
 NPARAMETR:  1.3082E-01  8.0815E+00  9.3316E-01  1.0053E+00  6.9678E-02  1.9201E-02  4.4906E-01  3.2028E-01  4.6830E-03  1.3614E-01

 PARAMETER:  9.8269E-02  9.6150E-02  9.5686E-02  1.6404E-01  1.2939E-01  1.0002E-01  1.0007E-01 -9.4948E-02  1.0032E-01  1.0051E-01

 GRADIENT:  -2.8330E+00  5.6050E-01 -2.8197E+01 -4.5684E+01  2.8903E+00 -1.9870E+00  2.1956E+00  5.3953E+00 -5.7803E+00  4.0154E+00


0ITERATION NO.:   25    OBJECTIVE VALUE:   183.485227548043        NO. OF FUNC. EVALS.:  10
 CUMULATIVE NO. OF FUNC. EVALS.:      395
 NPARAMETR:  1.3083E-01  8.0814E+00  9.3318E-01  1.0053E+00  6.9606E-02  1.9201E-02  4.4906E-01  3.2026E-01  4.6830E-03  1.3614E-01

 PARAMETER:  9.8359E-02  9.6138E-02  9.5701E-02  1.6405E-01  1.2888E-01  1.0003E-01  1.0007E-01 -9.4978E-02  1.0032E-01  1.0052E-01

 GRADIENT:  -2.7843E+00  8.7899E-01 -2.7576E+01 -4.4331E+01  2.8286E+00 -1.9698E+00  2.1954E+00  5.3671E+00 -5.8061E+00  3.9717E+00


0ITERATION NO.:   26    OBJECTIVE VALUE:   183.485111814126        NO. OF FUNC. EVALS.:  10
 CUMULATIVE NO. OF FUNC. EVALS.:      405
 NPARAMETR:  1.3084E-01  8.0813E+00  9.3319E-01  1.0054E+00  6.9524E-02  1.9202E-02  4.4906E-01  3.2024E-01  4.6830E-03  1.3614E-01

 PARAMETER:  9.8463E-02  9.6120E-02  9.5719E-02  1.6406E-01  1.2829E-01  1.0004E-01  1.0006E-01 -9.5016E-02  1.0032E-01  1.0052E-01

 GRADIENT:  -2.7281E+00  1.2172E+00 -2.6909E+01 -4.2880E+01  2.7581E+00 -1.9510E+00  2.1952E+00  5.3367E+00 -5.8334E+00  3.9250E+00


0ITERATION NO.:   27    OBJECTIVE VALUE:   183.484992590855        NO. OF FUNC. EVALS.:  10
 CUMULATIVE NO. OF FUNC. EVALS.:      415
 NPARAMETR:  1.3085E-01  8.0812E+00  9.3321E-01  1.0054E+00  6.9434E-02  1.9202E-02  4.4905E-01  3.2021E-01  4.6830E-03  1.3614E-01

 PARAMETER:  9.8578E-02  9.6096E-02  9.5740E-02  1.6408E-01  1.2764E-01  1.0005E-01  1.0006E-01 -9.5063E-02  1.0032E-01  1.0053E-01

 GRADIENT:  -2.6657E+00  1.5601E+00 -2.6225E+01 -4.1392E+01  2.6810E+00 -1.9316E+00  2.1950E+00  5.3055E+00 -5.8610E+00  3.8773E+00


0ITERATION NO.:   28    OBJECTIVE VALUE:   183.484989378633        NO. OF FUNC. EVALS.:   9
 CUMULATIVE NO. OF FUNC. EVALS.:      424
 NPARAMETR:  1.3087E-01  8.0809E+00  9.3325E-01  1.0054E+00  6.9246E-02  1.9203E-02  4.4904E-01  3.2014E-01  4.6831E-03  1.3615E-01

 PARAMETER:  9.8821E-02  9.6039E-02  9.5786E-02  1.6410E-01  1.2628E-01  1.0009E-01  1.0005E-01 -9.5171E-02  1.0033E-01  1.0054E-01

 GRADIENT:  -2.5344E+00  2.2428E+00 -2.4847E+01 -3.8394E+01  2.5200E+00 -1.8923E+00  2.1945E+00  5.2426E+00 -5.9159E+00  3.7816E+00


0ITERATION NO.:   29    OBJECTIVE VALUE:   183.484989247805        NO. OF FUNC. EVALS.:  11
 CUMULATIVE NO. OF FUNC. EVALS.:      435
 NPARAMETR:  1.3088E-01  8.0809E+00  9.3326E-01  1.0054E+00  6.9228E-02  1.9203E-02  4.4904E-01  3.2013E-01  4.6831E-03  1.3615E-01

 PARAMETER:  9.8843E-02  9.6032E-02  9.5791E-02  1.6411E-01  1.2616E-01  1.0009E-01  1.0004E-01 -9.5182E-02  1.0033E-01  1.0054E-01

 GRADIENT:  -2.5221E+00  2.3003E+00 -2.4728E+01 -3.8137E+01  2.5051E+00 -1.8888E+00  2.1945E+00  5.2372E+00 -5.9206E+00  3.7734E+00


0ITERATION NO.:   30    OBJECTIVE VALUE:   183.484905054976        NO. OF FUNC. EVALS.:  10
 CUMULATIVE NO. OF FUNC. EVALS.:      445
 NPARAMETR:  1.3089E-01  8.0807E+00  9.3328E-01  1.0054E+00  6.9137E-02  1.9204E-02  4.4903E-01  3.2009E-01  4.6831E-03  1.3615E-01

 PARAMETER:  9.8963E-02  9.5996E-02  9.5817E-02  1.6412E-01  1.2549E-01  1.0011E-01  1.0004E-01 -9.5246E-02  1.0033E-01  1.0055E-01

 GRADIENT:  -2.4570E+00  2.5648E+00 -2.4173E+01 -3.6931E+01  2.4273E+00 -1.8724E+00  2.1944E+00  5.2116E+00 -5.9416E+00  3.7357E+00


0ITERATION NO.:   31    OBJECTIVE VALUE:   183.484849472365        NO. OF FUNC. EVALS.:  10
 CUMULATIVE NO. OF FUNC. EVALS.:      455
 NPARAMETR:  1.3090E-01  8.0806E+00  9.3330E-01  1.0054E+00  6.9060E-02  1.9205E-02  4.4903E-01  3.2005E-01  4.6832E-03  1.3615E-01

 PARAMETER:  9.9064E-02  9.5961E-02  9.5840E-02  1.6413E-01  1.2494E-01  1.0013E-01  1.0003E-01 -9.5306E-02  1.0034E-01  1.0055E-01

 GRADIENT:  -2.4017E+00  2.7700E+00 -2.3732E+01 -3.5976E+01  2.3620E+00 -1.8592E+00  2.1943E+00  5.1912E+00 -5.9576E+00  3.7063E+00


0ITERATION NO.:   32    OBJECTIVE VALUE:   183.484813314871        NO. OF FUNC. EVALS.:  10
 CUMULATIVE NO. OF FUNC. EVALS.:      465
 NPARAMETR:  1.3091E-01  8.0804E+00  9.3332E-01  1.0054E+00  6.8997E-02  1.9205E-02  4.4902E-01  3.2002E-01  4.6832E-03  1.3615E-01

 PARAMETER:  9.9148E-02  9.5928E-02  9.5862E-02  1.6414E-01  1.2448E-01  1.0014E-01  1.0002E-01 -9.5361E-02  1.0034E-01  1.0056E-01

 GRADIENT:  -2.3556E+00  2.9271E+00 -2.3385E+01 -3.5226E+01  2.3081E+00 -1.8486E+00  2.1943E+00  5.1751E+00 -5.9697E+00  3.6836E+00


0ITERATION NO.:   33    OBJECTIVE VALUE:   183.484792533575        NO. OF FUNC. EVALS.:  10
 CUMULATIVE NO. OF FUNC. EVALS.:      475
 NPARAMETR:  1.3092E-01  8.0803E+00  9.3333E-01  1.0054E+00  6.8948E-02  1.9206E-02  4.4902E-01  3.1999E-01  4.6832E-03  1.3615E-01

 PARAMETER:  9.9214E-02  9.5901E-02  9.5880E-02  1.6414E-01  1.2412E-01  1.0016E-01  1.0002E-01 -9.5408E-02  1.0035E-01  1.0056E-01

 GRADIENT:  -2.3197E+00  3.0402E+00 -2.3128E+01 -3.4671E+01  2.2665E+00 -1.8406E+00  2.1943E+00  5.1631E+00 -5.9782E+00  3.6672E+00


0ITERATION NO.:   34    OBJECTIVE VALUE:   183.484782232044        NO. OF FUNC. EVALS.:  10
 CUMULATIVE NO. OF FUNC. EVALS.:      485
 NPARAMETR:  1.3092E-01  8.0802E+00  9.3335E-01  1.0054E+00  6.8912E-02  1.9206E-02  4.4901E-01  3.1996E-01  4.6833E-03  1.3615E-01

 PARAMETER:  9.9262E-02  9.5878E-02  9.5894E-02  1.6415E-01  1.2387E-01  1.0017E-01  1.0001E-01 -9.5445E-02  1.0035E-01  1.0056E-01

 GRADIENT:  -2.2936E+00  3.1171E+00 -2.2948E+01 -3.4283E+01  2.2363E+00 -1.8350E+00  2.1943E+00  5.1547E+00 -5.9838E+00  3.6560E+00


0ITERATION NO.:   35    OBJECTIVE VALUE:   183.484777918379        NO. OF FUNC. EVALS.:  10
 CUMULATIVE NO. OF FUNC. EVALS.:      495
 NPARAMETR:  1.3093E-01  8.0801E+00  9.3336E-01  1.0054E+00  6.8888E-02  1.9207E-02  4.4901E-01  3.1994E-01  4.6833E-03  1.3615E-01

 PARAMETER:  9.9294E-02  9.5862E-02  9.5904E-02  1.6415E-01  1.2369E-01  1.0017E-01  1.0001E-01 -9.5474E-02  1.0035E-01  1.0057E-01

 GRADIENT:  -2.2757E+00  3.1667E+00 -2.2828E+01 -3.4024E+01  2.2157E+00 -1.8311E+00  2.1943E+00  5.1490E+00 -5.9872E+00  3.6487E+00


0ITERATION NO.:   36    OBJECTIVE VALUE:   183.484777319322        NO. OF FUNC. EVALS.:  10
 CUMULATIVE NO. OF FUNC. EVALS.:      505
 NPARAMETR:  1.3093E-01  8.0800E+00  9.3337E-01  1.0054E+00  6.8866E-02  1.9207E-02  4.4901E-01  3.1993E-01  4.6833E-03  1.3615E-01

 PARAMETER:  9.9324E-02  9.5845E-02  9.5915E-02  1.6416E-01  1.2353E-01  1.0018E-01  1.0001E-01 -9.5501E-02  1.0035E-01  1.0057E-01

 GRADIENT:  -2.2596E+00  3.2087E+00 -2.2723E+01 -3.3799E+01  2.1974E+00 -1.8277E+00  2.1943E+00  5.1440E+00 -5.9900E+00  3.6426E+00


0ITERATION NO.:   37    OBJECTIVE VALUE:   183.484777319322        NO. OF FUNC. EVALS.:  17
 CUMULATIVE NO. OF FUNC. EVALS.:      522
 NPARAMETR:  1.3093E-01  8.0800E+00  9.3337E-01  1.0054E+00  6.8866E-02  1.9207E-02  4.4901E-01  3.1993E-01  4.6833E-03  1.3615E-01

 PARAMETER:  9.9324E-02  9.5845E-02  9.5915E-02  1.6416E-01  1.2353E-01  1.0018E-01  1.0001E-01 -9.5501E-02  1.0035E-01  1.0057E-01

 GRADIENT:  -3.1081E+00  2.7908E+00 -2.2805E+01 -1.8113E+06  2.1974E+00 -1.8277E+00  2.1943E+00  5.1440E+00 -6.0062E+00  3.6267E+00


0ITERATION NO.:   38    OBJECTIVE VALUE:   183.479038064435        NO. OF FUNC. EVALS.:  38
 CUMULATIVE NO. OF FUNC. EVALS.:      560             RESET HESSIAN, TYPE I
 NPARAMETR:  1.3123E-01  8.0782E+00  9.3316E-01  1.0052E+00  6.8849E-02  1.9205E-02  4.4907E-01  3.1986E-01  4.6860E-03  1.3609E-01

 PARAMETER:  1.0216E-01  9.5473E-02  9.5683E-02  1.6386E-01  1.2341E-01  1.0012E-01  1.0008E-01 -9.5601E-02  1.0064E-01  1.0034E-01

 GRADIENT:  -6.4477E-01  2.1097E-01 -2.7968E+01 -4.5289E+01  2.2139E+00 -1.9577E+00  2.1935E+00  5.3763E+00 -5.7243E+00  4.0225E+00


0ITERATION NO.:   39    OBJECTIVE VALUE:   183.479038064435        NO. OF FUNC. EVALS.:  16
 CUMULATIVE NO. OF FUNC. EVALS.:      576
 NPARAMETR:  1.3123E-01  8.0782E+00  9.3316E-01  1.0052E+00  6.8849E-02  1.9205E-02  4.4907E-01  3.1986E-01  4.6860E-03  1.3609E-01

 PARAMETER:  1.0216E-01  9.5473E-02  9.5683E-02  1.6386E-01  1.2341E-01  1.0012E-01  1.0008E-01 -9.5601E-02  1.0064E-01  1.0034E-01

 GRADIENT:  -1.5115E+00 -2.0711E-01 -2.8050E+01 -1.8248E+06  2.2139E+00 -1.9577E+00  2.1935E+00  5.3763E+00 -5.7405E+00  4.0067E+00


0ITERATION NO.:   40    OBJECTIVE VALUE:   183.460469493191        NO. OF FUNC. EVALS.:  47
 CUMULATIVE NO. OF FUNC. EVALS.:      623             RESET HESSIAN, TYPE I
 NPARAMETR:  1.3048E-01  8.0772E+00  9.3298E-01  1.0048E+00  6.8815E-02  1.9212E-02  4.4913E-01  3.1974E-01  4.6879E-03  1.3604E-01

 PARAMETER:  9.5105E-02  9.5273E-02  9.5483E-02  1.6353E-01  1.2316E-01  1.0032E-01  1.0014E-01 -9.5801E-02  1.0084E-01  1.0014E-01

 GRADIENT:  -4.6100E+00 -4.3059E+00 -3.6093E+01 -6.3112E+01  2.2454E+00 -2.1872E+00  2.1968E+00  5.7438E+00 -5.3408E+00  4.6090E+00


0ITERATION NO.:   41    OBJECTIVE VALUE:   183.457366201166        NO. OF FUNC. EVALS.:   9
 CUMULATIVE NO. OF FUNC. EVALS.:      632
 NPARAMETR:  1.3080E-01  8.0773E+00  9.3305E-01  1.0051E+00  6.8803E-02  1.9233E-02  4.4912E-01  3.1967E-01  4.6881E-03  1.3603E-01

 PARAMETER:  9.8144E-02  9.5281E-02  9.5561E-02  1.6382E-01  1.2308E-01  1.0085E-01  1.0013E-01 -9.5896E-02  1.0086E-01  1.0011E-01

 GRADIENT:  -2.9039E+00 -3.5842E+00 -3.4794E+01 -6.0201E+01  2.2314E+00 -2.0947E+00  2.1972E+00  5.6818E+00 -5.4045E+00  4.4965E+00


0ITERATION NO.:   42    OBJECTIVE VALUE:   183.457366201166        NO. OF FUNC. EVALS.:  16
 CUMULATIVE NO. OF FUNC. EVALS.:      648
 NPARAMETR:  1.3080E-01  8.0773E+00  9.3305E-01  1.0051E+00  6.8803E-02  1.9233E-02  4.4912E-01  3.1967E-01  4.6881E-03  1.3603E-01

 PARAMETER:  9.8144E-02  9.5281E-02  9.5561E-02  1.6382E-01  1.2308E-01  1.0085E-01  1.0013E-01 -9.5896E-02  1.0086E-01  1.0011E-01

 GRADIENT:  -3.7527E+00 -4.0024E+00 -3.4876E+01 -1.8384E+06  2.2314E+00 -2.0947E+00  2.1972E+00  5.6818E+00 -5.4208E+00  4.4807E+00


0ITERATION NO.:   43    OBJECTIVE VALUE:   183.452514488519        NO. OF FUNC. EVALS.:  21
 CUMULATIVE NO. OF FUNC. EVALS.:      669
 NPARAMETR:  1.3105E-01  8.0772E+00  9.3331E-01  1.0069E+00  6.8754E-02  1.9312E-02  4.4907E-01  3.1942E-01  4.6892E-03  1.3600E-01

 PARAMETER:  1.0044E-01  9.5272E-02  9.5848E-02  1.6567E-01  1.2272E-01  1.0290E-01  1.0007E-01 -9.6292E-02  1.0099E-01  9.9994E-02

 GRADIENT:  -2.4615E+00 -1.1830E+00 -2.9286E+01 -1.8105E+06  2.1460E+00 -1.7720E+00  2.2019E+00  5.4194E+00 -5.6926E+00  3.9816E+00


0ITERATION NO.:   44    OBJECTIVE VALUE:   183.379084248731        NO. OF FUNC. EVALS.:  15
 CUMULATIVE NO. OF FUNC. EVALS.:      684
 NPARAMETR:  1.3144E-01  8.0724E+00  9.3568E-01  1.0302E+00  6.8173E-02  2.0135E-02  4.4847E-01  3.1648E-01  4.7035E-03  1.3562E-01

 PARAMETER:  1.0414E-01  9.4273E-02  9.8519E-02  1.8977E-01  1.1847E-01  1.2377E-01  9.9414E-02 -1.0092E-01  1.0251E-01  9.8613E-02

 GRADIENT:  -2.9016E+00 -1.8061E+01 -2.0214E+01 -1.6078E+06  1.2688E+00  6.2029E-01  3.7445E+00  8.3233E+00 -5.5897E+00  1.5894E+00


0ITERATION NO.:   45    OBJECTIVE VALUE:   183.371316439712        NO. OF FUNC. EVALS.:  19
 CUMULATIVE NO. OF FUNC. EVALS.:      703
 NPARAMETR:  1.3145E-01  8.0724E+00  9.3574E-01  1.0308E+00  6.8159E-02  2.0153E-02  4.4846E-01  3.1640E-01  4.7039E-03  1.3561E-01

 PARAMETER:  1.0425E-01  9.4261E-02  9.8583E-02  1.9036E-01  1.1837E-01  1.2422E-01  9.9396E-02 -1.0104E-01  1.0254E-01  9.8580E-02

 GRADIENT:  -2.7643E+00 -1.6720E+01 -1.9959E+01 -1.6058E+06  1.2774E+00  6.0418E-01  3.7691E+00  8.2821E+00 -5.8310E+00  1.6220E+00


0ITERATION NO.:   46    OBJECTIVE VALUE:   183.330205972671        NO. OF FUNC. EVALS.:  39
 CUMULATIVE NO. OF FUNC. EVALS.:      742             RESET HESSIAN, TYPE I
 NPARAMETR:  1.3078E-01  8.1049E+00  9.4101E-01  1.0307E+00  6.8076E-02  2.0148E-02  4.4822E-01  3.1634E-01  4.6802E-03  1.3667E-01

 PARAMETER:  9.7910E-02  1.0101E-01  1.0449E-01  1.9032E-01  1.1776E-01  1.2409E-01  9.9127E-02 -1.0114E-01  1.0002E-01  1.0247E-01

 GRADIENT:  -5.3181E+00 -6.1255E+00 -2.2167E+01 -3.0926E+01  1.3070E+00  3.7584E-01  3.9979E+00  8.3885E+00 -7.0285E+00  2.5072E+00


0ITERATION NO.:   47    OBJECTIVE VALUE:   183.329448655076        NO. OF FUNC. EVALS.:   9
 CUMULATIVE NO. OF FUNC. EVALS.:      751
 NPARAMETR:  1.3096E-01  8.1076E+00  9.4222E-01  1.0307E+00  6.8062E-02  2.0147E-02  4.4818E-01  3.1631E-01  4.6846E-03  1.3664E-01

 PARAMETER:  9.9649E-02  1.0159E-01  1.0584E-01  1.9032E-01  1.1766E-01  1.2407E-01  9.9086E-02 -1.0119E-01  1.0049E-01  1.0235E-01

 GRADIENT:  -4.4144E+00 -6.0089E+00 -2.0796E+01 -2.6247E+01  1.2637E+00  4.7964E-01  3.9982E+00  8.3311E+00 -6.7854E+00  2.4552E+00


0ITERATION NO.:   48    OBJECTIVE VALUE:   183.329448655076        NO. OF FUNC. EVALS.:  19
 CUMULATIVE NO. OF FUNC. EVALS.:      770
 NPARAMETR:  1.3096E-01  8.1076E+00  9.4222E-01  1.0307E+00  6.8062E-02  2.0147E-02  4.4818E-01  3.1631E-01  4.6846E-03  1.3664E-01

 PARAMETER:  9.9649E-02  1.0159E-01  1.0584E-01  1.9032E-01  1.1766E-01  1.2407E-01  9.9086E-02 -1.0119E-01  1.0049E-01  1.0235E-01

 GRADIENT:  -5.2606E+00 -6.4299E+00 -2.0882E+01 -1.5912E+06  1.2637E+00  4.7964E-01  3.9982E+00  8.3311E+00 -6.8016E+00  2.4390E+00


0ITERATION NO.:   49    OBJECTIVE VALUE:   183.323989162822        NO. OF FUNC. EVALS.:  39
 CUMULATIVE NO. OF FUNC. EVALS.:      809             RESET HESSIAN, TYPE I
 NPARAMETR:  1.3095E-01  8.1060E+00  9.4161E-01  1.0303E+00  6.8058E-02  2.0146E-02  4.4818E-01  3.1629E-01  4.6878E-03  1.3633E-01

 PARAMETER:  9.9572E-02  1.0124E-01  1.0516E-01  1.8992E-01  1.1763E-01  1.2405E-01  9.9092E-02 -1.0121E-01  1.0083E-01  1.0120E-01

 GRADIENT:  -4.5162E+00 -9.9452E+00 -2.5385E+01 -3.3259E+01  1.2698E+00  4.1061E-01  3.9542E+00  8.5327E+00 -6.4422E+00  2.4862E+00


0ITERATION NO.:   50    OBJECTIVE VALUE:   183.322039635886        NO. OF FUNC. EVALS.:   9
 CUMULATIVE NO. OF FUNC. EVALS.:      818
 NPARAMETR:  1.3101E-01  8.1056E+00  9.4176E-01  1.0305E+00  6.8055E-02  2.0145E-02  4.4818E-01  3.1628E-01  4.6899E-03  1.3614E-01

 PARAMETER:  1.0011E-01  1.0116E-01  1.0533E-01  1.9013E-01  1.1761E-01  1.2403E-01  9.9091E-02 -1.0124E-01  1.0106E-01  1.0050E-01

 GRADIENT:  -4.2404E+00 -1.0250E+01 -2.4830E+01 -3.1002E+01  1.2521E+00  4.4866E-01  3.9454E+00  8.5032E+00 -6.4061E+00  2.3146E+00


0ITERATION NO.:   51    OBJECTIVE VALUE:   183.322039635886        NO. OF FUNC. EVALS.:  18
 CUMULATIVE NO. OF FUNC. EVALS.:      836
 NPARAMETR:  1.3101E-01  8.1056E+00  9.4176E-01  1.0305E+00  6.8055E-02  2.0145E-02  4.4818E-01  3.1628E-01  4.6899E-03  1.3614E-01

 PARAMETER:  1.0011E-01  1.0116E-01  1.0533E-01  1.9013E-01  1.1761E-01  1.2403E-01  9.9091E-02 -1.0124E-01  1.0106E-01  1.0050E-01

 GRADIENT:  -5.0891E+00 -1.0669E+01 -2.4915E+01 -1.6029E+06  1.2521E+00  4.4866E-01  3.9454E+00  8.5032E+00 -6.4224E+00  2.2987E+00


0ITERATION NO.:   52    OBJECTIVE VALUE:   183.313752680718        NO. OF FUNC. EVALS.:  44
 CUMULATIVE NO. OF FUNC. EVALS.:      880             RESET HESSIAN, TYPE I
 NPARAMETR:  1.3099E-01  8.1070E+00  9.4297E-01  1.0313E+00  6.7935E-02  2.0145E-02  4.4817E-01  3.1627E-01  4.6904E-03  1.3630E-01

 PARAMETER:  9.9878E-02  1.0146E-01  1.0668E-01  1.9087E-01  1.1673E-01  1.2401E-01  9.9079E-02 -1.0125E-01  1.0111E-01  1.0110E-01

 GRADIENT:  -4.3662E+00 -1.0557E+01 -2.6840E+01 -3.6618E+01  1.1749E+00  3.8916E-01  3.9826E+00  8.5876E+00 -6.3747E+00  2.5788E+00


0ITERATION NO.:   53    OBJECTIVE VALUE:   183.313752680718        NO. OF FUNC. EVALS.:  20
 CUMULATIVE NO. OF FUNC. EVALS.:      900
 NPARAMETR:  1.3099E-01  8.1070E+00  9.4297E-01  1.0313E+00  6.7935E-02  2.0145E-02  4.4817E-01  3.1627E-01  4.6904E-03  1.3630E-01

 PARAMETER:  9.9878E-02  1.0146E-01  1.0668E-01  1.9087E-01  1.1673E-01  1.2401E-01  9.9079E-02 -1.0125E-01  1.0111E-01  1.0110E-01

 GRADIENT:  -5.2132E+00 -1.0978E+01 -2.6925E+01 -1.5981E+06  1.1749E+00  3.8916E-01  3.9826E+00  8.5876E+00 -6.3909E+00  2.5628E+00


0ITERATION NO.:   54    OBJECTIVE VALUE:   183.305811546977        NO. OF FUNC. EVALS.:  42
 CUMULATIVE NO. OF FUNC. EVALS.:      942             RESET HESSIAN, TYPE I
 NPARAMETR:  1.3079E-01  8.0958E+00  9.4237E-01  1.0298E+00  6.7903E-02  2.0136E-02  4.4799E-01  3.1614E-01  4.7165E-03  1.3589E-01

 PARAMETER:  9.8063E-02  9.9133E-02  1.0601E-01  1.8944E-01  1.1649E-01  1.2379E-01  9.8879E-02 -1.0145E-01  1.0388E-01  9.9588E-02

 GRADIENT:  -3.0710E+00  1.1191E+01 -8.7899E+00 -3.6341E-01  1.2287E+00  6.0906E-01  2.3467E+00  4.4075E+00 -6.3449E+00  2.2489E+00


0ITERATION NO.:   55    OBJECTIVE VALUE:   183.304227643148        NO. OF FUNC. EVALS.:  10
 CUMULATIVE NO. OF FUNC. EVALS.:      952
 NPARAMETR:  1.3083E-01  8.0939E+00  9.4238E-01  1.0297E+00  6.7899E-02  2.0135E-02  4.4796E-01  3.1612E-01  4.7193E-03  1.3585E-01

 PARAMETER:  9.8367E-02  9.8739E-02  1.0602E-01  1.8931E-01  1.1646E-01  1.2377E-01  9.8839E-02 -1.0148E-01  1.0419E-01  9.9437E-02

 GRADIENT:  -2.9003E+00  1.0872E+01 -8.7806E+00 -3.5265E-01  1.2283E+00  6.0485E-01  2.3458E+00  4.4084E+00 -6.2855E+00  2.2622E+00


0ITERATION NO.:   56    OBJECTIVE VALUE:   183.299884473306        NO. OF FUNC. EVALS.:   9
 CUMULATIVE NO. OF FUNC. EVALS.:      961
 NPARAMETR:  1.3088E-01  8.0847E+00  9.4259E-01  1.0292E+00  6.7873E-02  2.0130E-02  4.4774E-01  3.1602E-01  4.7339E-03  1.3564E-01

 PARAMETER:  9.8868E-02  9.6829E-02  1.0626E-01  1.8875E-01  1.1627E-01  1.2366E-01  9.8592E-02 -1.0165E-01  1.0572E-01  9.8681E-02

 GRADIENT:  -2.6268E+00  9.6029E+00 -8.1750E+00  8.6634E-01  1.2189E+00  5.9088E-01  2.3425E+00  4.3894E+00 -6.0032E+00  2.3007E+00


0ITERATION NO.:   57    OBJECTIVE VALUE:   183.298789394919        NO. OF FUNC. EVALS.:   9
 CUMULATIVE NO. OF FUNC. EVALS.:      970
 NPARAMETR:  1.3099E-01  8.0699E+00  9.4302E-01  1.0278E+00  6.7825E-02  2.0123E-02  4.4731E-01  3.1583E-01  4.7589E-03  1.3529E-01

 PARAMETER:  9.9887E-02  9.3750E-02  1.0674E-01  1.8733E-01  1.1592E-01  1.2346E-01  9.8110E-02 -1.0195E-01  1.0836E-01  9.7372E-02

 GRADIENT:  -2.0708E+00  6.9645E+00 -8.4047E+00  1.4938E-01  1.2066E+00  5.2753E-01  2.3354E+00  4.4128E+00 -5.4734E+00  2.4516E+00


0ITERATION NO.:   58    OBJECTIVE VALUE:   183.293350747408        NO. OF FUNC. EVALS.:   9
 CUMULATIVE NO. OF FUNC. EVALS.:      979
 NPARAMETR:  1.3101E-01  8.0666E+00  9.4319E-01  1.0275E+00  6.7812E-02  2.0121E-02  4.4718E-01  3.1577E-01  4.7654E-03  1.3519E-01

 PARAMETER:  1.0011E-01  9.3066E-02  1.0692E-01  1.8702E-01  1.1582E-01  1.2342E-01  9.7970E-02 -1.0204E-01  1.0904E-01  9.7022E-02

 GRADIENT:  -1.9475E+00  5.2156E+00 -1.0653E+01 -4.7702E+00  1.2166E+00  4.5772E-01  2.3341E+00  4.5129E+00 -5.2629E+00  2.6271E+00


0ITERATION NO.:   59    OBJECTIVE VALUE:   183.292604091447        NO. OF FUNC. EVALS.:  10
 CUMULATIVE NO. OF FUNC. EVALS.:      989
 NPARAMETR:  1.3102E-01  8.0658E+00  9.4326E-01  1.0275E+00  6.7808E-02  2.0120E-02  4.4714E-01  3.1576E-01  4.7675E-03  1.3516E-01

 PARAMETER:  1.0017E-01  9.2890E-02  1.0700E-01  1.8700E-01  1.1579E-01  1.2340E-01  9.7925E-02 -1.0206E-01  1.0926E-01  9.6906E-02

 GRADIENT:  -1.9163E+00  5.0094E+00 -1.0758E+01 -5.0042E+00  1.2152E+00  4.5171E-01  2.3340E+00  4.5182E+00 -5.2209E+00  2.6405E+00


0ITERATION NO.:   60    OBJECTIVE VALUE:   183.274073400115        NO. OF FUNC. EVALS.:   9
 CUMULATIVE NO. OF FUNC. EVALS.:      998
 NPARAMETR:  1.3105E-01  8.0620E+00  9.4368E-01  1.0274E+00  6.7785E-02  2.0117E-02  4.4693E-01  3.1566E-01  4.7781E-03  1.3500E-01

 PARAMETER:  1.0045E-01  9.2097E-02  1.0747E-01  1.8694E-01  1.1562E-01  1.2332E-01  9.7685E-02 -1.0221E-01  1.1037E-01  9.6311E-02

 GRADIENT:  -1.7569E+00  5.9285E-01 -1.7795E+01 -2.0190E+01  1.2510E+00  2.6261E-01  2.3342E+00  4.8286E+00 -4.8019E+00  3.0883E+00


0ITERATION NO.:   61    OBJECTIVE VALUE:   183.274073400115        NO. OF FUNC. EVALS.:  18
 CUMULATIVE NO. OF FUNC. EVALS.:     1016
 NPARAMETR:  1.3105E-01  8.0620E+00  9.4368E-01  1.0274E+00  6.7785E-02  2.0117E-02  4.4693E-01  3.1566E-01  4.7781E-03  1.3500E-01

 PARAMETER:  1.0045E-01  9.2097E-02  1.0747E-01  1.8694E-01  1.1562E-01  1.2332E-01  9.7685E-02 -1.0221E-01  1.1037E-01  9.6311E-02

 GRADIENT:  -2.6073E+00  1.7825E-01 -1.7883E+01 -1.6107E+06  1.2510E+00  2.6261E-01  2.3342E+00  4.8286E+00 -4.8199E+00  3.0727E+00


0ITERATION NO.:   62    OBJECTIVE VALUE:   183.240419632934        NO. OF FUNC. EVALS.:  41
 CUMULATIVE NO. OF FUNC. EVALS.:     1057             RESET HESSIAN, TYPE I
 NPARAMETR:  1.3097E-01  8.0623E+00  9.4372E-01  1.0275E+00  6.7783E-02  2.0117E-02  4.4692E-01  3.1566E-01  4.7777E-03  1.3501E-01

 PARAMETER:  9.9727E-02  9.2176E-02  1.0751E-01  1.8698E-01  1.1560E-01  1.2333E-01  9.7677E-02 -1.0222E-01  1.1033E-01  9.6353E-02

 GRADIENT:  -2.1487E+00 -1.7362E+01 -5.1798E+01 -9.2470E+01  1.4836E+00 -5.7648E-01  2.3347E+00  6.3745E+00 -3.9773E+00  4.6875E+00


0ITERATION NO.:   63    OBJECTIVE VALUE:   183.239514821594        NO. OF FUNC. EVALS.:  13
 CUMULATIVE NO. OF FUNC. EVALS.:     1070
 NPARAMETR:  1.3098E-01  8.0624E+00  9.4372E-01  1.0275E+00  6.7782E-02  2.0117E-02  4.4692E-01  3.1565E-01  4.7777E-03  1.3501E-01

 PARAMETER:  9.9827E-02  9.2179E-02  1.0752E-01  1.8699E-01  1.1560E-01  1.2333E-01  9.7677E-02 -1.0223E-01  1.1033E-01  9.6352E-02

 GRADIENT:  -2.0929E+00 -1.8452E+01 -5.3858E+01 -9.6816E+01  1.4972E+00 -6.2630E-01  2.3348E+00  6.4700E+00 -3.9368E+00  4.7701E+00


0ITERATION NO.:   64    OBJECTIVE VALUE:   183.239514821594        NO. OF FUNC. EVALS.:  17
 CUMULATIVE NO. OF FUNC. EVALS.:     1087
 NPARAMETR:  1.3098E-01  8.0624E+00  9.4372E-01  1.0275E+00  6.7782E-02  2.0117E-02  4.4692E-01  3.1565E-01  4.7777E-03  1.3501E-01

 PARAMETER:  9.9827E-02  9.2179E-02  1.0752E-01  1.8699E-01  1.1560E-01  1.2333E-01  9.7677E-02 -1.0223E-01  1.1033E-01  9.6352E-02

 GRADIENT:  -2.9392E+00 -1.8868E+01 -5.3944E+01 -1.6690E+06  1.4972E+00 -6.2630E-01  2.3348E+00  6.4700E+00 -3.9549E+00  4.7545E+00


0ITERATION NO.:   65    OBJECTIVE VALUE:   183.238835357542        NO. OF FUNC. EVALS.:  48
 CUMULATIVE NO. OF FUNC. EVALS.:     1135             RESET HESSIAN, TYPE I
 NPARAMETR:  1.3098E-01  8.0624E+00  9.4372E-01  1.0275E+00  6.7718E-02  2.0117E-02  4.4692E-01  3.1565E-01  4.7777E-03  1.3501E-01

 PARAMETER:  9.9797E-02  9.2178E-02  1.0752E-01  1.8699E-01  1.1513E-01  1.2333E-01  9.7677E-02 -1.0223E-01  1.1033E-01  9.6352E-02

 GRADIENT:  -2.1091E+00 -1.8614E+01 -5.4164E+01 -9.7459E+01  1.4455E+00 -6.3339E-01  2.3345E+00  6.4842E+00 -3.9339E+00  4.7793E+00


0ITERATION NO.:   66    OBJECTIVE VALUE:   183.238594899206        NO. OF FUNC. EVALS.:  14
 CUMULATIVE NO. OF FUNC. EVALS.:     1149
 NPARAMETR:  1.3098E-01  8.0624E+00  9.4372E-01  1.0275E+00  6.7693E-02  2.0117E-02  4.4692E-01  3.1565E-01  4.7777E-03  1.3501E-01

 PARAMETER:  9.9805E-02  9.2178E-02  1.0752E-01  1.8699E-01  1.1494E-01  1.2333E-01  9.7677E-02 -1.0223E-01  1.1033E-01  9.6352E-02

 GRADIENT:  -2.1045E+00 -1.8672E+01 -5.4276E+01 -9.7692E+01  1.4252E+00 -6.3584E-01  2.3344E+00  6.4894E+00 -3.9329E+00  4.7826E+00


0ITERATION NO.:   67    OBJECTIVE VALUE:   183.238187147308        NO. OF FUNC. EVALS.:   9
 CUMULATIVE NO. OF FUNC. EVALS.:     1158
 NPARAMETR:  1.3108E-01  8.0624E+00  9.4372E-01  1.0275E+00  6.7339E-02  2.0117E-02  4.4692E-01  3.1559E-01  4.7777E-03  1.3501E-01

 PARAMETER:  1.0073E-01  9.2178E-02  1.0752E-01  1.8699E-01  1.1232E-01  1.2333E-01  9.7677E-02 -1.0232E-01  1.1033E-01  9.6352E-02

 GRADIENT:  -1.5626E+00 -1.7172E+01 -5.1509E+01 -9.1844E+01  1.1047E+00 -5.5968E-01  2.3331E+00  6.3586E+00 -4.0030E+00  4.6578E+00


0ITERATION NO.:   68    OBJECTIVE VALUE:   183.237817777759        NO. OF FUNC. EVALS.:   9
 CUMULATIVE NO. OF FUNC. EVALS.:     1167
 NPARAMETR:  1.3114E-01  8.0624E+00  9.4372E-01  1.0275E+00  6.7059E-02  2.0117E-02  4.4692E-01  3.1551E-01  4.7777E-03  1.3501E-01

 PARAMETER:  1.0130E-01  9.2178E-02  1.0752E-01  1.8699E-01  1.1024E-01  1.2333E-01  9.7677E-02 -1.0246E-01  1.1033E-01  9.6352E-02

 GRADIENT:  -1.2282E+00 -1.6640E+01 -5.0552E+01 -8.9827E+01  8.5750E-01 -5.3042E-01  2.3323E+00  6.3118E+00 -4.0311E+00  4.6122E+00


0ITERATION NO.:   69    OBJECTIVE VALUE:   183.237749574416        NO. OF FUNC. EVALS.:   9
 CUMULATIVE NO. OF FUNC. EVALS.:     1176
 NPARAMETR:  1.3117E-01  8.0624E+00  9.4372E-01  1.0275E+00  6.6926E-02  2.0117E-02  4.4692E-01  3.1544E-01  4.7777E-03  1.3501E-01

 PARAMETER:  1.0158E-01  9.2178E-02  1.0752E-01  1.8700E-01  1.0924E-01  1.2333E-01  9.7677E-02 -1.0257E-01  1.1033E-01  9.6351E-02

 GRADIENT:  -1.0629E+00 -1.6444E+01 -5.0205E+01 -8.9103E+01  7.3961E-01 -5.1904E-01  2.3321E+00  6.2941E+00 -4.0405E+00  4.5971E+00


0ITERATION NO.:   70    OBJECTIVE VALUE:   183.237626727896        NO. OF FUNC. EVALS.:   9
 CUMULATIVE NO. OF FUNC. EVALS.:     1185
 NPARAMETR:  1.3120E-01  8.0624E+00  9.4372E-01  1.0275E+00  6.6781E-02  2.0117E-02  4.4692E-01  3.1533E-01  4.7777E-03  1.3501E-01

 PARAMETER:  1.0188E-01  9.2178E-02  1.0752E-01  1.8700E-01  1.0816E-01  1.2333E-01  9.7678E-02 -1.0273E-01  1.1033E-01  9.6351E-02

 GRADIENT:  -8.8612E-01 -1.6338E+01 -5.0034E+01 -8.8759E+01  6.1252E-01 -5.1169E-01  2.3321E+00  6.2837E+00 -4.0444E+00  4.5919E+00


0ITERATION NO.:   71    OBJECTIVE VALUE:   183.237444629797        NO. OF FUNC. EVALS.:   9
 CUMULATIVE NO. OF FUNC. EVALS.:     1194
 NPARAMETR:  1.3123E-01  8.0624E+00  9.4372E-01  1.0275E+00  6.6621E-02  2.0117E-02  4.4692E-01  3.1518E-01  4.7777E-03  1.3501E-01

 PARAMETER:  1.0220E-01  9.2178E-02  1.0752E-01  1.8700E-01  1.0696E-01  1.2333E-01  9.7678E-02 -1.0298E-01  1.1033E-01  9.6351E-02

 GRADIENT:  -6.9230E-01 -1.6342E+01 -5.0076E+01 -8.8877E+01  4.7325E-01 -5.0919E-01  2.3323E+00  6.2822E+00 -4.0412E+00  4.5990E+00


0ITERATION NO.:   72    OBJECTIVE VALUE:   183.237185849684        NO. OF FUNC. EVALS.:   9
 CUMULATIVE NO. OF FUNC. EVALS.:     1203
 NPARAMETR:  1.3127E-01  8.0624E+00  9.4372E-01  1.0275E+00  6.6443E-02  2.0117E-02  4.4692E-01  3.1496E-01  4.7777E-03  1.3501E-01

 PARAMETER:  1.0257E-01  9.2178E-02  1.0752E-01  1.8700E-01  1.0563E-01  1.2333E-01  9.7678E-02 -1.0333E-01  1.1033E-01  9.6351E-02

 GRADIENT:  -4.7799E-01 -1.6498E+01 -5.0411E+01 -8.9629E+01  3.1910E-01 -5.1339E-01  2.3328E+00  6.2930E+00 -4.0283E+00  4.6230E+00


0ITERATION NO.:   73    OBJECTIVE VALUE:   183.236838185789        NO. OF FUNC. EVALS.:   9
 CUMULATIVE NO. OF FUNC. EVALS.:     1212
 NPARAMETR:  1.3132E-01  8.0624E+00  9.4372E-01  1.0275E+00  6.6242E-02  2.0117E-02  4.4692E-01  3.1465E-01  4.7777E-03  1.3501E-01

 PARAMETER:  1.0297E-01  9.2177E-02  1.0752E-01  1.8701E-01  1.0411E-01  1.2333E-01  9.7678E-02 -1.0381E-01  1.1033E-01  9.6350E-02

 GRADIENT:  -2.3746E-01 -1.6866E+01 -5.1155E+01 -9.1266E+01  1.4599E-01 -5.2700E-01  2.3337E+00  6.3212E+00 -4.0019E+00  4.6707E+00


0ITERATION NO.:   74    OBJECTIVE VALUE:   183.236399492716        NO. OF FUNC. EVALS.:   9
 CUMULATIVE NO. OF FUNC. EVALS.:     1221
 NPARAMETR:  1.3136E-01  8.0624E+00  9.4372E-01  1.0275E+00  6.6009E-02  2.0117E-02  4.4692E-01  3.1423E-01  4.7777E-03  1.3501E-01

 PARAMETER:  1.0343E-01  9.2177E-02  1.0752E-01  1.8701E-01  1.0235E-01  1.2333E-01  9.7679E-02 -1.0448E-01  1.1033E-01  9.6350E-02

 GRADIENT:   3.7593E-02 -1.7541E+01 -5.2494E+01 -9.4192E+01 -5.2051E-02 -5.5436E-01  2.3353E+00  6.3748E+00 -3.9556E+00  4.7529E+00


0ITERATION NO.:   75    OBJECTIVE VALUE:   183.235901324735        NO. OF FUNC. EVALS.:   9
 CUMULATIVE NO. OF FUNC. EVALS.:     1230
 NPARAMETR:  1.3142E-01  8.0624E+00  9.4373E-01  1.0275E+00  6.5732E-02  2.0117E-02  4.4692E-01  3.1364E-01  4.7777E-03  1.3501E-01

 PARAMETER:  1.0397E-01  9.2176E-02  1.0752E-01  1.8702E-01  1.0024E-01  1.2333E-01  9.7679E-02 -1.0542E-01  1.1033E-01  9.6349E-02

 GRADIENT:   3.6091E-01 -1.8693E+01 -5.4753E+01 -9.9110E+01 -2.8480E-01 -6.0308E-01  2.3376E+00  6.4682E+00 -3.8784E+00  4.8886E+00


0ITERATION NO.:   76    OBJECTIVE VALUE:   183.235475148540        NO. OF FUNC. EVALS.:   9
 CUMULATIVE NO. OF FUNC. EVALS.:     1239
 NPARAMETR:  1.3149E-01  8.0623E+00  9.4373E-01  1.0275E+00  6.5387E-02  2.0117E-02  4.4692E-01  3.1280E-01  4.7777E-03  1.3501E-01

 PARAMETER:  1.0464E-01  9.2176E-02  1.0752E-01  1.8704E-01  9.7614E-02  1.2333E-01  9.7680E-02 -1.0676E-01  1.1033E-01  9.6348E-02

 GRADIENT:   7.5802E-01 -2.0660E+01 -5.8585E+01 -1.0743E+02 -5.7033E-01 -6.8849E-01  2.3412E+00  6.6309E+00 -3.7478E+00  5.1157E+00


0ITERATION NO.:   77    OBJECTIVE VALUE:   183.235280999485        NO. OF FUNC. EVALS.:   9
 CUMULATIVE NO. OF FUNC. EVALS.:     1248
 NPARAMETR:  1.3154E-01  8.0623E+00  9.4373E-01  1.0275E+00  6.5153E-02  2.0117E-02  4.4692E-01  3.1216E-01  4.7777E-03  1.3501E-01

 PARAMETER:  1.0508E-01  9.2175E-02  1.0752E-01  1.8705E-01  9.5819E-02  1.2333E-01  9.7681E-02 -1.0779E-01  1.1033E-01  9.6347E-02

 GRADIENT:   1.0227E+00 -2.2419E+01 -6.1998E+01 -1.1484E+02 -7.6059E-01 -7.6622E-01  2.3441E+00  6.7788E+00 -3.6319E+00  5.3163E+00


0ITERATION NO.:   78    OBJECTIVE VALUE:   183.235115317372        NO. OF FUNC. EVALS.:  10
 CUMULATIVE NO. OF FUNC. EVALS.:     1258
 NPARAMETR:  1.3158E-01  8.0623E+00  9.4373E-01  1.0275E+00  6.4969E-02  2.0117E-02  4.4692E-01  3.1161E-01  4.7777E-03  1.3501E-01

 PARAMETER:  1.0542E-01  9.2175E-02  1.0753E-01  1.8706E-01  9.4402E-02  1.2333E-01  9.7682E-02 -1.0867E-01  1.1033E-01  9.6346E-02

 GRADIENT:   1.2256E+00 -2.4134E+01 -6.5319E+01 -1.2203E+02 -9.0669E-01 -8.4286E-01  2.3468E+00  6.9249E+00 -3.5194E+00  5.5101E+00


0ITERATION NO.:   79    OBJECTIVE VALUE:   183.234982772696        NO. OF FUNC. EVALS.:  10
 CUMULATIVE NO. OF FUNC. EVALS.:     1268
 NPARAMETR:  1.3161E-01  8.0623E+00  9.4373E-01  1.0275E+00  6.4802E-02  2.0117E-02  4.4692E-01  3.1108E-01  4.7777E-03  1.3501E-01

 PARAMETER:  1.0572E-01  9.2174E-02  1.0753E-01  1.8707E-01  9.3115E-02  1.2332E-01  9.7682E-02 -1.0953E-01  1.1033E-01  9.6345E-02

 GRADIENT:   1.4053E+00 -2.5970E+01 -6.8870E+01 -1.2972E+02 -1.0359E+00 -9.2557E-01  2.3494E+00  7.0828E+00 -3.3994E+00  5.7164E+00


0ITERATION NO.:   80    OBJECTIVE VALUE:   183.234963367185        NO. OF FUNC. EVALS.:  14
 CUMULATIVE NO. OF FUNC. EVALS.:     1282
 NPARAMETR:  1.3162E-01  8.0623E+00  9.4373E-01  1.0275E+00  6.4739E-02  2.0117E-02  4.4692E-01  3.1087E-01  4.7777E-03  1.3501E-01

 PARAMETER:  1.0583E-01  9.2174E-02  1.0753E-01  1.8707E-01  9.2631E-02  1.2332E-01  9.7683E-02 -1.0986E-01  1.1033E-01  9.6345E-02

 GRADIENT:   1.4720E+00 -2.6721E+01 -7.0322E+01 -1.3286E+02 -1.0838E+00 -9.5952E-01  2.3504E+00  7.1479E+00 -3.3503E+00  5.8006E+00


0ITERATION NO.:   81    OBJECTIVE VALUE:   183.234963367185        NO. OF FUNC. EVALS.:  21
 CUMULATIVE NO. OF FUNC. EVALS.:     1303
 NPARAMETR:  1.3162E-01  8.0623E+00  9.4373E-01  1.0275E+00  6.4739E-02  2.0117E-02  4.4692E-01  3.1087E-01  4.7777E-03  1.3501E-01

 PARAMETER:  1.0583E-01  9.2174E-02  1.0753E-01  1.8707E-01  9.2631E-02  1.2332E-01  9.7683E-02 -1.0986E-01  1.1033E-01  9.6345E-02

 GRADIENT:   5.7642E-01 -2.7137E+01 -7.0407E+01 -1.6769E+06 -1.0838E+00 -9.5952E-01  2.3504E+00  7.1479E+00 -3.3684E+00  5.7850E+00


0ITERATION NO.:   82    OBJECTIVE VALUE:   183.223983330591        NO. OF FUNC. EVALS.:  39
 CUMULATIVE NO. OF FUNC. EVALS.:     1342             RESET HESSIAN, TYPE I
 NPARAMETR:  1.3139E-01  8.0623E+00  9.4373E-01  1.0275E+00  6.4762E-02  2.0118E-02  4.4691E-01  3.1085E-01  4.7778E-03  1.3501E-01

 PARAMETER:  1.0371E-01  9.2168E-02  1.0752E-01  1.8706E-01  9.2807E-02  1.2335E-01  9.7663E-02 -1.0989E-01  1.1034E-01  9.6339E-02

 GRADIENT:   1.7914E-01 -3.0559E+01 -7.7514E+01 -1.4811E+02 -9.9428E-01 -1.1460E+00  2.3506E+00  7.4910E+00 -3.1840E+00  6.1113E+00


0ITERATION NO.:   83    OBJECTIVE VALUE:   183.216882154598        NO. OF FUNC. EVALS.:   9
 CUMULATIVE NO. OF FUNC. EVALS.:     1351
 NPARAMETR:  1.3133E-01  8.0623E+00  9.4373E-01  1.0275E+00  6.4914E-02  2.0120E-02  4.4689E-01  3.1054E-01  4.7778E-03  1.3501E-01

 PARAMETER:  1.0310E-01  9.2167E-02  1.0752E-01  1.8707E-01  9.3979E-02  1.2340E-01  9.7649E-02 -1.1039E-01  1.1034E-01  9.6338E-02

 GRADIENT:  -2.1758E-01 -3.5244E+01 -8.6415E+01 -1.6709E+02 -7.8823E-01 -1.3652E+00  2.3533E+00  7.9110E+00 -2.9438E+00  6.5413E+00


0ITERATION NO.:   84    OBJECTIVE VALUE:   183.216882154598        NO. OF FUNC. EVALS.:  22
 CUMULATIVE NO. OF FUNC. EVALS.:     1373
 NPARAMETR:  1.3133E-01  8.0623E+00  9.4373E-01  1.0275E+00  6.4914E-02  2.0120E-02  4.4689E-01  3.1054E-01  4.7778E-03  1.3501E-01

 PARAMETER:  1.0310E-01  9.2167E-02  1.0752E-01  1.8707E-01  9.3979E-02  1.2340E-01  9.7649E-02 -1.1039E-01  1.1034E-01  9.6338E-02

 GRADIENT:  -1.0900E+00 -3.5660E+01 -8.6499E+01 -1.7007E+06 -7.8823E-01 -1.3652E+00  2.3533E+00  7.9110E+00 -2.9619E+00  6.5257E+00


0ITERATION NO.:   85    OBJECTIVE VALUE:   183.216882154598        NO. OF FUNC. EVALS.:  31
 CUMULATIVE NO. OF FUNC. EVALS.:     1404
 NPARAMETR:  1.3133E-01  8.0623E+00  9.4373E-01  1.0275E+00  6.4914E-02  2.0120E-02  4.4689E-01  3.1054E-01  4.7778E-03  1.3501E-01

 PARAMETER:  1.0310E-01  9.2167E-02  1.0752E-01  1.8707E-01  9.3979E-02  1.2340E-01  9.7649E-02 -1.1039E-01  1.1034E-01  9.6338E-02

 GRADIENT:  -1.2505E+04  3.5313E+03  3.2943E+03  1.9023E+03 -6.4474E+03  1.0456E+04 -1.2917E+04  5.8393E+03 -3.2185E+03  3.5470E+03


 #TERM:
0MINIMIZATION SUCCESSFUL
 HOWEVER, PROBLEMS OCCURRED WITH THE MINIMIZATION.
 REGARD THE RESULTS OF THE ESTIMATION STEP CAREFULLY, AND ACCEPT THEM ONLY
 AFTER CHECKING THAT THE COVARIANCE STEP PRODUCES REASONABLE OUTPUT.
 NO. OF FUNCTION EVALUATIONS USED:     1404
 NO. OF SIG. DIGITS IN FINAL EST.:  3.3

 ETABAR IS THE ARITHMETIC MEAN OF THE ETA-ESTIMATES,
 AND THE P-VALUE IS GIVEN FOR THE NULL HYPOTHESIS THAT THE TRUE MEAN IS 0.

 ETABAR:        -2.6661E-03  1.0985E-03  5.3402E-02  2.4632E-03
 SE:             4.4527E-02  2.2054E-02  5.9686E-02  4.0370E-02
 N:                      32          32          32          32

 P VAL.:         9.5225E-01  9.6027E-01  3.7095E-01  9.5135E-01

 ETAshrink(%):   1.0000E-10  1.0641E+01  4.8685E+01  5.8364E+01
 EBVshrink(%):   2.2220E+00  1.1156E+01  4.2961E+01  4.9626E+01
 EPSshrink(%):   1.5902E+01  1.5215E+01

 #TERE:
 Elapsed estimation time in seconds:    12.56
1
 
 
 
 
 
 
 
 
 
 
 
 
 
 
 
 
 
 
 
 
 ************************************************************************************************************************
 ********************                                                                                ********************
 ********************               FIRST ORDER CONDITIONAL ESTIMATION WITH INTERACTION              ********************
 #OBJT:**************                       MINIMUM VALUE OF OBJECTIVE FUNCTION                      ********************
 ********************                                                                                ********************
 ************************************************************************************************************************
 





 #OBJV:********************************************      183.217       **************************************************
1
 ************************************************************************************************************************
 ********************                                                                                ********************
 ********************               FIRST ORDER CONDITIONAL ESTIMATION WITH INTERACTION              ********************
 ********************                             FINAL PARAMETER ESTIMATE                           ********************
 ********************                                                                                ********************
 ************************************************************************************************************************
 


 THETA - VECTOR OF FIXED EFFECTS PARAMETERS   *********


         TH 1      TH 2      TH 3      TH 4     
 
         1.31E-01  8.06E+00  9.44E-01  1.03E+00
 


 OMEGA - COV MATRIX FOR RANDOM EFFECTS - ETAS  ********


            ETA1      ETA2      ETA3      ETA4   
 
 ETA1
+        6.49E-02
 
 ETA2
+        0.00E+00  2.01E-02
 
 ETA3
+        0.00E+00  0.00E+00  4.47E-01
 
 ETA4
+        0.00E+00  0.00E+00  0.00E+00  3.11E-01
 


 SIGMA - COV MATRIX FOR RANDOM EFFECTS - EPSILONS  ****


            EPS1      EPS2   
 
 EPS1
+        4.78E-03
 
 EPS2
+        0.00E+00  1.35E-01
 
1


 OMEGA - CORR MATRIX FOR RANDOM EFFECTS - ETAS  *******


            ETA1      ETA2      ETA3      ETA4   
 
 ETA1
+        2.55E-01
 
 ETA2
+        0.00E+00  1.42E-01
 
 ETA3
+        0.00E+00  0.00E+00  6.69E-01
 
 ETA4
+        0.00E+00  0.00E+00  0.00E+00  5.57E-01
 


 SIGMA - CORR MATRIX FOR RANDOM EFFECTS - EPSILONS  ***


            EPS1      EPS2   
 
 EPS1
+        6.91E-02
 
 EPS2
+        0.00E+00  3.67E-01
 
 #CPUT: Total CPU Time in Seconds,       11.263
Stop Time: 
Mon 30/03/2015 
02:43 p.m.
start 30/03/2015
end   30/03/2015
exe  nmtcl
user 0:2.73
real 0:2.73
sys  0:0
start 30/03/2015
end   30/03/2015
exe  nonmem
user 0:12.92
real 0:12.92
sys  0:0
