Mon 30/03/2015 
04:01 p.m.
$PROB WARFARIN PKPD

;O'REILLY RA, AGGELER PM. STUDIES ON COUMARIN ANTICOAGULANT DRUGS
;INITIATION OF WARFARIN THERAPY WITHOUT A LOADING DOSE.
;CIRCULATION 1968;38:169-177
;
;O'REILLY RA, AGGELER PM, LEONG LS. STUDIES OF THE COUMARIN ANTICOAGULANT
;DRUGS: THE PHARMACODYNAMICS OF WARFARIN IN MAN.
;JOURNAL OF CLINICAL INVESTIGATION 1963;42(10):1542-1551

$INPUT ID TIME WT AGE SEX DVID DV MDV EVID CMTX AMT
$DATA ..\ka1_to_emax1_simln.csv

;$EST MAX=9990 NSIG=3 SIGL=9 PRINT=1
;METHOD=COND INTER NOABORT
;$COV

$THETA
(0.01,0.131,1) FIX ; POP_CL L/H/70KG
(0.01,8.06,20) FIX ; POP_V L/70KG
(0.01,0.944,24) FIX ; POP_TABS H
(0.01,1.03,24) FIX ; POP_LAG H
$OMEGA
0.0649 FIX ; PPV_CL
0.0201 FIX ; PPV_V
0.447 FIX ; PPV_TABS
0.311 FIX ; PPV_LAG
$SIGMA 0.00478 FIX ; RUV_CV
$SIGMA 0.135 FIX ; RUV_SD MG/L

$THETA
(0.01,96.2,200) ; POP_E0
(-INF,-73.5,0) ; POP_EMAX
(0.01,0.164,100) ; POP_C50
$OMEGA
0.00025 ; PPV_E0
0.00101 ; PPV_EMAX
1.15 ; PPV_C50
$SIGMA 56.1 ; RUV_FX

$SUBR ADVAN2 TRAN2

$PK
OBS=DV
   IF (NEWIND.EQ.0) LN2=LOG(2)

   FSZV=WT/70
   FSZCL=FSZV**0.75

   CL=FSZCL*THETA(1)*EXP(ETA(1))
   V=FSZV*THETA(2)*EXP(ETA(2))
   TABS=THETA(3)*EXP(ETA(3))
   TLAG=THETA(4)*EXP(ETA(4))

   KA=LN2/TABS
   ALAG1=TLAG
   S2=V

   E0=THETA(5)*EXP(ETA(5))
   EMAX=THETA(6)*EXP(ETA(6))
   C50=THETA(7)*EXP(ETA(7))

   DLTA=E0+EMAX

$ERROR

   CP=A(2)/S2
   PCA=E0 + EMAX*CP/(C50+CP)
   IF (DVID.LE.1) THEN
      Y=CP*(1+ERR(1)) + ERR(2)
   ENDIF
   IF (DVID.EQ.2) THEN
      Y=PCA + ERR(3)
   ENDIF

   CE=CP

; SIMULATION START
REP=IREP
$TABLE REP ID TIME DV PRED OBS MDV DVID WT AGE SEX
NOAPPEND ONEHEADER NOPRINT FILE=ka1_im_emax_est.fit
$SIM (20150330) ONLYSIM NSUB=100
; SIMULATION END
  
NM-TRAN MESSAGES 
  
 WARNINGS AND ERRORS (IF ANY) FOR PROBLEM    1
             
 (WARNING  2) NM-TRAN INFERS THAT THE DATA ARE POPULATION.
             
 (WARNING  3) THERE MAY BE AN ERROR IN THE ABBREVIATED CODE. THE FOLLOWING
 ONE OR MORE RANDOM VARIABLES ARE DEFINED WITH "IF" STATEMENTS THAT DO NOT
 PROVIDE DEFINITIONS FOR BOTH THE "THEN" AND "ELSE" CASES. IF ALL
 CONDITIONS FAIL, THE VALUES OF THESE VARIABLES WILL BE ZERO.
  
   Y

License Registered to: University of Auckland - School of Medicine
Expiration Date:    14 NOV 2015
Current Date:       30 MAR 2015
Days until program expires : 224
1NONLINEAR MIXED EFFECTS MODEL PROGRAM (NONMEM) VERSION 7.3.0
 ORIGINALLY DEVELOPED BY STUART BEAL, LEWIS SHEINER, AND ALISON BOECKMANN
 CURRENT DEVELOPERS ARE ROBERT BAUER, ICON DEVELOPMENT SOLUTIONS,
 AND ALISON BOECKMANN. IMPLEMENTATION, EFFICIENCY, AND STANDARDIZATION
 PERFORMED BY NOUS INFOSYSTEMS.

 PROBLEM NO.:         1
 WARFARIN PKPD
0DATA CHECKOUT RUN:              NO
 DATA SET LOCATED ON UNIT NO.:    2
 THIS UNIT TO BE REWOUND:        NO
 NO. OF DATA RECS IN DATA SET:      526
 NO. OF DATA ITEMS IN DATA SET:  11
 ID DATA ITEM IS DATA ITEM NO.:   1
 DEP VARIABLE IS DATA ITEM NO.:   7
 MDV DATA ITEM IS DATA ITEM NO.:  8
0INDICES PASSED TO SUBROUTINE PRED:
   9   2  11   0   0   0   0   0   0   0   0
0LABELS FOR DATA ITEMS:
 ID TIME WT AGE SEX DVID DV MDV EVID CMTX AMT
0(NONBLANK) LABELS FOR PRED-DEFINED ITEMS:
 OBS REP
0FORMAT FOR DATA:
 (E3.0,E4.0,E5.0,E3.0,2E2.0,E10.0,3E2.0,E5.0)

 TOT. NO. OF OBS RECS:      483
 TOT. NO. OF INDIVIDUALS:     32
0LENGTH OF THETA:   7
0DEFAULT THETA BOUNDARY TEST OMITTED:    NO
0OMEGA HAS BLOCK FORM:
  1
  0  2
  0  0  3
  0  0  0  4
  0  0  0  0  5
  0  0  0  0  0  6
  0  0  0  0  0  0  7
0DEFAULT OMEGA BOUNDARY TEST OMITTED:    NO
0SIGMA HAS BLOCK FORM:
  1
  0  2
  0  0  3
0DEFAULT SIGMA BOUNDARY TEST OMITTED:    NO
0INITIAL ESTIMATE OF THETA:
 LOWER BOUND    INITIAL EST    UPPER BOUND
  0.1310E+00     0.1310E+00     0.1310E+00
  0.8060E+01     0.8060E+01     0.8060E+01
  0.9440E+00     0.9440E+00     0.9440E+00
  0.1030E+01     0.1030E+01     0.1030E+01
  0.1000E-01     0.9620E+02     0.2000E+03
 -0.1000E+07    -0.7350E+02     0.0000E+00
  0.1000E-01     0.1640E+00     0.1000E+03
0INITIAL ESTIMATE OF OMEGA:
 BLOCK SET NO.   BLOCK                                                                    FIXED
        1                                                                                  YES
                  0.6490E-01
        2                                                                                  YES
                  0.2010E-01
        3                                                                                  YES
                  0.4470E+00
        4                                                                                  YES
                  0.3110E+00
        5                                                                                   NO
                  0.2500E-03
        6                                                                                   NO
                  0.1010E-02
        7                                                                                   NO
                  0.1150E+01
0INITIAL ESTIMATE OF SIGMA:
 BLOCK SET NO.   BLOCK                                                                    FIXED
        1                                                                                  YES
                  0.4780E-02
        2                                                                                  YES
                  0.1350E+00
        3                                                                                   NO
                  0.5610E+02
0SIMULATION STEP OMITTED:    NO
 OBJ FUNC EVALUATED:         NO
0SIMULATION RANDOM METHOD SELECTED (RANMETHOD): DEFAULT
 SOURCE   1:
   SEED1:      20150330   SEED2:             0   PSEUDO-NORMAL
 NUMBER OF SUBPROBLEMS:  100
0TABLES STEP OMITTED:    NO
 NO. OF TABLES:           1
 SEED NUMBER (SEED):    11456
 RANMETHOD:
 MC SAMPLES (ESEED):    300
 WRES SQUARE ROOT TYPE:            EIGENVALUE
0-- TABLE   1 --
04 COLUMNS APPENDED:     NO
 PRINTED:                NO
 HEADER:                YES
 FILE TO BE FORWARDED:   NO
 FORMAT:                S1PE11.4
 LFORMAT:
 RFORMAT:
0USER-CHOSEN ITEMS:
 REP ID TIME DV PRED OBS MDV DVID WT AGE SEX
1DOUBLE PRECISION PREDPP VERSION 7.3.0

 ONE COMPARTMENT MODEL WITH FIRST-ORDER ABSORPTION (ADVAN2)
0MAXIMUM NO. OF BASIC PK PARAMETERS:   3
0BASIC PK PARAMETERS (AFTER TRANSLATION):
   ELIMINATION RATE (K) IS BASIC PK PARAMETER NO.:  1
   ABSORPTION RATE (KA) IS BASIC PK PARAMETER NO.:  3

 TRANSLATOR WILL CONVERT PARAMETERS
 CLEARANCE (CL) AND VOLUME (V) TO K (TRANS2)
0COMPARTMENT ATTRIBUTES
 COMPT. NO.   FUNCTION   INITIAL    ON/OFF      DOSE      DEFAULT    DEFAULT
                         STATUS     ALLOWED    ALLOWED    FOR DOSE   FOR OBS.
    1         DEPOT        OFF        YES        YES        YES        NO
    2         CENTRAL      ON         NO         YES        NO         YES
    3         OUTPUT       OFF        YES        NO         NO         NO
1
 ADDITIONAL PK PARAMETERS - ASSIGNMENT OF ROWS IN GG
 COMPT. NO.                             INDICES
              SCALE      BIOAVAIL.   ZERO-ORDER  ZERO-ORDER  ABSORB
                         FRACTION    RATE        DURATION    LAG
    1            *           *           *           *           4
    2            5           *           *           *           *
    3            *           -           -           -           -
             - PARAMETER IS NOT ALLOWED FOR THIS MODEL
             * PARAMETER IS NOT SUPPLIED BY PK SUBROUTINE;
               WILL DEFAULT TO ONE IF APPLICABLE
0DATA ITEM INDICES USED BY PRED ARE:
   EVENT ID DATA ITEM IS DATA ITEM NO.:      9
   TIME DATA ITEM IS DATA ITEM NO.:          2
   DOSE AMOUNT DATA ITEM IS DATA ITEM NO.:  11

0PK SUBROUTINE CALLED WITH EVERY EVENT RECORD.
 PK SUBROUTINE NOT CALLED AT NONEVENT (ADDITIONAL OR LAGGED) DOSE TIMES.
0ERROR SUBROUTINE CALLED WITH EVERY EVENT RECORD.
0ERROR SUBROUTINE INDICATES THAT DERIVATIVES OF COMPARTMENT AMOUNTS ARE USED.
1
 PROBLEM NO.:         1     SUBPROBLEM NO.:      1

 SIMULATION STEP PERFORMED
 SOURCE  1:
    SEED1:    1168144870   SEED2:             0
 ESTIMATION STEP OMITTED:                 YES 
  
1
 PROBLEM NO.:         1     SUBPROBLEM NO.:      2

 SIMULATION STEP PERFORMED
 SOURCE  1:
    SEED1:    1983864215   SEED2:             0
 ESTIMATION STEP OMITTED:                 YES 
  
1
 PROBLEM NO.:         1     SUBPROBLEM NO.:      3

 SIMULATION STEP PERFORMED
 SOURCE  1:
    SEED1:    1820175120   SEED2:             0
 ESTIMATION STEP OMITTED:                 YES 
  
1
 PROBLEM NO.:         1     SUBPROBLEM NO.:      4

 SIMULATION STEP PERFORMED
 SOURCE  1:
    SEED1:    1569322806   SEED2:             0
 ESTIMATION STEP OMITTED:                 YES 
  
1
 PROBLEM NO.:         1     SUBPROBLEM NO.:      5

 SIMULATION STEP PERFORMED
 SOURCE  1:
    SEED1:     933007111   SEED2:             0
 ESTIMATION STEP OMITTED:                 YES 
  
1
 PROBLEM NO.:         1     SUBPROBLEM NO.:      6

 SIMULATION STEP PERFORMED
 SOURCE  1:
    SEED1:    1823403588   SEED2:             0
 ESTIMATION STEP OMITTED:                 YES 
  
1
 PROBLEM NO.:         1     SUBPROBLEM NO.:      7

 SIMULATION STEP PERFORMED
 SOURCE  1:
    SEED1:     634619687   SEED2:             0
 ESTIMATION STEP OMITTED:                 YES 
  
1
 PROBLEM NO.:         1     SUBPROBLEM NO.:      8

 SIMULATION STEP PERFORMED
 SOURCE  1:
    SEED1:    1255190142   SEED2:             0
 ESTIMATION STEP OMITTED:                 YES 
  
1
 PROBLEM NO.:         1     SUBPROBLEM NO.:      9

 SIMULATION STEP PERFORMED
 SOURCE  1:
    SEED1:    2043341887   SEED2:             0
 ESTIMATION STEP OMITTED:                 YES 
  
1
 PROBLEM NO.:         1     SUBPROBLEM NO.:     10

 SIMULATION STEP PERFORMED
 SOURCE  1:
    SEED1:     331840413   SEED2:             0
 ESTIMATION STEP OMITTED:                 YES 
  
1
 PROBLEM NO.:         1     SUBPROBLEM NO.:     11

 SIMULATION STEP PERFORMED
 SOURCE  1:
    SEED1:    1285099175   SEED2:             0
 ESTIMATION STEP OMITTED:                 YES 
  
1
 PROBLEM NO.:         1     SUBPROBLEM NO.:     12

 SIMULATION STEP PERFORMED
 SOURCE  1:
    SEED1:    2135289229   SEED2:             0
 ESTIMATION STEP OMITTED:                 YES 
  
1
 PROBLEM NO.:         1     SUBPROBLEM NO.:     13

 SIMULATION STEP PERFORMED
 SOURCE  1:
    SEED1:    1394515345   SEED2:             0
 ESTIMATION STEP OMITTED:                 YES 
  
1
 PROBLEM NO.:         1     SUBPROBLEM NO.:     14

 SIMULATION STEP PERFORMED
 SOURCE  1:
    SEED1:    1323685086   SEED2:             0
 ESTIMATION STEP OMITTED:                 YES 
  
1
 PROBLEM NO.:         1     SUBPROBLEM NO.:     15

 SIMULATION STEP PERFORMED
 SOURCE  1:
    SEED1:    2090295775   SEED2:             0
 ESTIMATION STEP OMITTED:                 YES 
  
1
 PROBLEM NO.:         1     SUBPROBLEM NO.:     16

 SIMULATION STEP PERFORMED
 SOURCE  1:
    SEED1:    1019211452   SEED2:             0
 ESTIMATION STEP OMITTED:                 YES 
  
1
 PROBLEM NO.:         1     SUBPROBLEM NO.:     17

 SIMULATION STEP PERFORMED
 SOURCE  1:
    SEED1:    1128840941   SEED2:             0
 ESTIMATION STEP OMITTED:                 YES 
  
1
 PROBLEM NO.:         1     SUBPROBLEM NO.:     18

 SIMULATION STEP PERFORMED
 SOURCE  1:
    SEED1:    1024688065   SEED2:             0
 ESTIMATION STEP OMITTED:                 YES 
  
1
 PROBLEM NO.:         1     SUBPROBLEM NO.:     19

 SIMULATION STEP PERFORMED
 SOURCE  1:
    SEED1:      71384829   SEED2:             0
 ESTIMATION STEP OMITTED:                 YES 
  
1
 PROBLEM NO.:         1     SUBPROBLEM NO.:     20

 SIMULATION STEP PERFORMED
 SOURCE  1:
    SEED1:     411797540   SEED2:             0
 ESTIMATION STEP OMITTED:                 YES 
  
1
 PROBLEM NO.:         1     SUBPROBLEM NO.:     21

 SIMULATION STEP PERFORMED
 SOURCE  1:
    SEED1:    1796992953   SEED2:             0
 ESTIMATION STEP OMITTED:                 YES 
  
1
 PROBLEM NO.:         1     SUBPROBLEM NO.:     22

 SIMULATION STEP PERFORMED
 SOURCE  1:
    SEED1:    1033575660   SEED2:             0
 ESTIMATION STEP OMITTED:                 YES 
  
1
 PROBLEM NO.:         1     SUBPROBLEM NO.:     23

 SIMULATION STEP PERFORMED
 SOURCE  1:
    SEED1:    1753280842   SEED2:             0
 ESTIMATION STEP OMITTED:                 YES 
  
1
 PROBLEM NO.:         1     SUBPROBLEM NO.:     24

 SIMULATION STEP PERFORMED
 SOURCE  1:
    SEED1:    1476621128   SEED2:             0
 ESTIMATION STEP OMITTED:                 YES 
  
1
 PROBLEM NO.:         1     SUBPROBLEM NO.:     25

 SIMULATION STEP PERFORMED
 SOURCE  1:
    SEED1:     617184014   SEED2:             0
 ESTIMATION STEP OMITTED:                 YES 
  
1
 PROBLEM NO.:         1     SUBPROBLEM NO.:     26

 SIMULATION STEP PERFORMED
 SOURCE  1:
    SEED1:     542352776   SEED2:             0
 ESTIMATION STEP OMITTED:                 YES 
  
1
 PROBLEM NO.:         1     SUBPROBLEM NO.:     27

 SIMULATION STEP PERFORMED
 SOURCE  1:
    SEED1:     466765940   SEED2:             0
 ESTIMATION STEP OMITTED:                 YES 
  
1
 PROBLEM NO.:         1     SUBPROBLEM NO.:     28

 SIMULATION STEP PERFORMED
 SOURCE  1:
    SEED1:    2127690672   SEED2:             0
 ESTIMATION STEP OMITTED:                 YES 
  
1
 PROBLEM NO.:         1     SUBPROBLEM NO.:     29

 SIMULATION STEP PERFORMED
 SOURCE  1:
    SEED1:     256642623   SEED2:             0
 ESTIMATION STEP OMITTED:                 YES 
  
1
 PROBLEM NO.:         1     SUBPROBLEM NO.:     30

 SIMULATION STEP PERFORMED
 SOURCE  1:
    SEED1:     525628376   SEED2:             0
 ESTIMATION STEP OMITTED:                 YES 
  
1
 PROBLEM NO.:         1     SUBPROBLEM NO.:     31

 SIMULATION STEP PERFORMED
 SOURCE  1:
    SEED1:     865996113   SEED2:             0
 ESTIMATION STEP OMITTED:                 YES 
  
1
 PROBLEM NO.:         1     SUBPROBLEM NO.:     32

 SIMULATION STEP PERFORMED
 SOURCE  1:
    SEED1:      25598938   SEED2:             0
 ESTIMATION STEP OMITTED:                 YES 
  
1
 PROBLEM NO.:         1     SUBPROBLEM NO.:     33

 SIMULATION STEP PERFORMED
 SOURCE  1:
    SEED1:    2021640430   SEED2:             0
 ESTIMATION STEP OMITTED:                 YES 
  
1
 PROBLEM NO.:         1     SUBPROBLEM NO.:     34

 SIMULATION STEP PERFORMED
 SOURCE  1:
    SEED1:     691817663   SEED2:             0
 ESTIMATION STEP OMITTED:                 YES 
  
1
 PROBLEM NO.:         1     SUBPROBLEM NO.:     35

 SIMULATION STEP PERFORMED
 SOURCE  1:
    SEED1:     997654278   SEED2:             0
 ESTIMATION STEP OMITTED:                 YES 
  
1
 PROBLEM NO.:         1     SUBPROBLEM NO.:     36

 SIMULATION STEP PERFORMED
 SOURCE  1:
    SEED1:     659644549   SEED2:             0
 ESTIMATION STEP OMITTED:                 YES 
  
1
 PROBLEM NO.:         1     SUBPROBLEM NO.:     37

 SIMULATION STEP PERFORMED
 SOURCE  1:
    SEED1:    1944025542   SEED2:             0
 ESTIMATION STEP OMITTED:                 YES 
  
1
 PROBLEM NO.:         1     SUBPROBLEM NO.:     38

 SIMULATION STEP PERFORMED
 SOURCE  1:
    SEED1:    1250258455   SEED2:             0
 ESTIMATION STEP OMITTED:                 YES 
  
1
 PROBLEM NO.:         1     SUBPROBLEM NO.:     39

 SIMULATION STEP PERFORMED
 SOURCE  1:
    SEED1:      46180732   SEED2:             0
 ESTIMATION STEP OMITTED:                 YES 
  
1
 PROBLEM NO.:         1     SUBPROBLEM NO.:     40

 SIMULATION STEP PERFORMED
 SOURCE  1:
    SEED1:     323259073   SEED2:             0
 ESTIMATION STEP OMITTED:                 YES 
  
1
 PROBLEM NO.:         1     SUBPROBLEM NO.:     41

 SIMULATION STEP PERFORMED
 SOURCE  1:
    SEED1:    1503163310   SEED2:             0
 ESTIMATION STEP OMITTED:                 YES 
  
1
 PROBLEM NO.:         1     SUBPROBLEM NO.:     42

 SIMULATION STEP PERFORMED
 SOURCE  1:
    SEED1:    1552427260   SEED2:             0
 ESTIMATION STEP OMITTED:                 YES 
  
1
 PROBLEM NO.:         1     SUBPROBLEM NO.:     43

 SIMULATION STEP PERFORMED
 SOURCE  1:
    SEED1:    1747419905   SEED2:             0
 ESTIMATION STEP OMITTED:                 YES 
  
1
 PROBLEM NO.:         1     SUBPROBLEM NO.:     44

 SIMULATION STEP PERFORMED
 SOURCE  1:
    SEED1:    1663282425   SEED2:             0
 ESTIMATION STEP OMITTED:                 YES 
  
1
 PROBLEM NO.:         1     SUBPROBLEM NO.:     45

 SIMULATION STEP PERFORMED
 SOURCE  1:
    SEED1:    1510268940   SEED2:             0
 ESTIMATION STEP OMITTED:                 YES 
  
1
 PROBLEM NO.:         1     SUBPROBLEM NO.:     46

 SIMULATION STEP PERFORMED
 SOURCE  1:
    SEED1:     240853907   SEED2:             0
 ESTIMATION STEP OMITTED:                 YES 
  
1
 PROBLEM NO.:         1     SUBPROBLEM NO.:     47

 SIMULATION STEP PERFORMED
 SOURCE  1:
    SEED1:    1614980765   SEED2:             0
 ESTIMATION STEP OMITTED:                 YES 
  
1
 PROBLEM NO.:         1     SUBPROBLEM NO.:     48

 SIMULATION STEP PERFORMED
 SOURCE  1:
    SEED1:    1707142173   SEED2:             0
 ESTIMATION STEP OMITTED:                 YES 
  
1
 PROBLEM NO.:         1     SUBPROBLEM NO.:     49

 SIMULATION STEP PERFORMED
 SOURCE  1:
    SEED1:    1051986563   SEED2:             0
 ESTIMATION STEP OMITTED:                 YES 
  
1
 PROBLEM NO.:         1     SUBPROBLEM NO.:     50

 SIMULATION STEP PERFORMED
 SOURCE  1:
    SEED1:     817108610   SEED2:             0
 ESTIMATION STEP OMITTED:                 YES 
  
1
 PROBLEM NO.:         1     SUBPROBLEM NO.:     51

 SIMULATION STEP PERFORMED
 SOURCE  1:
    SEED1:    1098031669   SEED2:             0
 ESTIMATION STEP OMITTED:                 YES 
  
1
 PROBLEM NO.:         1     SUBPROBLEM NO.:     52

 SIMULATION STEP PERFORMED
 SOURCE  1:
    SEED1:    1662315416   SEED2:             0
 ESTIMATION STEP OMITTED:                 YES 
  
1
 PROBLEM NO.:         1     SUBPROBLEM NO.:     53

 SIMULATION STEP PERFORMED
 SOURCE  1:
    SEED1:     148008188   SEED2:             0
 ESTIMATION STEP OMITTED:                 YES 
  
1
 PROBLEM NO.:         1     SUBPROBLEM NO.:     54

 SIMULATION STEP PERFORMED
 SOURCE  1:
    SEED1:     526184652   SEED2:             0
 ESTIMATION STEP OMITTED:                 YES 
  
1
 PROBLEM NO.:         1     SUBPROBLEM NO.:     55

 SIMULATION STEP PERFORMED
 SOURCE  1:
    SEED1:    1700324267   SEED2:             0
 ESTIMATION STEP OMITTED:                 YES 
  
1
 PROBLEM NO.:         1     SUBPROBLEM NO.:     56

 SIMULATION STEP PERFORMED
 SOURCE  1:
    SEED1:    2073395431   SEED2:             0
 ESTIMATION STEP OMITTED:                 YES 
  
1
 PROBLEM NO.:         1     SUBPROBLEM NO.:     57

 SIMULATION STEP PERFORMED
 SOURCE  1:
    SEED1:    2131651737   SEED2:             0
 ESTIMATION STEP OMITTED:                 YES 
  
1
 PROBLEM NO.:         1     SUBPROBLEM NO.:     58

 SIMULATION STEP PERFORMED
 SOURCE  1:
    SEED1:    1490587865   SEED2:             0
 ESTIMATION STEP OMITTED:                 YES 
  
1
 PROBLEM NO.:         1     SUBPROBLEM NO.:     59

 SIMULATION STEP PERFORMED
 SOURCE  1:
    SEED1:     108341470   SEED2:             0
 ESTIMATION STEP OMITTED:                 YES 
  
1
 PROBLEM NO.:         1     SUBPROBLEM NO.:     60

 SIMULATION STEP PERFORMED
 SOURCE  1:
    SEED1:    2100667047   SEED2:             0
 ESTIMATION STEP OMITTED:                 YES 
  
1
 PROBLEM NO.:         1     SUBPROBLEM NO.:     61

 SIMULATION STEP PERFORMED
 SOURCE  1:
    SEED1:     104481048   SEED2:             0
 ESTIMATION STEP OMITTED:                 YES 
  
1
 PROBLEM NO.:         1     SUBPROBLEM NO.:     62

 SIMULATION STEP PERFORMED
 SOURCE  1:
    SEED1:    1918432912   SEED2:             0
 ESTIMATION STEP OMITTED:                 YES 
  
1
 PROBLEM NO.:         1     SUBPROBLEM NO.:     63

 SIMULATION STEP PERFORMED
 SOURCE  1:
    SEED1:     700515585   SEED2:             0
 ESTIMATION STEP OMITTED:                 YES 
  
1
 PROBLEM NO.:         1     SUBPROBLEM NO.:     64

 SIMULATION STEP PERFORMED
 SOURCE  1:
    SEED1:     949117711   SEED2:             0
 ESTIMATION STEP OMITTED:                 YES 
  
1
 PROBLEM NO.:         1     SUBPROBLEM NO.:     65

 SIMULATION STEP PERFORMED
 SOURCE  1:
    SEED1:     449830475   SEED2:             0
 ESTIMATION STEP OMITTED:                 YES 
  
1
 PROBLEM NO.:         1     SUBPROBLEM NO.:     66

 SIMULATION STEP PERFORMED
 SOURCE  1:
    SEED1:    1130730746   SEED2:             0
 ESTIMATION STEP OMITTED:                 YES 
  
1
 PROBLEM NO.:         1     SUBPROBLEM NO.:     67

 SIMULATION STEP PERFORMED
 SOURCE  1:
    SEED1:    1401601831   SEED2:             0
 ESTIMATION STEP OMITTED:                 YES 
  
1
 PROBLEM NO.:         1     SUBPROBLEM NO.:     68

 SIMULATION STEP PERFORMED
 SOURCE  1:
    SEED1:    1738334881   SEED2:             0
 ESTIMATION STEP OMITTED:                 YES 
  
1
 PROBLEM NO.:         1     SUBPROBLEM NO.:     69

 SIMULATION STEP PERFORMED
 SOURCE  1:
    SEED1:    2141478358   SEED2:             0
 ESTIMATION STEP OMITTED:                 YES 
  
1
 PROBLEM NO.:         1     SUBPROBLEM NO.:     70

 SIMULATION STEP PERFORMED
 SOURCE  1:
    SEED1:     248047237   SEED2:             0
 ESTIMATION STEP OMITTED:                 YES 
  
1
 PROBLEM NO.:         1     SUBPROBLEM NO.:     71

 SIMULATION STEP PERFORMED
 SOURCE  1:
    SEED1:    1215128274   SEED2:             0
 ESTIMATION STEP OMITTED:                 YES 
  
1
 PROBLEM NO.:         1     SUBPROBLEM NO.:     72

 SIMULATION STEP PERFORMED
 SOURCE  1:
    SEED1:     393852344   SEED2:             0
 ESTIMATION STEP OMITTED:                 YES 
  
1
 PROBLEM NO.:         1     SUBPROBLEM NO.:     73

 SIMULATION STEP PERFORMED
 SOURCE  1:
    SEED1:     796153433   SEED2:             0
 ESTIMATION STEP OMITTED:                 YES 
  
1
 PROBLEM NO.:         1     SUBPROBLEM NO.:     74

 SIMULATION STEP PERFORMED
 SOURCE  1:
    SEED1:    1263474210   SEED2:             0
 ESTIMATION STEP OMITTED:                 YES 
  
1
 PROBLEM NO.:         1     SUBPROBLEM NO.:     75

 SIMULATION STEP PERFORMED
 SOURCE  1:
    SEED1:    1098126756   SEED2:             0
 ESTIMATION STEP OMITTED:                 YES 
  
1
 PROBLEM NO.:         1     SUBPROBLEM NO.:     76

 SIMULATION STEP PERFORMED
 SOURCE  1:
    SEED1:    1019967591   SEED2:             0
 ESTIMATION STEP OMITTED:                 YES 
  
1
 PROBLEM NO.:         1     SUBPROBLEM NO.:     77

 SIMULATION STEP PERFORMED
 SOURCE  1:
    SEED1:    1117262757   SEED2:             0
 ESTIMATION STEP OMITTED:                 YES 
  
1
 PROBLEM NO.:         1     SUBPROBLEM NO.:     78

 SIMULATION STEP PERFORMED
 SOURCE  1:
    SEED1:     412764664   SEED2:             0
 ESTIMATION STEP OMITTED:                 YES 
  
1
 PROBLEM NO.:         1     SUBPROBLEM NO.:     79

 SIMULATION STEP PERFORMED
 SOURCE  1:
    SEED1:     143932581   SEED2:             0
 ESTIMATION STEP OMITTED:                 YES 
  
1
 PROBLEM NO.:         1     SUBPROBLEM NO.:     80

 SIMULATION STEP PERFORMED
 SOURCE  1:
    SEED1:     347685692   SEED2:             0
 ESTIMATION STEP OMITTED:                 YES 
  
1
 PROBLEM NO.:         1     SUBPROBLEM NO.:     81

 SIMULATION STEP PERFORMED
 SOURCE  1:
    SEED1:     379788769   SEED2:             0
 ESTIMATION STEP OMITTED:                 YES 
  
1
 PROBLEM NO.:         1     SUBPROBLEM NO.:     82

 SIMULATION STEP PERFORMED
 SOURCE  1:
    SEED1:    1790692767   SEED2:             0
 ESTIMATION STEP OMITTED:                 YES 
  
1
 PROBLEM NO.:         1     SUBPROBLEM NO.:     83

 SIMULATION STEP PERFORMED
 SOURCE  1:
    SEED1:    1212143387   SEED2:             0
 ESTIMATION STEP OMITTED:                 YES 
  
1
 PROBLEM NO.:         1     SUBPROBLEM NO.:     84

 SIMULATION STEP PERFORMED
 SOURCE  1:
    SEED1:    1617181947   SEED2:             0
 ESTIMATION STEP OMITTED:                 YES 
  
1
 PROBLEM NO.:         1     SUBPROBLEM NO.:     85

 SIMULATION STEP PERFORMED
 SOURCE  1:
    SEED1:     848801647   SEED2:             0
 ESTIMATION STEP OMITTED:                 YES 
  
1
 PROBLEM NO.:         1     SUBPROBLEM NO.:     86

 SIMULATION STEP PERFORMED
 SOURCE  1:
    SEED1:    1102327575   SEED2:             0
 ESTIMATION STEP OMITTED:                 YES 
  
1
 PROBLEM NO.:         1     SUBPROBLEM NO.:     87

 SIMULATION STEP PERFORMED
 SOURCE  1:
    SEED1:     760329544   SEED2:             0
 ESTIMATION STEP OMITTED:                 YES 
  
1
 PROBLEM NO.:         1     SUBPROBLEM NO.:     88

 SIMULATION STEP PERFORMED
 SOURCE  1:
    SEED1:     530109676   SEED2:             0
 ESTIMATION STEP OMITTED:                 YES 
  
1
 PROBLEM NO.:         1     SUBPROBLEM NO.:     89

 SIMULATION STEP PERFORMED
 SOURCE  1:
    SEED1:    1325118173   SEED2:             0
 ESTIMATION STEP OMITTED:                 YES 
  
1
 PROBLEM NO.:         1     SUBPROBLEM NO.:     90

 SIMULATION STEP PERFORMED
 SOURCE  1:
    SEED1:    1348827299   SEED2:             0
 ESTIMATION STEP OMITTED:                 YES 
  
1
 PROBLEM NO.:         1     SUBPROBLEM NO.:     91

 SIMULATION STEP PERFORMED
 SOURCE  1:
    SEED1:     768178810   SEED2:             0
 ESTIMATION STEP OMITTED:                 YES 
  
1
 PROBLEM NO.:         1     SUBPROBLEM NO.:     92

 SIMULATION STEP PERFORMED
 SOURCE  1:
    SEED1:    1815521767   SEED2:             0
 ESTIMATION STEP OMITTED:                 YES 
  
1
 PROBLEM NO.:         1     SUBPROBLEM NO.:     93

 SIMULATION STEP PERFORMED
 SOURCE  1:
    SEED1:      22804249   SEED2:             0
 ESTIMATION STEP OMITTED:                 YES 
  
1
 PROBLEM NO.:         1     SUBPROBLEM NO.:     94

 SIMULATION STEP PERFORMED
 SOURCE  1:
    SEED1:      79847328   SEED2:             0
 ESTIMATION STEP OMITTED:                 YES 
  
1
 PROBLEM NO.:         1     SUBPROBLEM NO.:     95

 SIMULATION STEP PERFORMED
 SOURCE  1:
    SEED1:     657307879   SEED2:             0
 ESTIMATION STEP OMITTED:                 YES 
  
1
 PROBLEM NO.:         1     SUBPROBLEM NO.:     96

 SIMULATION STEP PERFORMED
 SOURCE  1:
    SEED1:     564921911   SEED2:             0
 ESTIMATION STEP OMITTED:                 YES 
  
1
 PROBLEM NO.:         1     SUBPROBLEM NO.:     97

 SIMULATION STEP PERFORMED
 SOURCE  1:
    SEED1:    2131530149   SEED2:             0
 ESTIMATION STEP OMITTED:                 YES 
  
1
 PROBLEM NO.:         1     SUBPROBLEM NO.:     98

 SIMULATION STEP PERFORMED
 SOURCE  1:
    SEED1:    1452080971   SEED2:             0
 ESTIMATION STEP OMITTED:                 YES 
  
1
 PROBLEM NO.:         1     SUBPROBLEM NO.:     99

 SIMULATION STEP PERFORMED
 SOURCE  1:
    SEED1:    1082970387   SEED2:             0
 ESTIMATION STEP OMITTED:                 YES 
  
1
 PROBLEM NO.:         1     SUBPROBLEM NO.:    100

 SIMULATION STEP PERFORMED
 SOURCE  1:
    SEED1:    1156857987   SEED2:             0
 ESTIMATION STEP OMITTED:                 YES 
 #CPUT: Total CPU Time in Seconds,       12.839
Stop Time: 
Mon 30/03/2015 
04:02 p.m.
start 30/03/2015
end   30/03/2015
exe  nmtcl
user 0:2.77
real 0:2.77
sys  0:0
start 30/03/2015
end   30/03/2015
exe  nonmem
user 0:13.95
real 0:13.95
sys  0:0
