Mon 30/03/2015 
03:19 p.m.
$PROB WARFARIN PKPD

;O'REILLY RA, AGGELER PM. STUDIES ON COUMARIN ANTICOAGULANT DRUGS
;INITIATION OF WARFARIN THERAPY WITHOUT A LOADING DOSE.
;CIRCULATION 1968;38:169-177
;
;O'REILLY RA, AGGELER PM, LEONG LS. STUDIES OF THE COUMARIN ANTICOAGULANT
;DRUGS: THE PHARMACODYNAMICS OF WARFARIN IN MAN.
;JOURNAL OF CLINICAL INVESTIGATION 1963;42(10):1542-1551

$INPUT ID TIME WT AGE SEX DVID DV MDV EVID CMTX AMT
$DATA ..\ka1_to_emax1_simln.csv

$EST MAX=9990 NSIG=3 SIGL=9 PRINT=1
METHOD=COND INTER NOABORT
$COV

$THETA
(0.01,0.131,1) FIX ; POP_CL L/H/70KG
(0.01,8.06,20) FIX ; POP_V L/70KG
(0.01,0.944,24) FIX ; POP_TABS H
(0.01,1.03,24) FIX ; POP_LAG H
$OMEGA
0.0649 FIX ; PPV_CL
0.0201 FIX ; PPV_V
0.447 FIX ; PPV_TABS
0.311 FIX ; PPV_LAG
$SIGMA 0.00478 FIX ; RUV_CV
$SIGMA 0.135 FIX ; RUV_SD MG/L

$THETA
(0.01,95.9,200) ; POP_E0
-1. FIX ; POP_EMAX
(0.01,1.17,10) ; POP_C50
(0.01,13.3,100) ; POP_TEQ
$OMEGA
0.00199 ; PPV_E0
0 FIX ; PPV_EMAX
0.136 ; PPV_C50
0.0143 ; PPV_TEQ
$SIGMA
13.9 ; RUV_FX

$SUBR ADVAN13 TOL=9
$MODEL
   COMP=GUT
   COMP=CENTRAL
   COMP=PCA
$PK

   IF (NEWIND.EQ.0) LN2=LOG(2)

   FSZV=WT/70
   FSZCL=FSZV**0.75

   CL=FSZCL*THETA(1)*EXP(ETA(1))
   V=FSZV*THETA(2)*EXP(ETA(2))
   TABS=THETA(3)*EXP(ETA(3))
   TLAG=THETA(4)*EXP(ETA(4))

   E0=THETA(5)*EXP(ETA(5))
   EMAX=THETA(6)*EXP(ETA(6))
   C50=THETA(7)*EXP(ETA(7))
   TEQ=THETA(8)*EXP(ETA(8))

   KPCA=LN2/TEQ
   RPCA=E0*KPCA

   KA=LN2/TABS
   ALAG1=TLAG
   S2=V

   A_0(3)=E0
 
$DES
   RATEIN=KA*A(1)
   DCP=A(2)/S2
   DPCA=A(3)
   PD=1+EMAX*DCP/(C50+DCP)

   DADT(1)=-RATEIN
   DADT(2)=RATEIN - CL*DCP
   DADT(3)=RPCA*PD - KPCA*DPCA

$ERROR

   CP=A(2)/S2
   PCA=A(3)
   IF (DVID.LE.1) THEN
      Y=CP*(1+ERR(1)) + ERR(2)
   ENDIF
   IF (DVID.EQ.2) THEN
      Y=PCA + ERR(3)
   ENDIF
   CE=CP

$TABLE ID TIME DVID CP CE PCA Y
ETA1 ETA2 ETA3 ETA4 ETA5 ETA6 ETA7 ETA8
ONEHEADER NOPRINT FILE=ka1_to_emax1_est.fit


  
NM-TRAN MESSAGES 
  
 WARNINGS AND ERRORS (IF ANY) FOR PROBLEM    1
             
 (WARNING  2) NM-TRAN INFERS THAT THE DATA ARE POPULATION.
             
 (WARNING  3) THERE MAY BE AN ERROR IN THE ABBREVIATED CODE. THE FOLLOWING
 ONE OR MORE RANDOM VARIABLES ARE DEFINED WITH "IF" STATEMENTS THAT DO NOT
 PROVIDE DEFINITIONS FOR BOTH THE "THEN" AND "ELSE" CASES. IF ALL
 CONDITIONS FAIL, THE VALUES OF THESE VARIABLES WILL BE ZERO.
  
   Y

License Registered to: University of Auckland - School of Medicine
Expiration Date:    14 NOV 2015
Current Date:       30 MAR 2015
Days until program expires : 224
1NONLINEAR MIXED EFFECTS MODEL PROGRAM (NONMEM) VERSION 7.3.0
 ORIGINALLY DEVELOPED BY STUART BEAL, LEWIS SHEINER, AND ALISON BOECKMANN
 CURRENT DEVELOPERS ARE ROBERT BAUER, ICON DEVELOPMENT SOLUTIONS,
 AND ALISON BOECKMANN. IMPLEMENTATION, EFFICIENCY, AND STANDARDIZATION
 PERFORMED BY NOUS INFOSYSTEMS.

 PROBLEM NO.:         1
 WARFARIN PKPD
0DATA CHECKOUT RUN:              NO
 DATA SET LOCATED ON UNIT NO.:    2
 THIS UNIT TO BE REWOUND:        NO
 NO. OF DATA RECS IN DATA SET:      526
 NO. OF DATA ITEMS IN DATA SET:  11
 ID DATA ITEM IS DATA ITEM NO.:   1
 DEP VARIABLE IS DATA ITEM NO.:   7
 MDV DATA ITEM IS DATA ITEM NO.:  8
0INDICES PASSED TO SUBROUTINE PRED:
   9   2  11   0   0   0   0   0   0   0   0
0LABELS FOR DATA ITEMS:
 ID TIME WT AGE SEX DVID DV MDV EVID CMTX AMT
0(NONBLANK) LABELS FOR PRED-DEFINED ITEMS:
 CP PCA Y CE
0FORMAT FOR DATA:
 (E3.0,E4.0,E5.0,E3.0,2E2.0,E10.0,3E2.0,E5.0)

 TOT. NO. OF OBS RECS:      483
 TOT. NO. OF INDIVIDUALS:     32
0LENGTH OF THETA:   8
0DEFAULT THETA BOUNDARY TEST OMITTED:    NO
0OMEGA HAS BLOCK FORM:
  1
  0  2
  0  0  3
  0  0  0  4
  0  0  0  0  5
  0  0  0  0  0  6
  0  0  0  0  0  0  7
  0  0  0  0  0  0  0  8
0DEFAULT OMEGA BOUNDARY TEST OMITTED:    NO
0SIGMA HAS BLOCK FORM:
  1
  0  2
  0  0  3
0DEFAULT SIGMA BOUNDARY TEST OMITTED:    NO
0INITIAL ESTIMATE OF THETA:
 LOWER BOUND    INITIAL EST    UPPER BOUND
  0.1310E+00     0.1310E+00     0.1310E+00
  0.8060E+01     0.8060E+01     0.8060E+01
  0.9440E+00     0.9440E+00     0.9440E+00
  0.1030E+01     0.1030E+01     0.1030E+01
  0.1000E-01     0.9590E+02     0.2000E+03
 -0.1000E+01    -0.1000E+01    -0.1000E+01
  0.1000E-01     0.1170E+01     0.1000E+02
  0.1000E-01     0.1330E+02     0.1000E+03
0INITIAL ESTIMATE OF OMEGA:
 BLOCK SET NO.   BLOCK                                                                    FIXED
        1                                                                                  YES
                  0.6490E-01
        2                                                                                  YES
                  0.2010E-01
        3                                                                                  YES
                  0.4470E+00
        4                                                                                  YES
                  0.3110E+00
        5                                                                                   NO
                  0.1990E-02
        6                                                                                  YES
                  0.0000E+00
        7                                                                                   NO
                  0.1360E+00
        8                                                                                   NO
                  0.1430E-01
0INITIAL ESTIMATE OF SIGMA:
 BLOCK SET NO.   BLOCK                                                                    FIXED
        1                                                                                  YES
                  0.4780E-02
        2                                                                                  YES
                  0.1350E+00
        3                                                                                   NO
                  0.1390E+02
0COVARIANCE STEP OMITTED:        NO
 EIGENVLS. PRINTED:              NO
 SPECIAL COMPUTATION:            NO
 COMPRESSED FORMAT:              NO
 SIGDIGITS ETAHAT (SIGLO):                  -1
 SIGDIGITS GRADIENTS (SIGL):                -1
 RELATIVE TOLERANCE (TOL):                  -1
 ABSOLUTE TOLERANCE-ADVAN 9,13 ONLY (ATOL): -1
 EXCLUDE COV FOR FOCE (NOFCOV):              NO
 RESUME COV ANALYSIS (RESUME):               NO
0TABLES STEP OMITTED:    NO
 NO. OF TABLES:           1
 SEED NUMBER (SEED):    11456
 RANMETHOD:
 MC SAMPLES (ESEED):    300
 WRES SQUARE ROOT TYPE:            EIGENVALUE
0-- TABLE   1 --
 PRINTED:                NO
 HEADER:                YES
 FILE TO BE FORWARDED:   NO
 FORMAT:                S1PE11.4
 LFORMAT:
 RFORMAT:
0USER-CHOSEN ITEMS:
 ID TIME DVID CP CE PCA Y ETA1 ETA2 ETA3 ETA4 ETA5 ETA6 ETA7 ETA8
1DOUBLE PRECISION PREDPP VERSION 7.3.0

 GENERAL NONLINEAR KINETICS MODEL USING LSODA (ADVAN13)
0MODEL SUBROUTINE USER-SUPPLIED - ID NO. 9999
0MAXIMUM NO. OF BASIC PK PARAMETERS:   7
0COMPARTMENT ATTRIBUTES
 COMPT. NO.   FUNCTION   INITIAL    ON/OFF      DOSE      DEFAULT    DEFAULT
                         STATUS     ALLOWED    ALLOWED    FOR DOSE   FOR OBS.
    1         GUT          ON         YES        YES        YES        NO
    2         CENTRAL      ON         YES        YES        NO         YES
    3         PCA          ON         YES        YES        NO         NO
    4         OUTPUT       OFF        YES        NO         NO         NO
0NRD VALUE(S) FROM SUBROUTINE TOL:   9
1
 ADDITIONAL PK PARAMETERS - ASSIGNMENT OF ROWS IN GG
 COMPT. NO.                             INDICES
              SCALE      BIOAVAIL.   ZERO-ORDER  ZERO-ORDER  ABSORB
                         FRACTION    RATE        DURATION    LAG
    1            *           *           *           *           8
    2            9           *           *           *           *
    3            *           *           *           *           *
    4            *           -           -           -           -
             - PARAMETER IS NOT ALLOWED FOR THIS MODEL
             * PARAMETER IS NOT SUPPLIED BY PK SUBROUTINE;
               WILL DEFAULT TO ONE IF APPLICABLE
0DATA ITEM INDICES USED BY PRED ARE:
   EVENT ID DATA ITEM IS DATA ITEM NO.:      9
   TIME DATA ITEM IS DATA ITEM NO.:          2
   DOSE AMOUNT DATA ITEM IS DATA ITEM NO.:  11

0PK SUBROUTINE CALLED WITH EVERY EVENT RECORD.
 PK SUBROUTINE NOT CALLED AT NONEVENT (ADDITIONAL OR LAGGED) DOSE TIMES.
0PK SUBROUTINE INDICATES THAT COMPARTMENT AMOUNTS ARE INITIALIZED.
0ERROR SUBROUTINE CALLED WITH EVERY EVENT RECORD.
0ERROR SUBROUTINE INDICATES THAT DERIVATIVES OF COMPARTMENT AMOUNTS ARE USED.
0DES SUBROUTINE USES FULL STORAGE MODE.
1


 #TBLN:      1
 #METH: First Order Conditional Estimation with Interaction

 ESTIMATION STEP OMITTED:                 NO  
 ANALYSIS TYPE:                           POPULATION
 CONDITIONAL ESTIMATES USED:              YES 
 CENTERED ETA:                            NO  
 EPS-ETA INTERACTION:                     YES 
 LAPLACIAN OBJ. FUNC.:                    NO  
 NO. OF FUNCT. EVALS. ALLOWED:            9990
 NO. OF SIG. FIGURES REQUIRED:            3
 INTERMEDIATE PRINTOUT:                   YES 
 ESTIMATE OUTPUT TO MSF:                  NO  
 ABORT WITH PRED EXIT CODE 1:             NO  
 IND. OBJ. FUNC. VALUES SORTED:           NO  
 NUMERICAL DERIVATIVE 
       FILE REQUEST (NUMDER):             NONE
 MAP (ETAHAT) ESTIMATION METHOD (OPTMAP): 0           
 ETA HESSIAN EVALUATION METHOD (ETADER):  0           
 INITIAL ETA FOR MAP ESTIMATION (MCETA):  0           
 SIGDIGITS FOR MAP ESTIMATION (SIGLO):    9           
 GRADIENT SIGDIGITS OF 
       FIXED EFFECTS PARAMETERS (SIGL):   9           
 EXCLUDE TITLE (NOTITLE):                 NO 
 EXCLUDE COLUMN LABELS (NOLABEL):         NO 
 NOPRIOR SETTING (NOPRIOR):               OFF
 NOCOV SETTING (NOCOV):                   OFF
 DERCONT SETTING (DERCONT):               OFF
 ABSOLUTE TOLERANCE-ADVAN 9,13 ONLY(ATOL):-100        
 FINAL ETA RE-EVALUATION (FNLETA):        ON 
 EXCLUDE NON-INFLUENTIAL (NON-INFL.) ETAS 
       IN SHRINKAGE (ETASTYPE):           NO 
 NON-INFL. ETA CORRECTION (NONINFETA):    OFF
 FORMAT FOR ADDITIONAL FILES (FORMAT):    S1PE12.5
 PARAMETER ORDER FOR OUTPUTS (ORDER):     TSOL
 ADDITIONAL CONVERGENCE TEST (CTYPE=4)?:  NO
 EM OR BAYESIAN METHOD USED:                NONE


 THE FOLLOWING LABELS ARE EQUIVALENT
 PRED=PREDI
 RES=RESI
 WRES=WRESI
 IWRS=IWRESI
 IPRD=IPREDI
 IRS=IRESI

 MONITORING OF SEARCH:


0ITERATION NO.:    0    OBJECTIVE VALUE:   1279.34819761829        NO. OF FUNC. EVALS.:   6
 CUMULATIVE NO. OF FUNC. EVALS.:        6
 NPARAMETR:  9.5900E+01  1.1700E+00  1.3300E+01  1.9900E-03  1.3600E-01  1.4300E-02  1.3900E+01
 PARAMETER:  1.0000E-01  1.0000E-01  1.0000E-01  1.0000E-01  1.0000E-01  1.0000E-01  1.0000E-01
 GRADIENT:   5.6357E+00  9.4135E-02  7.0400E+00 -8.9701E-03  5.4947E-02  1.3174E-01  1.0763E+00

0ITERATION NO.:    1    OBJECTIVE VALUE:   1279.34464443265        NO. OF FUNC. EVALS.:  10
 CUMULATIVE NO. OF FUNC. EVALS.:       16
 NPARAMETR:  9.5869E+01  1.1700E+00  1.3291E+01  1.9900E-03  1.3600E-01  1.4300E-02  1.3897E+01
 PARAMETER:  9.9383E-02  9.9990E-02  9.9230E-02  1.0000E-01  9.9994E-02  9.9986E-02  9.9882E-02
 GRADIENT:   2.3190E+00 -4.7819E-02  5.2908E+00 -2.6975E-02  5.1687E-02  1.1006E-01  1.0297E+00

0ITERATION NO.:    2    OBJECTIVE VALUE:   1279.34431971762        NO. OF FUNC. EVALS.:  10
 CUMULATIVE NO. OF FUNC. EVALS.:       26
 NPARAMETR:  9.5844E+01  1.1700E+00  1.3278E+01  1.9900E-03  1.3600E-01  1.4299E-02  1.3891E+01
 PARAMETER:  9.8879E-02  1.0000E-01  9.8080E-02  1.0001E-01  9.9983E-02  9.9962E-02  9.9658E-02
 GRADIENT:  -5.1691E-01 -2.0425E-01  2.8543E+00 -3.6553E-02  5.0087E-02  7.9679E-02  9.1901E-01

0ITERATION NO.:    3    OBJECTIVE VALUE:   1279.34221677058        NO. OF FUNC. EVALS.:  10
 CUMULATIVE NO. OF FUNC. EVALS.:       36
 NPARAMETR:  9.5883E+01  1.1701E+00  1.3267E+01  1.9901E-03  1.3599E-01  1.4298E-02  1.3879E+01
 PARAMETER:  9.9666E-02  1.0013E-01  9.7175E-02  1.0003E-01  9.9959E-02  9.9929E-02  9.9239E-02
 GRADIENT:   3.0096E+00 -1.1026E-01  1.3855E+00 -2.1696E-02  5.9808E-02  5.8867E-02  6.9603E-01

0ITERATION NO.:    4    OBJECTIVE VALUE:   1279.34211245187        NO. OF FUNC. EVALS.:  10
 CUMULATIVE NO. OF FUNC. EVALS.:       46
 NPARAMETR:  9.5882E+01  1.1703E+00  1.3268E+01  1.9902E-03  1.3598E-01  1.4297E-02  1.3863E+01
 PARAMETER:  9.9641E-02  1.0034E-01  9.7215E-02  1.0005E-01  9.9911E-02  9.9894E-02  9.8667E-02
 GRADIENT:   2.9434E+00 -4.3708E-02  1.4902E+00 -3.4039E-02  5.3278E-02  4.4694E-02  3.5879E-01

0ITERATION NO.:    5    OBJECTIVE VALUE:   1279.34190754940        NO. OF FUNC. EVALS.:   8
 CUMULATIVE NO. OF FUNC. EVALS.:       54
 NPARAMETR:  9.5880E+01  1.1715E+00  1.3267E+01  1.9924E-03  1.3586E-01  1.4294E-02  1.3869E+01
 PARAMETER:  9.9600E-02  1.0145E-01  9.7169E-02  1.0060E-01  9.9493E-02  9.9787E-02  9.8866E-02
 GRADIENT:   2.8665E+00  2.7888E-01  1.4538E+00 -1.0210E-02  2.7512E-02  4.6000E-02  4.8411E-01

0ITERATION NO.:    6    OBJECTIVE VALUE:   1279.34190754940        NO. OF FUNC. EVALS.:  14
 CUMULATIVE NO. OF FUNC. EVALS.:       68
 NPARAMETR:  9.5880E+01  1.1715E+00  1.3267E+01  1.9924E-03  1.3586E-01  1.4294E-02  1.3869E+01
 PARAMETER:  9.9600E-02  1.0145E-01  9.7169E-02  1.0060E-01  9.9493E-02  9.9787E-02  9.8866E-02
 GRADIENT:   1.9550E+00  4.9018E-02  1.1234E+00 -1.0210E-02  2.7512E-02  4.6000E-02  4.3775E-01

0ITERATION NO.:    7    OBJECTIVE VALUE:   1279.34190268617        NO. OF FUNC. EVALS.:  12
 CUMULATIVE NO. OF FUNC. EVALS.:       80
 NPARAMETR:  9.5880E+01  1.1715E+00  1.3267E+01  1.9930E-03  1.3583E-01  1.4292E-02  1.3868E+01
 PARAMETER:  9.9598E-02  1.0143E-01  9.7168E-02  1.0076E-01  9.9391E-02  9.9714E-02  9.8858E-02
 GRADIENT:   1.9629E+00  5.3549E-02  1.1209E+00 -3.0354E-03  1.7356E-02  4.2209E-02  4.3478E-01

0ITERATION NO.:    8    OBJECTIVE VALUE:   1279.34186924172        NO. OF FUNC. EVALS.:  24
 CUMULATIVE NO. OF FUNC. EVALS.:      104             RESET HESSIAN, TYPE I
 NPARAMETR:  9.5877E+01  1.1714E+00  1.3266E+01  1.9922E-03  1.3578E-01  1.4290E-02  1.3868E+01
 PARAMETER:  9.9531E-02  1.0140E-01  9.7043E-02  1.0056E-01  9.9182E-02  9.9665E-02  9.8832E-02
 GRADIENT:   2.4767E+00  2.3734E-01  1.1767E+00 -1.3987E-02 -3.4549E-03  3.5994E-02  4.6179E-01

0ITERATION NO.:    9    OBJECTIVE VALUE:   1279.34186924172        NO. OF FUNC. EVALS.:  11
 CUMULATIVE NO. OF FUNC. EVALS.:      115
 NPARAMETR:  9.5877E+01  1.1714E+00  1.3266E+01  1.9922E-03  1.3578E-01  1.4290E-02  1.3868E+01
 PARAMETER:  9.9531E-02  1.0140E-01  9.7043E-02  1.0056E-01  9.9182E-02  9.9665E-02  9.8832E-02
 GRADIENT:   1.5651E+00  7.5647E-03  8.4631E-01 -1.3987E-02 -3.4549E-03  3.5994E-02  4.1544E-01

0ITERATION NO.:   10    OBJECTIVE VALUE:   1279.34182998417        NO. OF FUNC. EVALS.:  23
 CUMULATIVE NO. OF FUNC. EVALS.:      138             RESET HESSIAN, TYPE I
 NPARAMETR:  9.5881E+01  1.1714E+00  1.3267E+01  1.9914E-03  1.3570E-01  1.4296E-02  1.3869E+01
 PARAMETER:  9.9629E-02  1.0133E-01  9.7098E-02  1.0035E-01  9.8908E-02  9.9875E-02  9.8866E-02
 GRADIENT:   2.9815E+00  2.4660E-01  1.3255E+00 -1.8845E-02 -2.8630E-02  4.8015E-02  4.7661E-01

0ITERATION NO.:   11    OBJECTIVE VALUE:   1279.34182998417        NO. OF FUNC. EVALS.:   9
 CUMULATIVE NO. OF FUNC. EVALS.:      147
 NPARAMETR:  9.5881E+01  1.1714E+00  1.3267E+01  1.9914E-03  1.3570E-01  1.4296E-02  1.3869E+01
 PARAMETER:  9.9629E-02  1.0133E-01  9.7098E-02  1.0035E-01  9.8908E-02  9.9875E-02  9.8866E-02
 GRADIENT:   2.0700E+00  1.6988E-02  9.9512E-01 -1.8845E-02 -2.8630E-02  4.8015E-02  4.3025E-01

0ITERATION NO.:   12    OBJECTIVE VALUE:   1279.34182232701        NO. OF FUNC. EVALS.:  11
 CUMULATIVE NO. OF FUNC. EVALS.:      158
 NPARAMETR:  9.5879E+01  1.1715E+00  1.3266E+01  1.9916E-03  1.3572E-01  1.4295E-02  1.3867E+01
 PARAMETER:  9.9588E-02  1.0143E-01  9.7047E-02  1.0040E-01  9.8971E-02  9.9821E-02  9.8813E-02
 GRADIENT:   1.8251E+00  2.9223E-02  8.8261E-01 -2.3194E-02 -2.2178E-02  4.3310E-02  4.0496E-01

0ITERATION NO.:   13    OBJECTIVE VALUE:   1279.34182232701        NO. OF FUNC. EVALS.:  19
 CUMULATIVE NO. OF FUNC. EVALS.:      177
 NPARAMETR:  9.5879E+01  1.1714E+00  1.3266E+01  1.9915E-03  1.3569E-01  1.4295E-02  1.3867E+01
 PARAMETER:  9.9588E-02  1.0143E-01  9.7047E-02  1.0040E-01  9.8971E-02  9.9821E-02  9.8813E-02
 GRADIENT:   5.1098E-02  1.5299E-02 -8.2502E-02  2.7704E-02  1.9765E-01 -4.4940E-02 -9.2474E-03
 NUMSIGDIG:         4.1         3.0         3.7         4.0         2.9         3.6         3.9

 #TERM:
0MINIMIZATION TERMINATED
 DUE TO ROUNDING ERRORS (ERROR=134)
 NO. OF FUNCTION EVALUATIONS USED:      177
 NO. OF SIG. DIGITS IN FINAL EST.:  2.9
 ADDITIONAL PROBLEMS OCCURRED WITH THE MINIMIZATION.
 REGARD THE RESULTS OF THE ESTIMATION STEP CAREFULLY, AND ACCEPT THEM ONLY
 AFTER CHECKING THAT THE COVARIANCE STEP PRODUCES REASONABLE OUTPUT.

 ETABAR IS THE ARITHMETIC MEAN OF THE ETA-ESTIMATES,
 AND THE P-VALUE IS GIVEN FOR THE NULL HYPOTHESIS THAT THE TRUE MEAN IS 0.

 ETABAR:        -2.6138E-03  4.5169E-03  4.7712E-02  3.3038E-02  1.3194E-03  0.0000E+00  2.5229E-03 -5.7651E-05
 SE:             4.4183E-02  2.3027E-02  5.9658E-02  3.3676E-02  5.9143E-03  0.0000E+00  5.9478E-02  1.6095E-02
 N:                      32          32          32          32          32          32          32          32

 P VAL.:         9.5283E-01  8.4449E-01  4.2385E-01  3.2656E-01  8.2346E-01  1.0000E+00  9.6616E-01  9.9714E-01

 ETAshrink(%):   3.2127E-01  6.6507E+00  4.8715E+01  6.5294E+01  2.3832E+01  1.0000E+02  7.2104E+00  2.2630E+01
 EBVshrink(%):   2.1034E+00  1.0352E+01  4.3177E+01  4.9621E+01  2.5108E+01  0.0000E+00  8.0216E+00  2.3369E+01
 EPSshrink(%):   1.5003E+01  1.0000E-10  1.5829E+01

 #TERE:
 Elapsed estimation time in seconds:   138.38
1
 
 
 
 
 
 
 
 
 
 
 
 
 
 
 
 
 
 
 
 
 ************************************************************************************************************************
 ********************                                                                                ********************
 ********************               FIRST ORDER CONDITIONAL ESTIMATION WITH INTERACTION              ********************
 #OBJT:**************                       MINIMUM VALUE OF OBJECTIVE FUNCTION                      ********************
 ********************                                                                                ********************
 ************************************************************************************************************************
 





 #OBJV:********************************************     1279.342       **************************************************
1
 ************************************************************************************************************************
 ********************                                                                                ********************
 ********************               FIRST ORDER CONDITIONAL ESTIMATION WITH INTERACTION              ********************
 ********************                             FINAL PARAMETER ESTIMATE                           ********************
 ********************                                                                                ********************
 ************************************************************************************************************************
 


 THETA - VECTOR OF FIXED EFFECTS PARAMETERS   *********


         TH 1      TH 2      TH 3      TH 4      TH 5      TH 6      TH 7      TH 8     
 
         1.31E-01  8.06E+00  9.44E-01  1.03E+00  9.59E+01 -1.00E+00  1.17E+00  1.33E+01
 


 OMEGA - COV MATRIX FOR RANDOM EFFECTS - ETAS  ********


            ETA1      ETA2      ETA3      ETA4      ETA5      ETA6      ETA7      ETA8   
 
 ETA1
+        6.49E-02
 
 ETA2
+        0.00E+00  2.01E-02
 
 ETA3
+        0.00E+00  0.00E+00  4.47E-01
 
 ETA4
+        0.00E+00  0.00E+00  0.00E+00  3.11E-01
 
 ETA5
+        0.00E+00  0.00E+00  0.00E+00  0.00E+00  1.99E-03
 
 ETA6
+        0.00E+00  0.00E+00  0.00E+00  0.00E+00  0.00E+00  0.00E+00
 
 ETA7
+        0.00E+00  0.00E+00  0.00E+00  0.00E+00  0.00E+00  0.00E+00  1.36E-01
 
 ETA8
+        0.00E+00  0.00E+00  0.00E+00  0.00E+00  0.00E+00  0.00E+00  0.00E+00  1.43E-02
 


 SIGMA - COV MATRIX FOR RANDOM EFFECTS - EPSILONS  ****


            EPS1      EPS2      EPS3   
 
 EPS1
+        4.78E-03
 
 EPS2
+        0.00E+00  1.35E-01
 
 EPS3
+        0.00E+00  0.00E+00  1.39E+01
 
1


 OMEGA - CORR MATRIX FOR RANDOM EFFECTS - ETAS  *******


            ETA1      ETA2      ETA3      ETA4      ETA5      ETA6      ETA7      ETA8   
 
 ETA1
+        2.55E-01
 
 ETA2
+        0.00E+00  1.42E-01
 
 ETA3
+        0.00E+00  0.00E+00  6.69E-01
 
 ETA4
+        0.00E+00  0.00E+00  0.00E+00  5.58E-01
 
 ETA5
+        0.00E+00  0.00E+00  0.00E+00  0.00E+00  4.46E-02
 
 ETA6
+        0.00E+00  0.00E+00  0.00E+00  0.00E+00  0.00E+00  0.00E+00
 
 ETA7
+        0.00E+00  0.00E+00  0.00E+00  0.00E+00  0.00E+00  0.00E+00  3.68E-01
 
 ETA8
+        0.00E+00  0.00E+00  0.00E+00  0.00E+00  0.00E+00  0.00E+00  0.00E+00  1.20E-01
 


 SIGMA - CORR MATRIX FOR RANDOM EFFECTS - EPSILONS  ***


            EPS1      EPS2      EPS3   
 
 EPS1
+        6.91E-02
 
 EPS2
+        0.00E+00  3.67E-01
 
 EPS3
+        0.00E+00  0.00E+00  3.72E+00
 
 #CPUT: Total CPU Time in Seconds,      134.488
Stop Time: 
Mon 30/03/2015 
03:21 p.m.
start 30/03/2015
end   30/03/2015
exe  nmtcl
user 0:6.07
real 0:6.07
sys  0:0
start 30/03/2015
end   30/03/2015
exe  nonmem
user 2:20.23
real 2:20.23
sys  0:0
