Mon 30/03/2015 
02:46 p.m.
$PROB WARFARIN PKPD
;
;O'REILLY RA, AGGELER PM. STUDIES ON COUMARIN ANTICOAGULANT DRUGS
;INITIATION OF WARFARIN THERAPY WITHOUT A LOADING DOSE.
;CIRCULATION 1968;38:169-177
;
;O'REILLY RA, AGGELER PM, LEONG LS. STUDIES OF THE COUMARIN ANTICOAGULANT
;DRUGS: THE PHARMACODYNAMICS OF WARFARIN IN MAN.
;JOURNAL OF CLINICAL INVESTIGATION 1963;42(10):1542-1551
;
$INPUT ID TIME WT AGE SEX DVID DV MDV EVID CMT AMT
$DATA ..\ka1_to_emax1_simln.csv
IGNORE (DVID.EQ.2)

;$EST MAX=9990 NSIG=3 SIGL=9 PRINT=1
;METHOD=COND INTER ABORT

$THETA
(0.01,0.131,1) ; POP_CL L/H/70KG
(0.01,8.06,20) ; POP_V L/70KG
(0.01,0.944,24) ; POP_TABS H
(0.01,1.03,24) ; POP_LAG H
$OMEGA
0.0649 ; PPV_CL
0.0201 ; PPV_V
0.447 ; PPV_TABS
0.311 ; PPV_LAG
$SIGMA 0.00478 ; RUV_CV
$SIGMA 0.135 ; RUV_SD MG/L

$SUBR ADVAN2 TRAN2

$PK
OBS=DV
   IF (NEWIND.EQ.0) LN2=LOG(2)

   FSZV=WT/70
   FSZCL=FSZV**0.75

   CL=FSZCL*THETA(1)*EXP(ETA(1))
   V=FSZV*THETA(2)*EXP(ETA(2))
   TABS=THETA(3)*EXP(ETA(3))
   TLAG=THETA(4)*EXP(ETA(4))

   KA=LN2/TABS
   ALAG1=TLAG
   S2=V

$ERROR

   CP=A(2)/S2
   Y=CP*(1+ERR(1)) + ERR(2)

; SIMULATION START
REP=IREP
$TABLE REP ID TIME DV PRED OBS MDV DVID WT AGE SEX
NOAPPEND ONEHEADER NOPRINT FILE=ka1.fit
$SIM (20150330) ONLYSIM NSUB=100
; SIMULATION END
  
NM-TRAN MESSAGES 
  
 WARNINGS AND ERRORS (IF ANY) FOR PROBLEM    1
             
 (WARNING  2) NM-TRAN INFERS THAT THE DATA ARE POPULATION.
License Registered to: University of Auckland - School of Medicine
Expiration Date:    14 NOV 2015
Current Date:       30 MAR 2015
Days until program expires : 224
1NONLINEAR MIXED EFFECTS MODEL PROGRAM (NONMEM) VERSION 7.3.0
 ORIGINALLY DEVELOPED BY STUART BEAL, LEWIS SHEINER, AND ALISON BOECKMANN
 CURRENT DEVELOPERS ARE ROBERT BAUER, ICON DEVELOPMENT SOLUTIONS,
 AND ALISON BOECKMANN. IMPLEMENTATION, EFFICIENCY, AND STANDARDIZATION
 PERFORMED BY NOUS INFOSYSTEMS.

 PROBLEM NO.:         1
 WARFARIN PKPD
0DATA CHECKOUT RUN:              NO
 DATA SET LOCATED ON UNIT NO.:    2
 THIS UNIT TO BE REWOUND:        NO
 NO. OF DATA RECS IN DATA SET:      289
 NO. OF DATA ITEMS IN DATA SET:  11
 ID DATA ITEM IS DATA ITEM NO.:   1
 DEP VARIABLE IS DATA ITEM NO.:   7
 MDV DATA ITEM IS DATA ITEM NO.:  8
0INDICES PASSED TO SUBROUTINE PRED:
   9   2  11   0   0   0  10   0   0   0   0
0LABELS FOR DATA ITEMS:
 ID TIME WT AGE SEX DVID DV MDV EVID CMT AMT
0(NONBLANK) LABELS FOR PRED-DEFINED ITEMS:
 OBS REP
0FORMAT FOR DATA:
 (E3.0,E4.0,E5.0,E3.0,2E2.0,E10.0,3E2.0,E5.0)

 TOT. NO. OF OBS RECS:      251
 TOT. NO. OF INDIVIDUALS:     32
0LENGTH OF THETA:   4
0DEFAULT THETA BOUNDARY TEST OMITTED:    NO
0OMEGA HAS SIMPLE DIAGONAL FORM WITH DIMENSION:   4
0DEFAULT OMEGA BOUNDARY TEST OMITTED:    NO
0SIGMA HAS SIMPLE DIAGONAL FORM WITH DIMENSION:   2
0DEFAULT SIGMA BOUNDARY TEST OMITTED:    NO
0INITIAL ESTIMATE OF THETA:
 LOWER BOUND    INITIAL EST    UPPER BOUND
  0.1000E-01     0.1310E+00     0.1000E+01
  0.1000E-01     0.8060E+01     0.2000E+02
  0.1000E-01     0.9440E+00     0.2400E+02
  0.1000E-01     0.1030E+01     0.2400E+02
0INITIAL ESTIMATE OF OMEGA:
 0.6490E-01
 0.0000E+00   0.2010E-01
 0.0000E+00   0.0000E+00   0.4470E+00
 0.0000E+00   0.0000E+00   0.0000E+00   0.3110E+00
0INITIAL ESTIMATE OF SIGMA:
 0.4780E-02
 0.0000E+00   0.1350E+00
0SIMULATION STEP OMITTED:    NO
 OBJ FUNC EVALUATED:         NO
0SIMULATION RANDOM METHOD SELECTED (RANMETHOD): DEFAULT
 SOURCE   1:
   SEED1:      20150330   SEED2:             0   PSEUDO-NORMAL
 NUMBER OF SUBPROBLEMS:  100
0TABLES STEP OMITTED:    NO
 NO. OF TABLES:           1
 SEED NUMBER (SEED):    11456
 RANMETHOD:
 MC SAMPLES (ESEED):    300
 WRES SQUARE ROOT TYPE:            EIGENVALUE
0-- TABLE   1 --
04 COLUMNS APPENDED:     NO
 PRINTED:                NO
 HEADER:                YES
 FILE TO BE FORWARDED:   NO
 FORMAT:                S1PE11.4
 LFORMAT:
 RFORMAT:
0USER-CHOSEN ITEMS:
 REP ID TIME DV PRED OBS MDV DVID WT AGE SEX
1DOUBLE PRECISION PREDPP VERSION 7.3.0

 ONE COMPARTMENT MODEL WITH FIRST-ORDER ABSORPTION (ADVAN2)
0MAXIMUM NO. OF BASIC PK PARAMETERS:   3
0BASIC PK PARAMETERS (AFTER TRANSLATION):
   ELIMINATION RATE (K) IS BASIC PK PARAMETER NO.:  1
   ABSORPTION RATE (KA) IS BASIC PK PARAMETER NO.:  3

 TRANSLATOR WILL CONVERT PARAMETERS
 CLEARANCE (CL) AND VOLUME (V) TO K (TRANS2)
0COMPARTMENT ATTRIBUTES
 COMPT. NO.   FUNCTION   INITIAL    ON/OFF      DOSE      DEFAULT    DEFAULT
                         STATUS     ALLOWED    ALLOWED    FOR DOSE   FOR OBS.
    1         DEPOT        OFF        YES        YES        YES        NO
    2         CENTRAL      ON         NO         YES        NO         YES
    3         OUTPUT       OFF        YES        NO         NO         NO
1
 ADDITIONAL PK PARAMETERS - ASSIGNMENT OF ROWS IN GG
 COMPT. NO.                             INDICES
              SCALE      BIOAVAIL.   ZERO-ORDER  ZERO-ORDER  ABSORB
                         FRACTION    RATE        DURATION    LAG
    1            *           *           *           *           4
    2            5           *           *           *           *
    3            *           -           -           -           -
             - PARAMETER IS NOT ALLOWED FOR THIS MODEL
             * PARAMETER IS NOT SUPPLIED BY PK SUBROUTINE;
               WILL DEFAULT TO ONE IF APPLICABLE
0DATA ITEM INDICES USED BY PRED ARE:
   EVENT ID DATA ITEM IS DATA ITEM NO.:      9
   TIME DATA ITEM IS DATA ITEM NO.:          2
   DOSE AMOUNT DATA ITEM IS DATA ITEM NO.:  11
   COMPT. NO. DATA ITEM IS DATA ITEM NO.:   10

0PK SUBROUTINE CALLED WITH EVERY EVENT RECORD.
 PK SUBROUTINE NOT CALLED AT NONEVENT (ADDITIONAL OR LAGGED) DOSE TIMES.
0ERROR SUBROUTINE CALLED WITH EVERY EVENT RECORD.
0ERROR SUBROUTINE INDICATES THAT DERIVATIVES OF COMPARTMENT AMOUNTS ARE USED.
1
 PROBLEM NO.:         1     SUBPROBLEM NO.:      1

 SIMULATION STEP PERFORMED
 SOURCE  1:
    SEED1:    1998147538   SEED2:             0
 ESTIMATION STEP OMITTED:                 YES 
  
1
 PROBLEM NO.:         1     SUBPROBLEM NO.:      2

 SIMULATION STEP PERFORMED
 SOURCE  1:
    SEED1:    1098592727   SEED2:             0
 ESTIMATION STEP OMITTED:                 YES 
  
1
 PROBLEM NO.:         1     SUBPROBLEM NO.:      3

 SIMULATION STEP PERFORMED
 SOURCE  1:
    SEED1:     295392095   SEED2:             0
 ESTIMATION STEP OMITTED:                 YES 
  
1
 PROBLEM NO.:         1     SUBPROBLEM NO.:      4

 SIMULATION STEP PERFORMED
 SOURCE  1:
    SEED1:     746708385   SEED2:             0
 ESTIMATION STEP OMITTED:                 YES 
  
1
 PROBLEM NO.:         1     SUBPROBLEM NO.:      5

 SIMULATION STEP PERFORMED
 SOURCE  1:
    SEED1:    1292926024   SEED2:             0
 ESTIMATION STEP OMITTED:                 YES 
  
1
 PROBLEM NO.:         1     SUBPROBLEM NO.:      6

 SIMULATION STEP PERFORMED
 SOURCE  1:
    SEED1:     776055309   SEED2:             0
 ESTIMATION STEP OMITTED:                 YES 
  
1
 PROBLEM NO.:         1     SUBPROBLEM NO.:      7

 SIMULATION STEP PERFORMED
 SOURCE  1:
    SEED1:       9647218   SEED2:             0
 ESTIMATION STEP OMITTED:                 YES 
  
1
 PROBLEM NO.:         1     SUBPROBLEM NO.:      8

 SIMULATION STEP PERFORMED
 SOURCE  1:
    SEED1:    1714754984   SEED2:             0
 ESTIMATION STEP OMITTED:                 YES 
  
1
 PROBLEM NO.:         1     SUBPROBLEM NO.:      9

 SIMULATION STEP PERFORMED
 SOURCE  1:
    SEED1:     407884084   SEED2:             0
 ESTIMATION STEP OMITTED:                 YES 
  
1
 PROBLEM NO.:         1     SUBPROBLEM NO.:     10

 SIMULATION STEP PERFORMED
 SOURCE  1:
    SEED1:    1627673284   SEED2:             0
 ESTIMATION STEP OMITTED:                 YES 
  
1
 PROBLEM NO.:         1     SUBPROBLEM NO.:     11

 SIMULATION STEP PERFORMED
 SOURCE  1:
    SEED1:     281532619   SEED2:             0
 ESTIMATION STEP OMITTED:                 YES 
  
1
 PROBLEM NO.:         1     SUBPROBLEM NO.:     12

 SIMULATION STEP PERFORMED
 SOURCE  1:
    SEED1:     914236711   SEED2:             0
 ESTIMATION STEP OMITTED:                 YES 
  
1
 PROBLEM NO.:         1     SUBPROBLEM NO.:     13

 SIMULATION STEP PERFORMED
 SOURCE  1:
    SEED1:    1881511780   SEED2:             0
 ESTIMATION STEP OMITTED:                 YES 
  
1
 PROBLEM NO.:         1     SUBPROBLEM NO.:     14

 SIMULATION STEP PERFORMED
 SOURCE  1:
    SEED1:     168963862   SEED2:             0
 ESTIMATION STEP OMITTED:                 YES 
  
1
 PROBLEM NO.:         1     SUBPROBLEM NO.:     15

 SIMULATION STEP PERFORMED
 SOURCE  1:
    SEED1:     606766573   SEED2:             0
 ESTIMATION STEP OMITTED:                 YES 
  
1
 PROBLEM NO.:         1     SUBPROBLEM NO.:     16

 SIMULATION STEP PERFORMED
 SOURCE  1:
    SEED1:    1143095493   SEED2:             0
 ESTIMATION STEP OMITTED:                 YES 
  
1
 PROBLEM NO.:         1     SUBPROBLEM NO.:     17

 SIMULATION STEP PERFORMED
 SOURCE  1:
    SEED1:    1954639493   SEED2:             0
 ESTIMATION STEP OMITTED:                 YES 
  
1
 PROBLEM NO.:         1     SUBPROBLEM NO.:     18

 SIMULATION STEP PERFORMED
 SOURCE  1:
    SEED1:     563061322   SEED2:             0
 ESTIMATION STEP OMITTED:                 YES 
  
1
 PROBLEM NO.:         1     SUBPROBLEM NO.:     19

 SIMULATION STEP PERFORMED
 SOURCE  1:
    SEED1:    1436444214   SEED2:             0
 ESTIMATION STEP OMITTED:                 YES 
  
1
 PROBLEM NO.:         1     SUBPROBLEM NO.:     20

 SIMULATION STEP PERFORMED
 SOURCE  1:
    SEED1:     659320291   SEED2:             0
 ESTIMATION STEP OMITTED:                 YES 
  
1
 PROBLEM NO.:         1     SUBPROBLEM NO.:     21

 SIMULATION STEP PERFORMED
 SOURCE  1:
    SEED1:    1764815195   SEED2:             0
 ESTIMATION STEP OMITTED:                 YES 
  
1
 PROBLEM NO.:         1     SUBPROBLEM NO.:     22

 SIMULATION STEP PERFORMED
 SOURCE  1:
    SEED1:    1904418834   SEED2:             0
 ESTIMATION STEP OMITTED:                 YES 
  
1
 PROBLEM NO.:         1     SUBPROBLEM NO.:     23

 SIMULATION STEP PERFORMED
 SOURCE  1:
    SEED1:    1594461523   SEED2:             0
 ESTIMATION STEP OMITTED:                 YES 
  
1
 PROBLEM NO.:         1     SUBPROBLEM NO.:     24

 SIMULATION STEP PERFORMED
 SOURCE  1:
    SEED1:     180180548   SEED2:             0
 ESTIMATION STEP OMITTED:                 YES 
  
1
 PROBLEM NO.:         1     SUBPROBLEM NO.:     25

 SIMULATION STEP PERFORMED
 SOURCE  1:
    SEED1:     109776993   SEED2:             0
 ESTIMATION STEP OMITTED:                 YES 
  
1
 PROBLEM NO.:         1     SUBPROBLEM NO.:     26

 SIMULATION STEP PERFORMED
 SOURCE  1:
    SEED1:    1706730663   SEED2:             0
 ESTIMATION STEP OMITTED:                 YES 
  
1
 PROBLEM NO.:         1     SUBPROBLEM NO.:     27

 SIMULATION STEP PERFORMED
 SOURCE  1:
    SEED1:     612721323   SEED2:             0
 ESTIMATION STEP OMITTED:                 YES 
  
1
 PROBLEM NO.:         1     SUBPROBLEM NO.:     28

 SIMULATION STEP PERFORMED
 SOURCE  1:
    SEED1:     866949223   SEED2:             0
 ESTIMATION STEP OMITTED:                 YES 
  
1
 PROBLEM NO.:         1     SUBPROBLEM NO.:     29

 SIMULATION STEP PERFORMED
 SOURCE  1:
    SEED1:    1036690419   SEED2:             0
 ESTIMATION STEP OMITTED:                 YES 
  
1
 PROBLEM NO.:         1     SUBPROBLEM NO.:     30

 SIMULATION STEP PERFORMED
 SOURCE  1:
    SEED1:    1143612212   SEED2:             0
 ESTIMATION STEP OMITTED:                 YES 
  
1
 PROBLEM NO.:         1     SUBPROBLEM NO.:     31

 SIMULATION STEP PERFORMED
 SOURCE  1:
    SEED1:    1790405014   SEED2:             0
 ESTIMATION STEP OMITTED:                 YES 
  
1
 PROBLEM NO.:         1     SUBPROBLEM NO.:     32

 SIMULATION STEP PERFORMED
 SOURCE  1:
    SEED1:     429130878   SEED2:             0
 ESTIMATION STEP OMITTED:                 YES 
  
1
 PROBLEM NO.:         1     SUBPROBLEM NO.:     33

 SIMULATION STEP PERFORMED
 SOURCE  1:
    SEED1:    1593828323   SEED2:             0
 ESTIMATION STEP OMITTED:                 YES 
  
1
 PROBLEM NO.:         1     SUBPROBLEM NO.:     34

 SIMULATION STEP PERFORMED
 SOURCE  1:
    SEED1:    1193353428   SEED2:             0
 ESTIMATION STEP OMITTED:                 YES 
  
1
 PROBLEM NO.:         1     SUBPROBLEM NO.:     35

 SIMULATION STEP PERFORMED
 SOURCE  1:
    SEED1:    1763828406   SEED2:             0
 ESTIMATION STEP OMITTED:                 YES 
  
1
 PROBLEM NO.:         1     SUBPROBLEM NO.:     36

 SIMULATION STEP PERFORMED
 SOURCE  1:
    SEED1:    1846772189   SEED2:             0
 ESTIMATION STEP OMITTED:                 YES 
  
1
 PROBLEM NO.:         1     SUBPROBLEM NO.:     37

 SIMULATION STEP PERFORMED
 SOURCE  1:
    SEED1:     990172215   SEED2:             0
 ESTIMATION STEP OMITTED:                 YES 
  
1
 PROBLEM NO.:         1     SUBPROBLEM NO.:     38

 SIMULATION STEP PERFORMED
 SOURCE  1:
    SEED1:     719386162   SEED2:             0
 ESTIMATION STEP OMITTED:                 YES 
  
1
 PROBLEM NO.:         1     SUBPROBLEM NO.:     39

 SIMULATION STEP PERFORMED
 SOURCE  1:
    SEED1:    1092756928   SEED2:             0
 ESTIMATION STEP OMITTED:                 YES 
  
1
 PROBLEM NO.:         1     SUBPROBLEM NO.:     40

 SIMULATION STEP PERFORMED
 SOURCE  1:
    SEED1:    1963805961   SEED2:             0
 ESTIMATION STEP OMITTED:                 YES 
  
1
 PROBLEM NO.:         1     SUBPROBLEM NO.:     41

 SIMULATION STEP PERFORMED
 SOURCE  1:
    SEED1:    1572441973   SEED2:             0
 ESTIMATION STEP OMITTED:                 YES 
  
1
 PROBLEM NO.:         1     SUBPROBLEM NO.:     42

 SIMULATION STEP PERFORMED
 SOURCE  1:
    SEED1:    1426623641   SEED2:             0
 ESTIMATION STEP OMITTED:                 YES 
  
1
 PROBLEM NO.:         1     SUBPROBLEM NO.:     43

 SIMULATION STEP PERFORMED
 SOURCE  1:
    SEED1:    1408772572   SEED2:             0
 ESTIMATION STEP OMITTED:                 YES 
  
1
 PROBLEM NO.:         1     SUBPROBLEM NO.:     44

 SIMULATION STEP PERFORMED
 SOURCE  1:
    SEED1:    2128756217   SEED2:             0
 ESTIMATION STEP OMITTED:                 YES 
  
1
 PROBLEM NO.:         1     SUBPROBLEM NO.:     45

 SIMULATION STEP PERFORMED
 SOURCE  1:
    SEED1:    1383434941   SEED2:             0
 ESTIMATION STEP OMITTED:                 YES 
  
1
 PROBLEM NO.:         1     SUBPROBLEM NO.:     46

 SIMULATION STEP PERFORMED
 SOURCE  1:
    SEED1:    1235907140   SEED2:             0
 ESTIMATION STEP OMITTED:                 YES 
  
1
 PROBLEM NO.:         1     SUBPROBLEM NO.:     47

 SIMULATION STEP PERFORMED
 SOURCE  1:
    SEED1:     656290322   SEED2:             0
 ESTIMATION STEP OMITTED:                 YES 
  
1
 PROBLEM NO.:         1     SUBPROBLEM NO.:     48

 SIMULATION STEP PERFORMED
 SOURCE  1:
    SEED1:     985336284   SEED2:             0
 ESTIMATION STEP OMITTED:                 YES 
  
1
 PROBLEM NO.:         1     SUBPROBLEM NO.:     49

 SIMULATION STEP PERFORMED
 SOURCE  1:
    SEED1:     159554748   SEED2:             0
 ESTIMATION STEP OMITTED:                 YES 
  
1
 PROBLEM NO.:         1     SUBPROBLEM NO.:     50

 SIMULATION STEP PERFORMED
 SOURCE  1:
    SEED1:    1988510826   SEED2:             0
 ESTIMATION STEP OMITTED:                 YES 
  
1
 PROBLEM NO.:         1     SUBPROBLEM NO.:     51

 SIMULATION STEP PERFORMED
 SOURCE  1:
    SEED1:     321524735   SEED2:             0
 ESTIMATION STEP OMITTED:                 YES 
  
1
 PROBLEM NO.:         1     SUBPROBLEM NO.:     52

 SIMULATION STEP PERFORMED
 SOURCE  1:
    SEED1:    1593021032   SEED2:             0
 ESTIMATION STEP OMITTED:                 YES 
  
1
 PROBLEM NO.:         1     SUBPROBLEM NO.:     53

 SIMULATION STEP PERFORMED
 SOURCE  1:
    SEED1:     791246850   SEED2:             0
 ESTIMATION STEP OMITTED:                 YES 
  
1
 PROBLEM NO.:         1     SUBPROBLEM NO.:     54

 SIMULATION STEP PERFORMED
 SOURCE  1:
    SEED1:    1750631823   SEED2:             0
 ESTIMATION STEP OMITTED:                 YES 
  
1
 PROBLEM NO.:         1     SUBPROBLEM NO.:     55

 SIMULATION STEP PERFORMED
 SOURCE  1:
    SEED1:     814972749   SEED2:             0
 ESTIMATION STEP OMITTED:                 YES 
  
1
 PROBLEM NO.:         1     SUBPROBLEM NO.:     56

 SIMULATION STEP PERFORMED
 SOURCE  1:
    SEED1:    1286644718   SEED2:             0
 ESTIMATION STEP OMITTED:                 YES 
  
1
 PROBLEM NO.:         1     SUBPROBLEM NO.:     57

 SIMULATION STEP PERFORMED
 SOURCE  1:
    SEED1:      24677506   SEED2:             0
 ESTIMATION STEP OMITTED:                 YES 
  
1
 PROBLEM NO.:         1     SUBPROBLEM NO.:     58

 SIMULATION STEP PERFORMED
 SOURCE  1:
    SEED1:    1136506161   SEED2:             0
 ESTIMATION STEP OMITTED:                 YES 
  
1
 PROBLEM NO.:         1     SUBPROBLEM NO.:     59

 SIMULATION STEP PERFORMED
 SOURCE  1:
    SEED1:    1322252518   SEED2:             0
 ESTIMATION STEP OMITTED:                 YES 
  
1
 PROBLEM NO.:         1     SUBPROBLEM NO.:     60

 SIMULATION STEP PERFORMED
 SOURCE  1:
    SEED1:    1577988482   SEED2:             0
 ESTIMATION STEP OMITTED:                 YES 
  
1
 PROBLEM NO.:         1     SUBPROBLEM NO.:     61

 SIMULATION STEP PERFORMED
 SOURCE  1:
    SEED1:     831563911   SEED2:             0
 ESTIMATION STEP OMITTED:                 YES 
  
1
 PROBLEM NO.:         1     SUBPROBLEM NO.:     62

 SIMULATION STEP PERFORMED
 SOURCE  1:
    SEED1:    1404825133   SEED2:             0
 ESTIMATION STEP OMITTED:                 YES 
  
1
 PROBLEM NO.:         1     SUBPROBLEM NO.:     63

 SIMULATION STEP PERFORMED
 SOURCE  1:
    SEED1:    2130870850   SEED2:             0
 ESTIMATION STEP OMITTED:                 YES 
  
1
 PROBLEM NO.:         1     SUBPROBLEM NO.:     64

 SIMULATION STEP PERFORMED
 SOURCE  1:
    SEED1:     286786751   SEED2:             0
 ESTIMATION STEP OMITTED:                 YES 
  
1
 PROBLEM NO.:         1     SUBPROBLEM NO.:     65

 SIMULATION STEP PERFORMED
 SOURCE  1:
    SEED1:     675492813   SEED2:             0
 ESTIMATION STEP OMITTED:                 YES 
  
1
 PROBLEM NO.:         1     SUBPROBLEM NO.:     66

 SIMULATION STEP PERFORMED
 SOURCE  1:
    SEED1:    1099945547   SEED2:             0
 ESTIMATION STEP OMITTED:                 YES 
  
1
 PROBLEM NO.:         1     SUBPROBLEM NO.:     67

 SIMULATION STEP PERFORMED
 SOURCE  1:
    SEED1:    1035228576   SEED2:             0
 ESTIMATION STEP OMITTED:                 YES 
  
1
 PROBLEM NO.:         1     SUBPROBLEM NO.:     68

 SIMULATION STEP PERFORMED
 SOURCE  1:
    SEED1:    1926944467   SEED2:             0
 ESTIMATION STEP OMITTED:                 YES 
  
1
 PROBLEM NO.:         1     SUBPROBLEM NO.:     69

 SIMULATION STEP PERFORMED
 SOURCE  1:
    SEED1:     597469665   SEED2:             0
 ESTIMATION STEP OMITTED:                 YES 
  
1
 PROBLEM NO.:         1     SUBPROBLEM NO.:     70

 SIMULATION STEP PERFORMED
 SOURCE  1:
    SEED1:     357352237   SEED2:             0
 ESTIMATION STEP OMITTED:                 YES 
  
1
 PROBLEM NO.:         1     SUBPROBLEM NO.:     71

 SIMULATION STEP PERFORMED
 SOURCE  1:
    SEED1:    1849517810   SEED2:             0
 ESTIMATION STEP OMITTED:                 YES 
  
1
 PROBLEM NO.:         1     SUBPROBLEM NO.:     72

 SIMULATION STEP PERFORMED
 SOURCE  1:
    SEED1:     630908496   SEED2:             0
 ESTIMATION STEP OMITTED:                 YES 
  
1
 PROBLEM NO.:         1     SUBPROBLEM NO.:     73

 SIMULATION STEP PERFORMED
 SOURCE  1:
    SEED1:     441304065   SEED2:             0
 ESTIMATION STEP OMITTED:                 YES 
  
1
 PROBLEM NO.:         1     SUBPROBLEM NO.:     74

 SIMULATION STEP PERFORMED
 SOURCE  1:
    SEED1:      92171958   SEED2:             0
 ESTIMATION STEP OMITTED:                 YES 
  
1
 PROBLEM NO.:         1     SUBPROBLEM NO.:     75

 SIMULATION STEP PERFORMED
 SOURCE  1:
    SEED1:     398889771   SEED2:             0
 ESTIMATION STEP OMITTED:                 YES 
  
1
 PROBLEM NO.:         1     SUBPROBLEM NO.:     76

 SIMULATION STEP PERFORMED
 SOURCE  1:
    SEED1:    1212405125   SEED2:             0
 ESTIMATION STEP OMITTED:                 YES 
  
1
 PROBLEM NO.:         1     SUBPROBLEM NO.:     77

 SIMULATION STEP PERFORMED
 SOURCE  1:
    SEED1:    1051540862   SEED2:             0
 ESTIMATION STEP OMITTED:                 YES 
  
1
 PROBLEM NO.:         1     SUBPROBLEM NO.:     78

 SIMULATION STEP PERFORMED
 SOURCE  1:
    SEED1:     618440155   SEED2:             0
 ESTIMATION STEP OMITTED:                 YES 
  
1
 PROBLEM NO.:         1     SUBPROBLEM NO.:     79

 SIMULATION STEP PERFORMED
 SOURCE  1:
    SEED1:    1167981659   SEED2:             0
 ESTIMATION STEP OMITTED:                 YES 
  
1
 PROBLEM NO.:         1     SUBPROBLEM NO.:     80

 SIMULATION STEP PERFORMED
 SOURCE  1:
    SEED1:    1836146899   SEED2:             0
 ESTIMATION STEP OMITTED:                 YES 
  
1
 PROBLEM NO.:         1     SUBPROBLEM NO.:     81

 SIMULATION STEP PERFORMED
 SOURCE  1:
    SEED1:    1209135562   SEED2:             0
 ESTIMATION STEP OMITTED:                 YES 
  
1
 PROBLEM NO.:         1     SUBPROBLEM NO.:     82

 SIMULATION STEP PERFORMED
 SOURCE  1:
    SEED1:     275044227   SEED2:             0
 ESTIMATION STEP OMITTED:                 YES 
  
1
 PROBLEM NO.:         1     SUBPROBLEM NO.:     83

 SIMULATION STEP PERFORMED
 SOURCE  1:
    SEED1:     616849634   SEED2:             0
 ESTIMATION STEP OMITTED:                 YES 
  
1
 PROBLEM NO.:         1     SUBPROBLEM NO.:     84

 SIMULATION STEP PERFORMED
 SOURCE  1:
    SEED1:    1302828411   SEED2:             0
 ESTIMATION STEP OMITTED:                 YES 
  
1
 PROBLEM NO.:         1     SUBPROBLEM NO.:     85

 SIMULATION STEP PERFORMED
 SOURCE  1:
    SEED1:    1313874089   SEED2:             0
 ESTIMATION STEP OMITTED:                 YES 
  
1
 PROBLEM NO.:         1     SUBPROBLEM NO.:     86

 SIMULATION STEP PERFORMED
 SOURCE  1:
    SEED1:     622758993   SEED2:             0
 ESTIMATION STEP OMITTED:                 YES 
  
1
 PROBLEM NO.:         1     SUBPROBLEM NO.:     87

 SIMULATION STEP PERFORMED
 SOURCE  1:
    SEED1:    1782219471   SEED2:             0
 ESTIMATION STEP OMITTED:                 YES 
  
1
 PROBLEM NO.:         1     SUBPROBLEM NO.:     88

 SIMULATION STEP PERFORMED
 SOURCE  1:
    SEED1:    1924031259   SEED2:             0
 ESTIMATION STEP OMITTED:                 YES 
  
1
 PROBLEM NO.:         1     SUBPROBLEM NO.:     89

 SIMULATION STEP PERFORMED
 SOURCE  1:
    SEED1:     188179692   SEED2:             0
 ESTIMATION STEP OMITTED:                 YES 
  
1
 PROBLEM NO.:         1     SUBPROBLEM NO.:     90

 SIMULATION STEP PERFORMED
 SOURCE  1:
    SEED1:      27705793   SEED2:             0
 ESTIMATION STEP OMITTED:                 YES 
  
1
 PROBLEM NO.:         1     SUBPROBLEM NO.:     91

 SIMULATION STEP PERFORMED
 SOURCE  1:
    SEED1:    1295729798   SEED2:             0
 ESTIMATION STEP OMITTED:                 YES 
  
1
 PROBLEM NO.:         1     SUBPROBLEM NO.:     92

 SIMULATION STEP PERFORMED
 SOURCE  1:
    SEED1:    1893046471   SEED2:             0
 ESTIMATION STEP OMITTED:                 YES 
  
1
 PROBLEM NO.:         1     SUBPROBLEM NO.:     93

 SIMULATION STEP PERFORMED
 SOURCE  1:
    SEED1:    1409654519   SEED2:             0
 ESTIMATION STEP OMITTED:                 YES 
  
1
 PROBLEM NO.:         1     SUBPROBLEM NO.:     94

 SIMULATION STEP PERFORMED
 SOURCE  1:
    SEED1:    1842452670   SEED2:             0
 ESTIMATION STEP OMITTED:                 YES 
  
1
 PROBLEM NO.:         1     SUBPROBLEM NO.:     95

 SIMULATION STEP PERFORMED
 SOURCE  1:
    SEED1:    1376017716   SEED2:             0
 ESTIMATION STEP OMITTED:                 YES 
  
1
 PROBLEM NO.:         1     SUBPROBLEM NO.:     96

 SIMULATION STEP PERFORMED
 SOURCE  1:
    SEED1:     341277883   SEED2:             0
 ESTIMATION STEP OMITTED:                 YES 
  
1
 PROBLEM NO.:         1     SUBPROBLEM NO.:     97

 SIMULATION STEP PERFORMED
 SOURCE  1:
    SEED1:      14206382   SEED2:             0
 ESTIMATION STEP OMITTED:                 YES 
  
1
 PROBLEM NO.:         1     SUBPROBLEM NO.:     98

 SIMULATION STEP PERFORMED
 SOURCE  1:
    SEED1:     267161940   SEED2:             0
 ESTIMATION STEP OMITTED:                 YES 
  
1
 PROBLEM NO.:         1     SUBPROBLEM NO.:     99

 SIMULATION STEP PERFORMED
 SOURCE  1:
    SEED1:    1855236342   SEED2:             0
 ESTIMATION STEP OMITTED:                 YES 
  
1
 PROBLEM NO.:         1     SUBPROBLEM NO.:    100

 SIMULATION STEP PERFORMED
 SOURCE  1:
    SEED1:      85908136   SEED2:             0
 ESTIMATION STEP OMITTED:                 YES 
 #CPUT: Total CPU Time in Seconds,        8.237
Stop Time: 
Mon 30/03/2015 
02:47 p.m.
start 30/03/2015
end   30/03/2015
exe  nmtcl
user 0:2.38
real 0:2.38
sys  0:0
start 30/03/2015
end   30/03/2015
exe  nonmem
user 0:9.34
real 0:9.34
sys  0:0
